{"/home/jailuser/git/modules/absensi-harian.js": {"path":"/home/jailuser/git/modules/absensi-harian.js","statementMap":{"0":{"start":{"line":10,"column":17},"end":{"line":10,"column":55}},"1":{"start":{"line":13,"column":26},"end":{"line":13,"column":30}},"2":{"start":{"line":14,"column":21},"end":{"line":14,"column":23}},"3":{"start":{"line":15,"column":17},"end":{"line":15,"column":22}},"4":{"start":{"line":16,"column":20},"end":{"line":16,"column":24}},"5":{"start":{"line":19,"column":13},"end":{"line":24,"column":1}},"6":{"start":{"line":31,"column":20},"end":{"line":31,"column":57}},"7":{"start":{"line":32,"column":4},"end":{"line":36,"column":5}},"8":{"start":{"line":33,"column":8},"end":{"line":33,"column":59}},"9":{"start":{"line":34,"column":8},"end":{"line":34,"column":83}},"10":{"start":{"line":34,"column":38},"end":{"line":34,"column":83}},"11":{"start":{"line":35,"column":8},"end":{"line":35,"column":15}},"12":{"start":{"line":38,"column":4},"end":{"line":38,"column":19}},"13":{"start":{"line":40,"column":4},"end":{"line":163,"column":6}},"14":{"start":{"line":165,"column":4},"end":{"line":165,"column":23}},"15":{"start":{"line":172,"column":4},"end":{"line":172,"column":62}},"16":{"start":{"line":172,"column":55},"end":{"line":172,"column":62}},"17":{"start":{"line":173,"column":14},"end":{"line":173,"column":45}},"18":{"start":{"line":174,"column":4},"end":{"line":174,"column":32}},"19":{"start":{"line":175,"column":4},"end":{"line":269,"column":6}},"20":{"start":{"line":270,"column":4},"end":{"line":270,"column":33}},"21":{"start":{"line":278,"column":4},"end":{"line":278,"column":25}},"22":{"start":{"line":279,"column":4},"end":{"line":279,"column":29}},"23":{"start":{"line":280,"column":4},"end":{"line":280,"column":30}},"24":{"start":{"line":281,"column":4},"end":{"line":281,"column":39}},"25":{"start":{"line":284,"column":4},"end":{"line":284,"column":18}},"26":{"start":{"line":287,"column":29},"end":{"line":292,"column":22}},"27":{"start":{"line":294,"column":4},"end":{"line":301,"column":5}},"28":{"start":{"line":296,"column":8},"end":{"line":296,"column":39}},"29":{"start":{"line":299,"column":8},"end":{"line":299,"column":26}},"30":{"start":{"line":300,"column":8},"end":{"line":300,"column":68}},"31":{"start":{"line":306,"column":4},"end":{"line":306,"column":123}},"32":{"start":{"line":306,"column":63},"end":{"line":306,"column":122}},"33":{"start":{"line":307,"column":4},"end":{"line":307,"column":122}},"34":{"start":{"line":307,"column":65},"end":{"line":307,"column":121}},"35":{"start":{"line":310,"column":4},"end":{"line":313,"column":6}},"36":{"start":{"line":311,"column":8},"end":{"line":311,"column":26}},"37":{"start":{"line":312,"column":8},"end":{"line":312,"column":47}},"38":{"start":{"line":316,"column":4},"end":{"line":321,"column":7}},"39":{"start":{"line":317,"column":8},"end":{"line":317,"column":36}},"40":{"start":{"line":318,"column":8},"end":{"line":320,"column":16}},"41":{"start":{"line":319,"column":12},"end":{"line":319,"column":111}},"42":{"start":{"line":324,"column":4},"end":{"line":324,"column":73}},"43":{"start":{"line":325,"column":4},"end":{"line":325,"column":77}},"44":{"start":{"line":326,"column":4},"end":{"line":334,"column":6}},"45":{"start":{"line":327,"column":20},"end":{"line":327,"column":34}},"46":{"start":{"line":328,"column":8},"end":{"line":328,"column":24}},"47":{"start":{"line":328,"column":17},"end":{"line":328,"column":24}},"48":{"start":{"line":329,"column":25},"end":{"line":329,"column":124}},"49":{"start":{"line":330,"column":8},"end":{"line":333,"column":9}},"50":{"start":{"line":331,"column":25},"end":{"line":331,"column":87}},"51":{"start":{"line":331,"column":51},"end":{"line":331,"column":68}},"52":{"start":{"line":332,"column":12},"end":{"line":332,"column":41}},"53":{"start":{"line":337,"column":4},"end":{"line":337,"column":73}},"54":{"start":{"line":338,"column":4},"end":{"line":338,"column":76}},"55":{"start":{"line":341,"column":4},"end":{"line":343,"column":6}},"56":{"start":{"line":342,"column":8},"end":{"line":342,"column":57}},"57":{"start":{"line":342,"column":27},"end":{"line":342,"column":57}},"58":{"start":{"line":346,"column":4},"end":{"line":372,"column":7}},"59":{"start":{"line":347,"column":21},"end":{"line":347,"column":50}},"60":{"start":{"line":348,"column":8},"end":{"line":348,"column":26}},"61":{"start":{"line":348,"column":19},"end":{"line":348,"column":26}},"62":{"start":{"line":350,"column":21},"end":{"line":350,"column":38}},"63":{"start":{"line":351,"column":27},"end":{"line":351,"column":53}},"64":{"start":{"line":352,"column":22},"end":{"line":352,"column":23}},"65":{"start":{"line":353,"column":23},"end":{"line":353,"column":25}},"66":{"start":{"line":354,"column":22},"end":{"line":354,"column":24}},"67":{"start":{"line":357,"column":8},"end":{"line":359,"column":34}},"68":{"start":{"line":357,"column":31},"end":{"line":357,"column":53}},"69":{"start":{"line":358,"column":13},"end":{"line":359,"column":34}},"70":{"start":{"line":358,"column":35},"end":{"line":358,"column":56}},"71":{"start":{"line":359,"column":13},"end":{"line":359,"column":34}},"72":{"start":{"line":362,"column":20},"end":{"line":362,"column":62}},"73":{"start":{"line":362,"column":43},"end":{"line":362,"column":61}},"74":{"start":{"line":363,"column":24},"end":{"line":363,"column":50}},"75":{"start":{"line":364,"column":8},"end":{"line":364,"column":47}},"76":{"start":{"line":367,"column":8},"end":{"line":367,"column":35}},"77":{"start":{"line":368,"column":8},"end":{"line":368,"column":34}},"78":{"start":{"line":371,"column":8},"end":{"line":371,"column":49}},"79":{"start":{"line":371,"column":30},"end":{"line":371,"column":49}},"80":{"start":{"line":377,"column":4},"end":{"line":377,"column":38}},"81":{"start":{"line":378,"column":4},"end":{"line":378,"column":22}},"82":{"start":{"line":381,"column":18},"end":{"line":381,"column":64}},"83":{"start":{"line":382,"column":4},"end":{"line":382,"column":207}},"84":{"start":{"line":385,"column":29},"end":{"line":385,"column":135}},"85":{"start":{"line":386,"column":4},"end":{"line":392,"column":5}},"86":{"start":{"line":387,"column":8},"end":{"line":387,"column":70}},"87":{"start":{"line":388,"column":8},"end":{"line":388,"column":83}},"88":{"start":{"line":389,"column":8},"end":{"line":389,"column":93}},"89":{"start":{"line":390,"column":8},"end":{"line":390,"column":70}},"90":{"start":{"line":391,"column":8},"end":{"line":391,"column":82}},"91":{"start":{"line":395,"column":4},"end":{"line":395,"column":33}},"92":{"start":{"line":396,"column":4},"end":{"line":396,"column":34}},"93":{"start":{"line":397,"column":4},"end":{"line":397,"column":70}},"94":{"start":{"line":400,"column":4},"end":{"line":400,"column":33}},"95":{"start":{"line":405,"column":20},"end":{"line":405,"column":57}},"96":{"start":{"line":408,"column":42},"end":{"line":413,"column":6}},"97":{"start":{"line":415,"column":21},"end":{"line":415,"column":36}},"98":{"start":{"line":416,"column":20},"end":{"line":416,"column":35}},"99":{"start":{"line":417,"column":20},"end":{"line":417,"column":35}},"100":{"start":{"line":418,"column":19},"end":{"line":418,"column":39}},"101":{"start":{"line":421,"column":21},"end":{"line":421,"column":23}},"102":{"start":{"line":422,"column":4},"end":{"line":422,"column":89}},"103":{"start":{"line":422,"column":24},"end":{"line":422,"column":87}},"104":{"start":{"line":425,"column":4},"end":{"line":425,"column":108}},"105":{"start":{"line":425,"column":39},"end":{"line":425,"column":105}},"106":{"start":{"line":426,"column":4},"end":{"line":426,"column":25}},"107":{"start":{"line":429,"column":16},"end":{"line":429,"column":198}},"108":{"start":{"line":430,"column":4},"end":{"line":430,"column":110}},"109":{"start":{"line":430,"column":37},"end":{"line":430,"column":108}},"110":{"start":{"line":431,"column":4},"end":{"line":431,"column":79}},"111":{"start":{"line":434,"column":18},"end":{"line":434,"column":64}},"112":{"start":{"line":435,"column":4},"end":{"line":464,"column":16}},"113":{"start":{"line":436,"column":20},"end":{"line":436,"column":94}},"114":{"start":{"line":436,"column":38},"end":{"line":436,"column":59}},"115":{"start":{"line":438,"column":18},"end":{"line":453,"column":18}},"116":{"start":{"line":456,"column":8},"end":{"line":461,"column":11}},"117":{"start":{"line":457,"column":23},"end":{"line":457,"column":55}},"118":{"start":{"line":458,"column":12},"end":{"line":460,"column":19}},"119":{"start":{"line":463,"column":8},"end":{"line":463,"column":29}},"120":{"start":{"line":466,"column":4},"end":{"line":466,"column":23}},"121":{"start":{"line":471,"column":4},"end":{"line":471,"column":80}},"122":{"start":{"line":471,"column":29},"end":{"line":471,"column":80}},"123":{"start":{"line":473,"column":16},"end":{"line":473,"column":57}},"124":{"start":{"line":474,"column":20},"end":{"line":474,"column":33}},"125":{"start":{"line":475,"column":4},"end":{"line":475,"column":74}},"126":{"start":{"line":477,"column":21},"end":{"line":477,"column":23}},"127":{"start":{"line":478,"column":23},"end":{"line":478,"column":25}},"128":{"start":{"line":479,"column":16},"end":{"line":479,"column":60}},"129":{"start":{"line":480,"column":20},"end":{"line":480,"column":57}},"130":{"start":{"line":482,"column":4},"end":{"line":504,"column":7}},"131":{"start":{"line":483,"column":20},"end":{"line":483,"column":34}},"132":{"start":{"line":486,"column":8},"end":{"line":491,"column":11}},"133":{"start":{"line":494,"column":8},"end":{"line":503,"column":9}},"134":{"start":{"line":494,"column":18},"end":{"line":494,"column":19}},"135":{"start":{"line":495,"column":23},"end":{"line":495,"column":37}},"136":{"start":{"line":496,"column":24},"end":{"line":496,"column":43}},"137":{"start":{"line":497,"column":12},"end":{"line":502,"column":13}},"138":{"start":{"line":498,"column":16},"end":{"line":501,"column":19}},"139":{"start":{"line":506,"column":4},"end":{"line":523,"column":5}},"140":{"start":{"line":508,"column":32},"end":{"line":508,"column":126}},"141":{"start":{"line":509,"column":8},"end":{"line":509,"column":28}},"142":{"start":{"line":509,"column":17},"end":{"line":509,"column":28}},"143":{"start":{"line":512,"column":8},"end":{"line":515,"column":9}},"144":{"start":{"line":513,"column":36},"end":{"line":513,"column":161}},"145":{"start":{"line":514,"column":12},"end":{"line":514,"column":32}},"146":{"start":{"line":514,"column":21},"end":{"line":514,"column":32}},"147":{"start":{"line":517,"column":8},"end":{"line":517,"column":53}},"148":{"start":{"line":518,"column":8},"end":{"line":518,"column":43}},"149":{"start":{"line":520,"column":8},"end":{"line":520,"column":60}},"150":{"start":{"line":522,"column":8},"end":{"line":522,"column":32}},"151":{"start":{"line":528,"column":17},"end":{"line":528,"column":43}},"152":{"start":{"line":528,"column":31},"end":{"line":528,"column":42}},"153":{"start":{"line":529,"column":4},"end":{"line":529,"column":38}},"154":{"start":{"line":533,"column":22},"end":{"line":533,"column":64}},"155":{"start":{"line":534,"column":15},"end":{"line":534,"column":44}},"156":{"start":{"line":535,"column":4},"end":{"line":535,"column":27}},"157":{"start":{"line":536,"column":4},"end":{"line":536,"column":70}},"158":{"start":{"line":537,"column":4},"end":{"line":537,"column":23}},"159":{"start":{"line":538,"column":4},"end":{"line":538,"column":30}},"160":{"start":{"line":539,"column":4},"end":{"line":539,"column":40}},"161":{"start":{"line":539,"column":21},"end":{"line":539,"column":32}},"162":{"start":{"line":543,"column":14},"end":{"line":543,"column":46}},"163":{"start":{"line":544,"column":14},"end":{"line":544,"column":44}},"164":{"start":{"line":545,"column":21},"end":{"line":545,"column":73}},"165":{"start":{"line":548,"column":4},"end":{"line":548,"column":88}},"166":{"start":{"line":548,"column":61},"end":{"line":548,"column":86}},"167":{"start":{"line":549,"column":4},"end":{"line":549,"column":95}},"168":{"start":{"line":549,"column":64},"end":{"line":549,"column":93}},"169":{"start":{"line":551,"column":4},"end":{"line":554,"column":5}},"170":{"start":{"line":552,"column":8},"end":{"line":552,"column":34}},"171":{"start":{"line":553,"column":8},"end":{"line":553,"column":34}},"172":{"start":{"line":558,"column":18},"end":{"line":558,"column":97}},"173":{"start":{"line":559,"column":4},"end":{"line":559,"column":63}},"174":{"start":{"line":563,"column":4},"end":{"line":563,"column":23}},"175":{"start":{"line":563,"column":24},"end":{"line":563,"column":51}},"176":{"start":{"line":564,"column":4},"end":{"line":564,"column":51}},"177":{"start":{"line":565,"column":4},"end":{"line":565,"column":68}},"178":{"start":{"line":566,"column":4},"end":{"line":566,"column":24}},"179":{"start":{"line":567,"column":4},"end":{"line":567,"column":25}},"180":{"start":{"line":569,"column":4},"end":{"line":569,"column":202}},"181":{"start":{"line":574,"column":20},"end":{"line":574,"column":57}},"182":{"start":{"line":575,"column":21},"end":{"line":575,"column":112}},"183":{"start":{"line":576,"column":4},"end":{"line":580,"column":5}},"184":{"start":{"line":577,"column":8},"end":{"line":577,"column":72}},"185":{"start":{"line":578,"column":8},"end":{"line":578,"column":83}},"186":{"start":{"line":579,"column":8},"end":{"line":579,"column":71}},"187":{"start":{"line":583,"column":21},"end":{"line":583,"column":83}},"188":{"start":{"line":584,"column":14},"end":{"line":584,"column":60}},"189":{"start":{"line":584,"column":62},"end":{"line":584,"column":108}},"190":{"start":{"line":585,"column":4},"end":{"line":585,"column":59}},"191":{"start":{"line":585,"column":26},"end":{"line":585,"column":57}},"192":{"start":{"line":588,"column":21},"end":{"line":588,"column":85}},"193":{"start":{"line":589,"column":14},"end":{"line":589,"column":52}},"194":{"start":{"line":589,"column":58},"end":{"line":589,"column":99}},"195":{"start":{"line":590,"column":4},"end":{"line":590,"column":49}},"196":{"start":{"line":590,"column":50},"end":{"line":590,"column":98}},"197":{"start":{"line":591,"column":4},"end":{"line":591,"column":97}},"198":{"start":{"line":591,"column":28},"end":{"line":591,"column":60}},"199":{"start":{"line":591,"column":61},"end":{"line":591,"column":93}},"200":{"start":{"line":594,"column":21},"end":{"line":594,"column":90}},"201":{"start":{"line":595,"column":4},"end":{"line":595,"column":154}},"202":{"start":{"line":595,"column":13},"end":{"line":595,"column":154}},"203":{"start":{"line":595,"column":91},"end":{"line":595,"column":109}},"204":{"start":{"line":595,"column":120},"end":{"line":595,"column":143}},"205":{"start":{"line":598,"column":21},"end":{"line":598,"column":186}},"206":{"start":{"line":599,"column":14},"end":{"line":599,"column":59}},"207":{"start":{"line":599,"column":61},"end":{"line":599,"column":118}},"208":{"start":{"line":600,"column":4},"end":{"line":600,"column":146}},"209":{"start":{"line":600,"column":26},"end":{"line":600,"column":144}},"210":{"start":{"line":603,"column":21},"end":{"line":603,"column":186}},"211":{"start":{"line":604,"column":16},"end":{"line":604,"column":62}},"212":{"start":{"line":605,"column":4},"end":{"line":605,"column":117}},"213":{"start":{"line":605,"column":23},"end":{"line":605,"column":107}},"214":{"start":{"line":605,"column":108},"end":{"line":605,"column":115}},"215":{"start":{"line":607,"column":4},"end":{"line":612,"column":16}},"216":{"start":{"line":607,"column":38},"end":{"line":612,"column":5}},"217":{"start":{"line":614,"column":0},"end":{"line":617,"column":2}},"218":{"start":{"line":615,"column":4},"end":{"line":615,"column":22}},"219":{"start":{"line":616,"column":4},"end":{"line":616,"column":81}},"220":{"start":{"line":621,"column":16},"end":{"line":621,"column":64}},"221":{"start":{"line":622,"column":4},"end":{"line":622,"column":65}},"222":{"start":{"line":622,"column":30},"end":{"line":622,"column":55}},"223":{"start":{"line":622,"column":56},"end":{"line":622,"column":63}},"224":{"start":{"line":623,"column":21},"end":{"line":623,"column":121}},"225":{"start":{"line":624,"column":4},"end":{"line":627,"column":36}},"226":{"start":{"line":625,"column":8},"end":{"line":625,"column":235}},"227":{"start":{"line":625,"column":38},"end":{"line":625,"column":224}},"228":{"start":{"line":626,"column":8},"end":{"line":626,"column":34}},"229":{"start":{"line":627,"column":11},"end":{"line":627,"column":36}},"230":{"start":{"line":630,"column":4},"end":{"line":630,"column":23}},"231":{"start":{"line":631,"column":14},"end":{"line":631,"column":58}},"232":{"start":{"line":631,"column":60},"end":{"line":631,"column":86}},"233":{"start":{"line":633,"column":18},"end":{"line":633,"column":70}},"234":{"start":{"line":634,"column":16},"end":{"line":634,"column":68}},"235":{"start":{"line":635,"column":4},"end":{"line":653,"column":56}},"236":{"start":{"line":636,"column":23},"end":{"line":636,"column":119}},"237":{"start":{"line":637,"column":8},"end":{"line":637,"column":121}},"238":{"start":{"line":637,"column":29},"end":{"line":637,"column":106}},"239":{"start":{"line":637,"column":108},"end":{"line":637,"column":119}},"240":{"start":{"line":639,"column":24},"end":{"line":643,"column":9}},"241":{"start":{"line":645,"column":8},"end":{"line":646,"column":137}},"242":{"start":{"line":645,"column":46},"end":{"line":645,"column":131}},"243":{"start":{"line":646,"column":27},"end":{"line":646,"column":99}},"244":{"start":{"line":646,"column":101},"end":{"line":646,"column":135}},"245":{"start":{"line":648,"column":8},"end":{"line":648,"column":47}},"246":{"start":{"line":649,"column":8},"end":{"line":649,"column":68}},"247":{"start":{"line":650,"column":8},"end":{"line":650,"column":65}},"248":{"start":{"line":651,"column":8},"end":{"line":651,"column":43}},"249":{"start":{"line":652,"column":19},"end":{"line":652,"column":51}},"250":{"start":{"line":653,"column":14},"end":{"line":653,"column":54}},"251":{"start":{"line":656,"column":12},"end":{"line":656,"column":59}},"252":{"start":{"line":656,"column":63},"end":{"line":656,"column":109}},"253":{"start":{"line":657,"column":4},"end":{"line":657,"column":138}},"254":{"start":{"line":657,"column":17},"end":{"line":657,"column":63}},"255":{"start":{"line":657,"column":64},"end":{"line":657,"column":85}},"256":{"start":{"line":657,"column":86},"end":{"line":657,"column":136}},"257":{"start":{"line":660,"column":4},"end":{"line":662,"column":15}},"258":{"start":{"line":661,"column":8},"end":{"line":661,"column":262}},"259":{"start":{"line":664,"column":0},"end":{"line":667,"column":2}},"260":{"start":{"line":665,"column":4},"end":{"line":665,"column":110}},"261":{"start":{"line":665,"column":29},"end":{"line":665,"column":110}},"262":{"start":{"line":666,"column":4},"end":{"line":666,"column":31}},"263":{"start":{"line":666,"column":32},"end":{"line":666,"column":53}},"264":{"start":{"line":666,"column":54},"end":{"line":666,"column":89}},"265":{"start":{"line":669,"column":4},"end":{"line":669,"column":81}},"266":{"start":{"line":669,"column":29},"end":{"line":669,"column":81}},"267":{"start":{"line":670,"column":4},"end":{"line":676,"column":5}},"268":{"start":{"line":671,"column":8},"end":{"line":671,"column":26}},"269":{"start":{"line":671,"column":17},"end":{"line":671,"column":26}},"270":{"start":{"line":673,"column":24},"end":{"line":673,"column":159}},"271":{"start":{"line":674,"column":8},"end":{"line":674,"column":180}},"272":{"start":{"line":674,"column":15},"end":{"line":674,"column":25}},"273":{"start":{"line":674,"column":50},"end":{"line":674,"column":167}},"274":{"start":{"line":674,"column":169},"end":{"line":674,"column":178}},"275":{"start":{"line":675,"column":8},"end":{"line":675,"column":168}},"276":{"start":{"line":677,"column":4},"end":{"line":677,"column":34}},"277":{"start":{"line":678,"column":4},"end":{"line":678,"column":61}},"278":{"start":{"line":679,"column":4},"end":{"line":679,"column":39}},"279":{"start":{"line":681,"column":36},"end":{"line":681,"column":326}},"280":{"start":{"line":681,"column":281},"end":{"line":681,"column":304}}},"fnMap":{"0":{"name":"init","decl":{"start":{"line":30,"column":22},"end":{"line":30,"column":26}},"loc":{"start":{"line":30,"column":35},"end":{"line":166,"column":1}},"line":30},"1":{"name":"injectStyles","decl":{"start":{"line":171,"column":9},"end":{"line":171,"column":21}},"loc":{"start":{"line":171,"column":24},"end":{"line":271,"column":1}},"line":171},"2":{"name":"setupLogic","decl":{"start":{"line":277,"column":15},"end":{"line":277,"column":25}},"loc":{"start":{"line":277,"column":28},"end":{"line":302,"column":1}},"line":277},"3":{"name":"setupEvents","decl":{"start":{"line":304,"column":9},"end":{"line":304,"column":20}},"loc":{"start":{"line":304,"column":23},"end":{"line":373,"column":1}},"line":304},"4":{"name":"(anonymous_4)","decl":{"start":{"line":306,"column":57},"end":{"line":306,"column":58}},"loc":{"start":{"line":306,"column":63},"end":{"line":306,"column":122}},"line":306},"5":{"name":"(anonymous_5)","decl":{"start":{"line":307,"column":59},"end":{"line":307,"column":60}},"loc":{"start":{"line":307,"column":65},"end":{"line":307,"column":121}},"line":307},"6":{"name":"(anonymous_6)","decl":{"start":{"line":310,"column":57},"end":{"line":310,"column":58}},"loc":{"start":{"line":310,"column":63},"end":{"line":313,"column":5}},"line":310},"7":{"name":"(anonymous_7)","decl":{"start":{"line":316,"column":70},"end":{"line":316,"column":71}},"loc":{"start":{"line":316,"column":77},"end":{"line":321,"column":5}},"line":316},"8":{"name":"(anonymous_8)","decl":{"start":{"line":318,"column":35},"end":{"line":318,"column":36}},"loc":{"start":{"line":318,"column":41},"end":{"line":320,"column":9}},"line":318},"9":{"name":"(anonymous_9)","decl":{"start":{"line":326,"column":57},"end":{"line":326,"column":58}},"loc":{"start":{"line":326,"column":70},"end":{"line":334,"column":5}},"line":326},"10":{"name":"(anonymous_10)","decl":{"start":{"line":331,"column":46},"end":{"line":331,"column":47}},"loc":{"start":{"line":331,"column":51},"end":{"line":331,"column":68}},"line":331},"11":{"name":"(anonymous_11)","decl":{"start":{"line":341,"column":61},"end":{"line":341,"column":62}},"loc":{"start":{"line":341,"column":68},"end":{"line":343,"column":5}},"line":341},"12":{"name":"(anonymous_12)","decl":{"start":{"line":346,"column":77},"end":{"line":346,"column":78}},"loc":{"start":{"line":346,"column":84},"end":{"line":372,"column":5}},"line":346},"13":{"name":"(anonymous_13)","decl":{"start":{"line":362,"column":38},"end":{"line":362,"column":39}},"loc":{"start":{"line":362,"column":43},"end":{"line":362,"column":61}},"line":362},"14":{"name":"loadSesiPenuh","decl":{"start":{"line":376,"column":15},"end":{"line":376,"column":28}},"loc":{"start":{"line":376,"column":42},"end":{"line":401,"column":1}},"line":376},"15":{"name":"initTable","decl":{"start":{"line":404,"column":15},"end":{"line":404,"column":24}},"loc":{"start":{"line":404,"column":38},"end":{"line":467,"column":1}},"line":404},"16":{"name":"(anonymous_16)","decl":{"start":{"line":422,"column":19},"end":{"line":422,"column":20}},"loc":{"start":{"line":422,"column":24},"end":{"line":422,"column":87}},"line":422},"17":{"name":"(anonymous_17)","decl":{"start":{"line":425,"column":33},"end":{"line":425,"column":34}},"loc":{"start":{"line":425,"column":39},"end":{"line":425,"column":105}},"line":425},"18":{"name":"(anonymous_18)","decl":{"start":{"line":430,"column":27},"end":{"line":430,"column":28}},"loc":{"start":{"line":430,"column":37},"end":{"line":430,"column":108}},"line":430},"19":{"name":"(anonymous_19)","decl":{"start":{"line":435,"column":35},"end":{"line":435,"column":36}},"loc":{"start":{"line":435,"column":45},"end":{"line":464,"column":5}},"line":435},"20":{"name":"(anonymous_20)","decl":{"start":{"line":436,"column":33},"end":{"line":436,"column":34}},"loc":{"start":{"line":436,"column":38},"end":{"line":436,"column":59}},"line":436},"21":{"name":"(anonymous_21)","decl":{"start":{"line":456,"column":31},"end":{"line":456,"column":32}},"loc":{"start":{"line":456,"column":36},"end":{"line":461,"column":9}},"line":456},"22":{"name":"handleAbsensiSubmit","decl":{"start":{"line":470,"column":15},"end":{"line":470,"column":34}},"loc":{"start":{"line":470,"column":37},"end":{"line":524,"column":1}},"line":470},"23":{"name":"(anonymous_23)","decl":{"start":{"line":482,"column":65},"end":{"line":482,"column":66}},"loc":{"start":{"line":482,"column":71},"end":{"line":504,"column":5}},"line":482},"24":{"name":"getIcon","decl":{"start":{"line":527,"column":9},"end":{"line":527,"column":16}},"loc":{"start":{"line":527,"column":27},"end":{"line":530,"column":1}},"line":527},"25":{"name":"(anonymous_25)","decl":{"start":{"line":528,"column":26},"end":{"line":528,"column":27}},"loc":{"start":{"line":528,"column":31},"end":{"line":528,"column":42}},"line":528},"26":{"name":"showToast","decl":{"start":{"line":532,"column":9},"end":{"line":532,"column":18}},"loc":{"start":{"line":532,"column":40},"end":{"line":540,"column":1}},"line":532},"27":{"name":"(anonymous_27)","decl":{"start":{"line":539,"column":15},"end":{"line":539,"column":16}},"loc":{"start":{"line":539,"column":21},"end":{"line":539,"column":32}},"line":539},"28":{"name":"toggleFormPanel","decl":{"start":{"line":542,"column":9},"end":{"line":542,"column":24}},"loc":{"start":{"line":542,"column":41},"end":{"line":555,"column":1}},"line":542},"29":{"name":"(anonymous_29)","decl":{"start":{"line":548,"column":55},"end":{"line":548,"column":56}},"loc":{"start":{"line":548,"column":61},"end":{"line":548,"column":86}},"line":548},"30":{"name":"(anonymous_30)","decl":{"start":{"line":549,"column":58},"end":{"line":549,"column":59}},"loc":{"start":{"line":549,"column":64},"end":{"line":549,"column":93}},"line":549},"31":{"name":"updateTotalHadir","decl":{"start":{"line":557,"column":9},"end":{"line":557,"column":25}},"loc":{"start":{"line":557,"column":28},"end":{"line":560,"column":1}},"line":557},"32":{"name":"resetFormMateri","decl":{"start":{"line":562,"column":9},"end":{"line":562,"column":24}},"loc":{"start":{"line":562,"column":27},"end":{"line":570,"column":1}},"line":562},"33":{"name":"renderHeader","decl":{"start":{"line":573,"column":15},"end":{"line":573,"column":27}},"loc":{"start":{"line":573,"column":30},"end":{"line":581,"column":1}},"line":573},"34":{"name":"loadLevelOptions","decl":{"start":{"line":582,"column":15},"end":{"line":582,"column":31}},"loc":{"start":{"line":582,"column":34},"end":{"line":586,"column":1}},"line":582},"35":{"name":"(anonymous_35)","decl":{"start":{"line":585,"column":23},"end":{"line":585,"column":24}},"loc":{"start":{"line":585,"column":26},"end":{"line":585,"column":57}},"line":585},"36":{"name":"loadGuruDropdowns","decl":{"start":{"line":587,"column":15},"end":{"line":587,"column":32}},"loc":{"start":{"line":587,"column":35},"end":{"line":592,"column":1}},"line":587},"37":{"name":"(anonymous_37)","decl":{"start":{"line":591,"column":23},"end":{"line":591,"column":24}},"loc":{"start":{"line":591,"column":26},"end":{"line":591,"column":95}},"line":591},"38":{"name":"loadAchievementSuggestions","decl":{"start":{"line":593,"column":15},"end":{"line":593,"column":41}},"loc":{"start":{"line":593,"column":44},"end":{"line":596,"column":1}},"line":593},"39":{"name":"(anonymous_39)","decl":{"start":{"line":595,"column":88},"end":{"line":595,"column":89}},"loc":{"start":{"line":595,"column":91},"end":{"line":595,"column":109}},"line":595},"40":{"name":"(anonymous_40)","decl":{"start":{"line":595,"column":117},"end":{"line":595,"column":118}},"loc":{"start":{"line":595,"column":120},"end":{"line":595,"column":143}},"line":595},"41":{"name":"loadPertemuanOptions","decl":{"start":{"line":597,"column":15},"end":{"line":597,"column":35}},"loc":{"start":{"line":597,"column":38},"end":{"line":601,"column":1}},"line":597},"42":{"name":"(anonymous_42)","decl":{"start":{"line":600,"column":23},"end":{"line":600,"column":24}},"loc":{"start":{"line":600,"column":26},"end":{"line":600,"column":144}},"line":600},"43":{"name":"tampilkanDaftarMateri","decl":{"start":{"line":602,"column":15},"end":{"line":602,"column":36}},"loc":{"start":{"line":602,"column":39},"end":{"line":613,"column":1}},"line":602},"44":{"name":"(anonymous_44)","decl":{"start":{"line":607,"column":29},"end":{"line":607,"column":30}},"loc":{"start":{"line":607,"column":38},"end":{"line":612,"column":5}},"line":607},"45":{"name":"(anonymous_45)","decl":{"start":{"line":614,"column":22},"end":{"line":614,"column":23}},"loc":{"start":{"line":614,"column":30},"end":{"line":617,"column":1}},"line":614},"46":{"name":"loadMateriSuggestions","decl":{"start":{"line":620,"column":15},"end":{"line":620,"column":36}},"loc":{"start":{"line":620,"column":46},"end":{"line":628,"column":1}},"line":620},"47":{"name":"(anonymous_47)","decl":{"start":{"line":625,"column":33},"end":{"line":625,"column":34}},"loc":{"start":{"line":625,"column":38},"end":{"line":625,"column":224}},"line":625},"48":{"name":"handleMateriSubmit","decl":{"start":{"line":629,"column":15},"end":{"line":629,"column":33}},"loc":{"start":{"line":629,"column":37},"end":{"line":654,"column":1}},"line":629},"49":{"name":"addTargetToUI","decl":{"start":{"line":655,"column":9},"end":{"line":655,"column":22}},"loc":{"start":{"line":655,"column":25},"end":{"line":658,"column":1}},"line":655},"50":{"name":"renderTargetListUI","decl":{"start":{"line":659,"column":9},"end":{"line":659,"column":27}},"loc":{"start":{"line":659,"column":30},"end":{"line":663,"column":1}},"line":659},"51":{"name":"(anonymous_51)","decl":{"start":{"line":660,"column":82},"end":{"line":660,"column":83}},"loc":{"start":{"line":661,"column":8},"end":{"line":661,"column":262}},"line":661},"52":{"name":"(anonymous_52)","decl":{"start":{"line":664,"column":19},"end":{"line":664,"column":20}},"loc":{"start":{"line":664,"column":32},"end":{"line":667,"column":1}},"line":664},"53":{"name":"saveTargetsToDB","decl":{"start":{"line":668,"column":15},"end":{"line":668,"column":30}},"loc":{"start":{"line":668,"column":33},"end":{"line":680,"column":1}},"line":668},"54":{"name":"renderSubSelector","decl":{"start":{"line":681,"column":9},"end":{"line":681,"column":26}},"loc":{"start":{"line":681,"column":34},"end":{"line":681,"column":328}},"line":681},"55":{"name":"(anonymous_55)","decl":{"start":{"line":681,"column":278},"end":{"line":681,"column":279}},"loc":{"start":{"line":681,"column":281},"end":{"line":681,"column":304}},"line":681}},"branchMap":{"0":{"loc":{"start":{"line":32,"column":4},"end":{"line":36,"column":5}},"type":"if","locations":[{"start":{"line":32,"column":4},"end":{"line":36,"column":5}},{"start":{},"end":{}}],"line":32},"1":{"loc":{"start":{"line":34,"column":8},"end":{"line":34,"column":83}},"type":"if","locations":[{"start":{"line":34,"column":8},"end":{"line":34,"column":83}},{"start":{},"end":{}}],"line":34},"2":{"loc":{"start":{"line":172,"column":4},"end":{"line":172,"column":62}},"type":"if","locations":[{"start":{"line":172,"column":4},"end":{"line":172,"column":62}},{"start":{},"end":{}}],"line":172},"3":{"loc":{"start":{"line":294,"column":4},"end":{"line":301,"column":5}},"type":"if","locations":[{"start":{"line":294,"column":4},"end":{"line":301,"column":5}},{"start":{"line":297,"column":11},"end":{"line":301,"column":5}}],"line":294},"4":{"loc":{"start":{"line":328,"column":8},"end":{"line":328,"column":24}},"type":"if","locations":[{"start":{"line":328,"column":8},"end":{"line":328,"column":24}},{"start":{},"end":{}}],"line":328},"5":{"loc":{"start":{"line":330,"column":8},"end":{"line":333,"column":9}},"type":"if","locations":[{"start":{"line":330,"column":8},"end":{"line":333,"column":9}},{"start":{},"end":{}}],"line":330},"6":{"loc":{"start":{"line":330,"column":12},"end":{"line":330,"column":31}},"type":"binary-expr","locations":[{"start":{"line":330,"column":12},"end":{"line":330,"column":16}},{"start":{"line":330,"column":20},"end":{"line":330,"column":31}}],"line":330},"7":{"loc":{"start":{"line":342,"column":8},"end":{"line":342,"column":57}},"type":"if","locations":[{"start":{"line":342,"column":8},"end":{"line":342,"column":57}},{"start":{},"end":{}}],"line":342},"8":{"loc":{"start":{"line":348,"column":8},"end":{"line":348,"column":26}},"type":"if","locations":[{"start":{"line":348,"column":8},"end":{"line":348,"column":26}},{"start":{},"end":{}}],"line":348},"9":{"loc":{"start":{"line":357,"column":8},"end":{"line":359,"column":34}},"type":"if","locations":[{"start":{"line":357,"column":8},"end":{"line":359,"column":34}},{"start":{"line":358,"column":13},"end":{"line":359,"column":34}}],"line":357},"10":{"loc":{"start":{"line":358,"column":13},"end":{"line":359,"column":34}},"type":"if","locations":[{"start":{"line":358,"column":13},"end":{"line":359,"column":34}},{"start":{"line":359,"column":13},"end":{"line":359,"column":34}}],"line":358},"11":{"loc":{"start":{"line":371,"column":8},"end":{"line":371,"column":49}},"type":"if","locations":[{"start":{"line":371,"column":8},"end":{"line":371,"column":49}},{"start":{},"end":{}}],"line":371},"12":{"loc":{"start":{"line":386,"column":4},"end":{"line":392,"column":5}},"type":"if","locations":[{"start":{"line":386,"column":4},"end":{"line":392,"column":5}},{"start":{},"end":{}}],"line":386},"13":{"loc":{"start":{"line":388,"column":56},"end":{"line":388,"column":82}},"type":"binary-expr","locations":[{"start":{"line":388,"column":56},"end":{"line":388,"column":76}},{"start":{"line":388,"column":80},"end":{"line":388,"column":82}}],"line":388},"14":{"loc":{"start":{"line":389,"column":63},"end":{"line":389,"column":92}},"type":"binary-expr","locations":[{"start":{"line":389,"column":63},"end":{"line":389,"column":86}},{"start":{"line":389,"column":90},"end":{"line":389,"column":92}}],"line":389},"15":{"loc":{"start":{"line":391,"column":58},"end":{"line":391,"column":81}},"type":"binary-expr","locations":[{"start":{"line":391,"column":58},"end":{"line":391,"column":75}},{"start":{"line":391,"column":79},"end":{"line":391,"column":81}}],"line":391},"16":{"loc":{"start":{"line":415,"column":21},"end":{"line":415,"column":36}},"type":"binary-expr","locations":[{"start":{"line":415,"column":21},"end":{"line":415,"column":30}},{"start":{"line":415,"column":34},"end":{"line":415,"column":36}}],"line":415},"17":{"loc":{"start":{"line":416,"column":20},"end":{"line":416,"column":35}},"type":"binary-expr","locations":[{"start":{"line":416,"column":20},"end":{"line":416,"column":29}},{"start":{"line":416,"column":33},"end":{"line":416,"column":35}}],"line":416},"18":{"loc":{"start":{"line":417,"column":20},"end":{"line":417,"column":35}},"type":"binary-expr","locations":[{"start":{"line":417,"column":20},"end":{"line":417,"column":29}},{"start":{"line":417,"column":33},"end":{"line":417,"column":35}}],"line":417},"19":{"loc":{"start":{"line":418,"column":19},"end":{"line":418,"column":39}},"type":"binary-expr","locations":[{"start":{"line":418,"column":19},"end":{"line":418,"column":33}},{"start":{"line":418,"column":37},"end":{"line":418,"column":39}}],"line":418},"20":{"loc":{"start":{"line":425,"column":57},"end":{"line":425,"column":103}},"type":"binary-expr","locations":[{"start":{"line":425,"column":57},"end":{"line":425,"column":96}},{"start":{"line":425,"column":100},"end":{"line":425,"column":103}}],"line":425},"21":{"loc":{"start":{"line":436,"column":20},"end":{"line":436,"column":94}},"type":"binary-expr","locations":[{"start":{"line":436,"column":20},"end":{"line":436,"column":60}},{"start":{"line":436,"column":64},"end":{"line":436,"column":94}}],"line":436},"22":{"loc":{"start":{"line":457,"column":23},"end":{"line":457,"column":55}},"type":"binary-expr","locations":[{"start":{"line":457,"column":23},"end":{"line":457,"column":50}},{"start":{"line":457,"column":54},"end":{"line":457,"column":55}}],"line":457},"23":{"loc":{"start":{"line":471,"column":4},"end":{"line":471,"column":80}},"type":"if","locations":[{"start":{"line":471,"column":4},"end":{"line":471,"column":80}},{"start":{},"end":{}}],"line":471},"24":{"loc":{"start":{"line":497,"column":12},"end":{"line":502,"column":13}},"type":"if","locations":[{"start":{"line":497,"column":12},"end":{"line":502,"column":13}},{"start":{},"end":{}}],"line":497},"25":{"loc":{"start":{"line":509,"column":8},"end":{"line":509,"column":28}},"type":"if","locations":[{"start":{"line":509,"column":8},"end":{"line":509,"column":28}},{"start":{},"end":{}}],"line":509},"26":{"loc":{"start":{"line":512,"column":8},"end":{"line":515,"column":9}},"type":"if","locations":[{"start":{"line":512,"column":8},"end":{"line":515,"column":9}},{"start":{},"end":{}}],"line":512},"27":{"loc":{"start":{"line":514,"column":12},"end":{"line":514,"column":32}},"type":"if","locations":[{"start":{"line":514,"column":12},"end":{"line":514,"column":32}},{"start":{},"end":{}}],"line":514},"28":{"loc":{"start":{"line":529,"column":11},"end":{"line":529,"column":37}},"type":"cond-expr","locations":[{"start":{"line":529,"column":18},"end":{"line":529,"column":25}},{"start":{"line":529,"column":28},"end":{"line":529,"column":37}}],"line":529},"29":{"loc":{"start":{"line":532,"column":24},"end":{"line":532,"column":38}},"type":"default-arg","locations":[{"start":{"line":532,"column":29},"end":{"line":532,"column":38}}],"line":532},"30":{"loc":{"start":{"line":536,"column":22},"end":{"line":536,"column":69}},"type":"cond-expr","locations":[{"start":{"line":536,"column":41},"end":{"line":536,"column":60}},{"start":{"line":536,"column":63},"end":{"line":536,"column":69}}],"line":536},"31":{"loc":{"start":{"line":545,"column":21},"end":{"line":545,"column":73}},"type":"binary-expr","locations":[{"start":{"line":545,"column":21},"end":{"line":545,"column":47}},{"start":{"line":545,"column":51},"end":{"line":545,"column":73}}],"line":545},"32":{"loc":{"start":{"line":551,"column":4},"end":{"line":554,"column":5}},"type":"if","locations":[{"start":{"line":551,"column":4},"end":{"line":554,"column":5}},{"start":{},"end":{}}],"line":551},"33":{"loc":{"start":{"line":576,"column":4},"end":{"line":580,"column":5}},"type":"if","locations":[{"start":{"line":576,"column":4},"end":{"line":580,"column":5}},{"start":{},"end":{}}],"line":576},"34":{"loc":{"start":{"line":579,"column":47},"end":{"line":579,"column":69}},"type":"binary-expr","locations":[{"start":{"line":579,"column":47},"end":{"line":579,"column":63}},{"start":{"line":579,"column":67},"end":{"line":579,"column":69}}],"line":579},"35":{"loc":{"start":{"line":585,"column":5},"end":{"line":585,"column":13}},"type":"binary-expr","locations":[{"start":{"line":585,"column":5},"end":{"line":585,"column":9}},{"start":{"line":585,"column":11},"end":{"line":585,"column":13}}],"line":585},"36":{"loc":{"start":{"line":591,"column":5},"end":{"line":591,"column":13}},"type":"binary-expr","locations":[{"start":{"line":591,"column":5},"end":{"line":591,"column":9}},{"start":{"line":591,"column":11},"end":{"line":591,"column":13}}],"line":591},"37":{"loc":{"start":{"line":595,"column":4},"end":{"line":595,"column":154}},"type":"if","locations":[{"start":{"line":595,"column":4},"end":{"line":595,"column":154}},{"start":{},"end":{}}],"line":595},"38":{"loc":{"start":{"line":600,"column":5},"end":{"line":600,"column":13}},"type":"binary-expr","locations":[{"start":{"line":600,"column":5},"end":{"line":600,"column":9}},{"start":{"line":600,"column":11},"end":{"line":600,"column":13}}],"line":600},"39":{"loc":{"start":{"line":605,"column":4},"end":{"line":605,"column":117}},"type":"if","locations":[{"start":{"line":605,"column":4},"end":{"line":605,"column":117}},{"start":{},"end":{}}],"line":605},"40":{"loc":{"start":{"line":610,"column":75},"end":{"line":610,"column":104}},"type":"binary-expr","locations":[{"start":{"line":610,"column":75},"end":{"line":610,"column":90}},{"start":{"line":610,"column":94},"end":{"line":610,"column":104}}],"line":610},"41":{"loc":{"start":{"line":622,"column":4},"end":{"line":622,"column":65}},"type":"if","locations":[{"start":{"line":622,"column":4},"end":{"line":622,"column":65}},{"start":{},"end":{}}],"line":622},"42":{"loc":{"start":{"line":622,"column":7},"end":{"line":622,"column":26}},"type":"binary-expr","locations":[{"start":{"line":622,"column":7},"end":{"line":622,"column":11}},{"start":{"line":622,"column":15},"end":{"line":622,"column":26}}],"line":622},"43":{"loc":{"start":{"line":624,"column":4},"end":{"line":627,"column":36}},"type":"if","locations":[{"start":{"line":624,"column":4},"end":{"line":627,"column":36}},{"start":{"line":627,"column":11},"end":{"line":627,"column":36}}],"line":624},"44":{"loc":{"start":{"line":637,"column":8},"end":{"line":637,"column":121}},"type":"if","locations":[{"start":{"line":637,"column":8},"end":{"line":637,"column":121}},{"start":{},"end":{}}],"line":637},"45":{"loc":{"start":{"line":642,"column":79},"end":{"line":642,"column":134}},"type":"binary-expr","locations":[{"start":{"line":642,"column":79},"end":{"line":642,"column":126}},{"start":{"line":642,"column":130},"end":{"line":642,"column":134}}],"line":642},"46":{"loc":{"start":{"line":645,"column":8},"end":{"line":646,"column":137}},"type":"if","locations":[{"start":{"line":645,"column":8},"end":{"line":646,"column":137}},{"start":{"line":646,"column":13},"end":{"line":646,"column":137}}],"line":645},"47":{"loc":{"start":{"line":645,"column":11},"end":{"line":645,"column":44}},"type":"binary-expr","locations":[{"start":{"line":645,"column":11},"end":{"line":645,"column":21}},{"start":{"line":645,"column":25},"end":{"line":645,"column":44}}],"line":645},"48":{"loc":{"start":{"line":657,"column":4},"end":{"line":657,"column":138}},"type":"if","locations":[{"start":{"line":657,"column":4},"end":{"line":657,"column":138}},{"start":{},"end":{}}],"line":657},"49":{"loc":{"start":{"line":657,"column":7},"end":{"line":657,"column":13}},"type":"binary-expr","locations":[{"start":{"line":657,"column":7},"end":{"line":657,"column":8}},{"start":{"line":657,"column":12},"end":{"line":657,"column":13}}],"line":657},"50":{"loc":{"start":{"line":665,"column":4},"end":{"line":665,"column":110}},"type":"if","locations":[{"start":{"line":665,"column":4},"end":{"line":665,"column":110}},{"start":{},"end":{}}],"line":665},"51":{"loc":{"start":{"line":669,"column":4},"end":{"line":669,"column":81}},"type":"if","locations":[{"start":{"line":669,"column":4},"end":{"line":669,"column":81}},{"start":{},"end":{}}],"line":669},"52":{"loc":{"start":{"line":671,"column":8},"end":{"line":671,"column":26}},"type":"if","locations":[{"start":{"line":671,"column":8},"end":{"line":671,"column":26}},{"start":{},"end":{}}],"line":671},"53":{"loc":{"start":{"line":674,"column":8},"end":{"line":674,"column":180}},"type":"if","locations":[{"start":{"line":674,"column":8},"end":{"line":674,"column":180}},{"start":{"line":674,"column":31},"end":{"line":674,"column":180}}],"line":674}},"s":{"0":0,"1":0,"2":0,"3":0,"4":0,"5":0,"6":0,"7":0,"8":0,"9":0,"10":0,"11":0,"12":0,"13":0,"14":0,"15":0,"16":0,"17":0,"18":0,"19":0,"20":0,"21":0,"22":0,"23":0,"24":0,"25":0,"26":0,"27":0,"28":0,"29":0,"30":0,"31":0,"32":0,"33":0,"34":0,"35":0,"36":0,"37":0,"38":0,"39":0,"40":0,"41":0,"42":0,"43":0,"44":0,"45":0,"46":0,"47":0,"48":0,"49":0,"50":0,"51":0,"52":0,"53":0,"54":0,"55":0,"56":0,"57":0,"58":0,"59":0,"60":0,"61":0,"62":0,"63":0,"64":0,"65":0,"66":0,"67":0,"68":0,"69":0,"70":0,"71":0,"72":0,"73":0,"74":0,"75":0,"76":0,"77":0,"78":0,"79":0,"80":0,"81":0,"82":0,"83":0,"84":0,"85":0,"86":0,"87":0,"88":0,"89":0,"90":0,"91":0,"92":0,"93":0,"94":0,"95":0,"96":0,"97":0,"98":0,"99":0,"100":0,"101":0,"102":0,"103":0,"104":0,"105":0,"106":0,"107":0,"108":0,"109":0,"110":0,"111":0,"112":0,"113":0,"114":0,"115":0,"116":0,"117":0,"118":0,"119":0,"120":0,"121":0,"122":0,"123":0,"124":0,"125":0,"126":0,"127":0,"128":0,"129":0,"130":0,"131":0,"132":0,"133":0,"134":0,"135":0,"136":0,"137":0,"138":0,"139":0,"140":0,"141":0,"142":0,"143":0,"144":0,"145":0,"146":0,"147":0,"148":0,"149":0,"150":0,"151":0,"152":0,"153":0,"154":0,"155":0,"156":0,"157":0,"158":0,"159":0,"160":0,"161":0,"162":0,"163":0,"164":0,"165":0,"166":0,"167":0,"168":0,"169":0,"170":0,"171":0,"172":0,"173":0,"174":0,"175":0,"176":0,"177":0,"178":0,"179":0,"180":0,"181":0,"182":0,"183":0,"184":0,"185":0,"186":0,"187":0,"188":0,"189":0,"190":0,"191":0,"192":0,"193":0,"194":0,"195":0,"196":0,"197":0,"198":0,"199":0,"200":0,"201":0,"202":0,"203":0,"204":0,"205":0,"206":0,"207":0,"208":0,"209":0,"210":0,"211":0,"212":0,"213":0,"214":0,"215":0,"216":0,"217":0,"218":0,"219":0,"220":0,"221":0,"222":0,"223":0,"224":0,"225":0,"226":0,"227":0,"228":0,"229":0,"230":0,"231":0,"232":0,"233":0,"234":0,"235":0,"236":0,"237":0,"238":0,"239":0,"240":0,"241":0,"242":0,"243":0,"244":0,"245":0,"246":0,"247":0,"248":0,"249":0,"250":0,"251":0,"252":0,"253":0,"254":0,"255":0,"256":0,"257":0,"258":0,"259":0,"260":0,"261":0,"262":0,"263":0,"264":0,"265":0,"266":0,"267":0,"268":0,"269":0,"270":0,"271":0,"272":0,"273":0,"274":0,"275":0,"276":0,"277":0,"278":0,"279":0,"280":0},"f":{"0":0,"1":0,"2":0,"3":0,"4":0,"5":0,"6":0,"7":0,"8":0,"9":0,"10":0,"11":0,"12":0,"13":0,"14":0,"15":0,"16":0,"17":0,"18":0,"19":0,"20":0,"21":0,"22":0,"23":0,"24":0,"25":0,"26":0,"27":0,"28":0,"29":0,"30":0,"31":0,"32":0,"33":0,"34":0,"35":0,"36":0,"37":0,"38":0,"39":0,"40":0,"41":0,"42":0,"43":0,"44":0,"45":0,"46":0,"47":0,"48":0,"49":0,"50":0,"51":0,"52":0,"53":0,"54":0,"55":0},"b":{"0":[0,0],"1":[0,0],"2":[0,0],"3":[0,0],"4":[0,0],"5":[0,0],"6":[0,0],"7":[0,0],"8":[0,0],"9":[0,0],"10":[0,0],"11":[0,0],"12":[0,0],"13":[0,0],"14":[0,0],"15":[0,0],"16":[0,0],"17":[0,0],"18":[0,0],"19":[0,0],"20":[0,0],"21":[0,0],"22":[0,0],"23":[0,0],"24":[0,0],"25":[0,0],"26":[0,0],"27":[0,0],"28":[0,0],"29":[0],"30":[0,0],"31":[0,0],"32":[0,0],"33":[0,0],"34":[0,0],"35":[0,0],"36":[0,0],"37":[0,0],"38":[0,0],"39":[0,0],"40":[0,0],"41":[0,0],"42":[0,0],"43":[0,0],"44":[0,0],"45":[0,0],"46":[0,0],"47":[0,0],"48":[0,0],"49":[0,0],"50":[0,0],"51":[0,0],"52":[0,0],"53":[0,0]},"inputSourceMap":null}
,"/home/jailuser/git/modules/absensi-private.js": {"path":"/home/jailuser/git/modules/absensi-private.js","statementMap":{"0":{"start":{"line":10,"column":17},"end":{"line":10,"column":55}},"1":{"start":{"line":18,"column":4},"end":{"line":18,"column":19}},"2":{"start":{"line":21,"column":4},"end":{"line":39,"column":6}},"3":{"start":{"line":42,"column":4},"end":{"line":42,"column":31}},"4":{"start":{"line":45,"column":4},"end":{"line":47,"column":6}},"5":{"start":{"line":46,"column":8},"end":{"line":46,"column":97}},"6":{"start":{"line":46,"column":38},"end":{"line":46,"column":97}},"7":{"start":{"line":54,"column":20},"end":{"line":54,"column":41}},"8":{"start":{"line":55,"column":4},"end":{"line":55,"column":49}},"9":{"start":{"line":55,"column":42},"end":{"line":55,"column":49}},"10":{"start":{"line":57,"column":18},"end":{"line":57,"column":49}},"11":{"start":{"line":58,"column":4},"end":{"line":58,"column":23}},"12":{"start":{"line":59,"column":4},"end":{"line":112,"column":6}},"13":{"start":{"line":113,"column":4},"end":{"line":113,"column":37}},"14":{"start":{"line":121,"column":17},"end":{"line":121,"column":56}},"15":{"start":{"line":123,"column":4},"end":{"line":153,"column":5}},"16":{"start":{"line":125,"column":32},"end":{"line":133,"column":26}},"17":{"start":{"line":135,"column":8},"end":{"line":135,"column":31}},"18":{"start":{"line":135,"column":19},"end":{"line":135,"column":31}},"19":{"start":{"line":137,"column":8},"end":{"line":146,"column":9}},"20":{"start":{"line":138,"column":12},"end":{"line":144,"column":14}},"21":{"start":{"line":145,"column":12},"end":{"line":145,"column":19}},"22":{"start":{"line":148,"column":8},"end":{"line":148,"column":32}},"23":{"start":{"line":151,"column":8},"end":{"line":151,"column":37}},"24":{"start":{"line":152,"column":8},"end":{"line":152,"column":99}},"25":{"start":{"line":158,"column":19},"end":{"line":158,"column":68}},"26":{"start":{"line":160,"column":18},"end":{"line":160,"column":71}},"27":{"start":{"line":162,"column":4},"end":{"line":175,"column":16}},"28":{"start":{"line":164,"column":27},"end":{"line":164,"column":56}},"29":{"start":{"line":165,"column":26},"end":{"line":165,"column":53}},"30":{"start":{"line":166,"column":26},"end":{"line":166,"column":54}},"31":{"start":{"line":168,"column":8},"end":{"line":174,"column":10}},"32":{"start":{"line":182,"column":0},"end":{"line":202,"column":2}},"33":{"start":{"line":184,"column":4},"end":{"line":184,"column":52}},"34":{"start":{"line":185,"column":4},"end":{"line":185,"column":45}},"35":{"start":{"line":186,"column":4},"end":{"line":186,"column":47}},"36":{"start":{"line":187,"column":4},"end":{"line":187,"column":47}},"37":{"start":{"line":190,"column":4},"end":{"line":190,"column":58}},"38":{"start":{"line":191,"column":4},"end":{"line":191,"column":51}},"39":{"start":{"line":192,"column":4},"end":{"line":192,"column":55}},"40":{"start":{"line":193,"column":4},"end":{"line":193,"column":55}},"41":{"start":{"line":197,"column":4},"end":{"line":201,"column":5}},"42":{"start":{"line":198,"column":8},"end":{"line":198,"column":81}},"43":{"start":{"line":200,"column":8},"end":{"line":200,"column":83}}},"fnMap":{"0":{"name":"init","decl":{"start":{"line":16,"column":22},"end":{"line":16,"column":26}},"loc":{"start":{"line":16,"column":35},"end":{"line":48,"column":1}},"line":16},"1":{"name":"(anonymous_1)","decl":{"start":{"line":45,"column":55},"end":{"line":45,"column":56}},"loc":{"start":{"line":45,"column":61},"end":{"line":47,"column":5}},"line":45},"2":{"name":"injectStyles","decl":{"start":{"line":53,"column":9},"end":{"line":53,"column":21}},"loc":{"start":{"line":53,"column":24},"end":{"line":114,"column":1}},"line":53},"3":{"name":"loadPrivateClasses","decl":{"start":{"line":120,"column":15},"end":{"line":120,"column":33}},"loc":{"start":{"line":120,"column":36},"end":{"line":154,"column":1}},"line":120},"4":{"name":"renderCards","decl":{"start":{"line":156,"column":9},"end":{"line":156,"column":20}},"loc":{"start":{"line":156,"column":41},"end":{"line":176,"column":1}},"line":156},"5":{"name":"(anonymous_5)","decl":{"start":{"line":162,"column":38},"end":{"line":162,"column":39}},"loc":{"start":{"line":162,"column":52},"end":{"line":175,"column":5}},"line":162},"6":{"name":"(anonymous_6)","decl":{"start":{"line":182,"column":35},"end":{"line":182,"column":36}},"loc":{"start":{"line":182,"column":79},"end":{"line":202,"column":1}},"line":182}},"branchMap":{"0":{"loc":{"start":{"line":46,"column":8},"end":{"line":46,"column":97}},"type":"if","locations":[{"start":{"line":46,"column":8},"end":{"line":46,"column":97}},{"start":{},"end":{}}],"line":46},"1":{"loc":{"start":{"line":55,"column":4},"end":{"line":55,"column":49}},"type":"if","locations":[{"start":{"line":55,"column":4},"end":{"line":55,"column":49}},{"start":{},"end":{}}],"line":55},"2":{"loc":{"start":{"line":135,"column":8},"end":{"line":135,"column":31}},"type":"if","locations":[{"start":{"line":135,"column":8},"end":{"line":135,"column":31}},{"start":{},"end":{}}],"line":135},"3":{"loc":{"start":{"line":137,"column":8},"end":{"line":146,"column":9}},"type":"if","locations":[{"start":{"line":137,"column":8},"end":{"line":146,"column":9}},{"start":{},"end":{}}],"line":137},"4":{"loc":{"start":{"line":137,"column":12},"end":{"line":137,"column":38}},"type":"binary-expr","locations":[{"start":{"line":137,"column":12},"end":{"line":137,"column":17}},{"start":{"line":137,"column":21},"end":{"line":137,"column":38}}],"line":137},"5":{"loc":{"start":{"line":166,"column":26},"end":{"line":166,"column":54}},"type":"binary-expr","locations":[{"start":{"line":166,"column":26},"end":{"line":166,"column":40}},{"start":{"line":166,"column":44},"end":{"line":166,"column":54}}],"line":166},"6":{"loc":{"start":{"line":197,"column":4},"end":{"line":201,"column":5}},"type":"if","locations":[{"start":{"line":197,"column":4},"end":{"line":201,"column":5}},{"start":{"line":199,"column":11},"end":{"line":201,"column":5}}],"line":197}},"s":{"0":0,"1":0,"2":0,"3":0,"4":0,"5":0,"6":0,"7":0,"8":0,"9":0,"10":0,"11":0,"12":0,"13":0,"14":0,"15":0,"16":0,"17":0,"18":0,"19":0,"20":0,"21":0,"22":0,"23":0,"24":0,"25":0,"26":0,"27":0,"28":0,"29":0,"30":0,"31":0,"32":0,"33":0,"34":0,"35":0,"36":0,"37":0,"38":0,"39":0,"40":0,"41":0,"42":0,"43":0},"f":{"0":0,"1":0,"2":0,"3":0,"4":0,"5":0,"6":0},"b":{"0":[0,0],"1":[0,0],"2":[0,0],"3":[0,0],"4":[0,0],"5":[0,0],"6":[0,0]},"inputSourceMap":null}
,"/home/jailuser/git/modules/absensi-sekolah.js": {"path":"/home/jailuser/git/modules/absensi-sekolah.js","statementMap":{"0":{"start":{"line":9,"column":17},"end":{"line":9,"column":55}},"1":{"start":{"line":15,"column":0},"end":{"line":21,"column":2}},"2":{"start":{"line":16,"column":4},"end":{"line":16,"column":51}},"3":{"start":{"line":17,"column":4},"end":{"line":17,"column":55}},"4":{"start":{"line":18,"column":4},"end":{"line":20,"column":5}},"5":{"start":{"line":19,"column":8},"end":{"line":19,"column":80}},"6":{"start":{"line":24,"column":31},"end":{"line":24,"column":90}},"7":{"start":{"line":25,"column":27},"end":{"line":25,"column":82}},"8":{"start":{"line":27,"column":4},"end":{"line":27,"column":19}},"9":{"start":{"line":29,"column":4},"end":{"line":58,"column":6}},"10":{"start":{"line":60,"column":4},"end":{"line":60,"column":28}},"11":{"start":{"line":62,"column":4},"end":{"line":62,"column":79}},"12":{"start":{"line":62,"column":60},"end":{"line":62,"column":78}},"13":{"start":{"line":63,"column":4},"end":{"line":65,"column":6}},"14":{"start":{"line":64,"column":8},"end":{"line":64,"column":108}},"15":{"start":{"line":64,"column":38},"end":{"line":64,"column":108}},"16":{"start":{"line":69,"column":20},"end":{"line":69,"column":41}},"17":{"start":{"line":70,"column":4},"end":{"line":70,"column":49}},"18":{"start":{"line":70,"column":42},"end":{"line":70,"column":49}},"19":{"start":{"line":72,"column":18},"end":{"line":72,"column":49}},"20":{"start":{"line":73,"column":4},"end":{"line":73,"column":23}},"21":{"start":{"line":74,"column":4},"end":{"line":148,"column":6}},"22":{"start":{"line":149,"column":4},"end":{"line":149,"column":37}},"23":{"start":{"line":153,"column":17},"end":{"line":153,"column":54}},"24":{"start":{"line":154,"column":4},"end":{"line":169,"column":5}},"25":{"start":{"line":155,"column":20},"end":{"line":155,"column":132}},"26":{"start":{"line":156,"column":8},"end":{"line":163,"column":9}},"27":{"start":{"line":157,"column":31},"end":{"line":157,"column":73}},"28":{"start":{"line":158,"column":30},"end":{"line":158,"column":91}},"29":{"start":{"line":159,"column":12},"end":{"line":162,"column":13}},"30":{"start":{"line":161,"column":16},"end":{"line":161,"column":100}},"31":{"start":{"line":164,"column":32},"end":{"line":164,"column":57}},"32":{"start":{"line":165,"column":8},"end":{"line":165,"column":31}},"33":{"start":{"line":165,"column":19},"end":{"line":165,"column":31}},"34":{"start":{"line":166,"column":8},"end":{"line":166,"column":38}},"35":{"start":{"line":168,"column":8},"end":{"line":168,"column":82}},"36":{"start":{"line":173,"column":20},"end":{"line":173,"column":77}},"37":{"start":{"line":174,"column":22},"end":{"line":179,"column":5}},"38":{"start":{"line":181,"column":4},"end":{"line":184,"column":5}},"39":{"start":{"line":182,"column":8},"end":{"line":182,"column":103}},"40":{"start":{"line":183,"column":8},"end":{"line":183,"column":15}},"41":{"start":{"line":186,"column":4},"end":{"line":204,"column":16}},"42":{"start":{"line":187,"column":23},"end":{"line":187,"column":54}},"43":{"start":{"line":188,"column":25},"end":{"line":188,"column":60}},"44":{"start":{"line":189,"column":8},"end":{"line":203,"column":10}}},"fnMap":{"0":{"name":"(anonymous_0)","decl":{"start":{"line":15,"column":25},"end":{"line":15,"column":26}},"loc":{"start":{"line":15,"column":49},"end":{"line":21,"column":1}},"line":15},"1":{"name":"init","decl":{"start":{"line":23,"column":22},"end":{"line":23,"column":26}},"loc":{"start":{"line":23,"column":35},"end":{"line":66,"column":1}},"line":23},"2":{"name":"(anonymous_2)","decl":{"start":{"line":62,"column":54},"end":{"line":62,"column":55}},"loc":{"start":{"line":62,"column":60},"end":{"line":62,"column":78}},"line":62},"3":{"name":"(anonymous_3)","decl":{"start":{"line":63,"column":51},"end":{"line":63,"column":52}},"loc":{"start":{"line":63,"column":57},"end":{"line":65,"column":5}},"line":63},"4":{"name":"injectStyles","decl":{"start":{"line":68,"column":9},"end":{"line":68,"column":21}},"loc":{"start":{"line":68,"column":24},"end":{"line":150,"column":1}},"line":68},"5":{"name":"loadClasses","decl":{"start":{"line":152,"column":15},"end":{"line":152,"column":26}},"loc":{"start":{"line":152,"column":38},"end":{"line":170,"column":1}},"line":152},"6":{"name":"renderCards","decl":{"start":{"line":172,"column":9},"end":{"line":172,"column":20}},"loc":{"start":{"line":172,"column":41},"end":{"line":205,"column":1}},"line":172},"7":{"name":"(anonymous_7)","decl":{"start":{"line":186,"column":38},"end":{"line":186,"column":39}},"loc":{"start":{"line":186,"column":52},"end":{"line":204,"column":5}},"line":186}},"branchMap":{"0":{"loc":{"start":{"line":18,"column":4},"end":{"line":20,"column":5}},"type":"if","locations":[{"start":{"line":18,"column":4},"end":{"line":20,"column":5}},{"start":{},"end":{}}],"line":18},"1":{"loc":{"start":{"line":24,"column":31},"end":{"line":24,"column":90}},"type":"binary-expr","locations":[{"start":{"line":24,"column":31},"end":{"line":24,"column":73}},{"start":{"line":24,"column":77},"end":{"line":24,"column":90}}],"line":24},"2":{"loc":{"start":{"line":25,"column":27},"end":{"line":25,"column":82}},"type":"binary-expr","locations":[{"start":{"line":25,"column":27},"end":{"line":25,"column":65}},{"start":{"line":25,"column":69},"end":{"line":25,"column":82}}],"line":25},"3":{"loc":{"start":{"line":64,"column":8},"end":{"line":64,"column":108}},"type":"if","locations":[{"start":{"line":64,"column":8},"end":{"line":64,"column":108}},{"start":{},"end":{}}],"line":64},"4":{"loc":{"start":{"line":70,"column":4},"end":{"line":70,"column":49}},"type":"if","locations":[{"start":{"line":70,"column":4},"end":{"line":70,"column":49}},{"start":{},"end":{}}],"line":70},"5":{"loc":{"start":{"line":156,"column":8},"end":{"line":163,"column":9}},"type":"if","locations":[{"start":{"line":156,"column":8},"end":{"line":163,"column":9}},{"start":{},"end":{}}],"line":156},"6":{"loc":{"start":{"line":159,"column":12},"end":{"line":162,"column":13}},"type":"if","locations":[{"start":{"line":159,"column":12},"end":{"line":162,"column":13}},{"start":{},"end":{}}],"line":159},"7":{"loc":{"start":{"line":159,"column":16},"end":{"line":159,"column":39}},"type":"binary-expr","locations":[{"start":{"line":159,"column":16},"end":{"line":159,"column":26}},{"start":{"line":159,"column":30},"end":{"line":159,"column":39}}],"line":159},"8":{"loc":{"start":{"line":165,"column":8},"end":{"line":165,"column":31}},"type":"if","locations":[{"start":{"line":165,"column":8},"end":{"line":165,"column":31}},{"start":{},"end":{}}],"line":165},"9":{"loc":{"start":{"line":166,"column":20},"end":{"line":166,"column":30}},"type":"binary-expr","locations":[{"start":{"line":166,"column":20},"end":{"line":166,"column":24}},{"start":{"line":166,"column":28},"end":{"line":166,"column":30}}],"line":166},"10":{"loc":{"start":{"line":181,"column":4},"end":{"line":184,"column":5}},"type":"if","locations":[{"start":{"line":181,"column":4},"end":{"line":184,"column":5}},{"start":{},"end":{}}],"line":181},"11":{"loc":{"start":{"line":195,"column":43},"end":{"line":195,"column":76}},"type":"binary-expr","locations":[{"start":{"line":195,"column":43},"end":{"line":195,"column":58}},{"start":{"line":195,"column":62},"end":{"line":195,"column":76}}],"line":195},"12":{"loc":{"start":{"line":198,"column":63},"end":{"line":198,"column":77}},"type":"binary-expr","locations":[{"start":{"line":198,"column":63},"end":{"line":198,"column":70}},{"start":{"line":198,"column":74},"end":{"line":198,"column":77}}],"line":198},"13":{"loc":{"start":{"line":199,"column":57},"end":{"line":199,"column":82}},"type":"binary-expr","locations":[{"start":{"line":199,"column":57},"end":{"line":199,"column":65}},{"start":{"line":199,"column":69},"end":{"line":199,"column":82}}],"line":199}},"s":{"0":0,"1":0,"2":0,"3":0,"4":0,"5":0,"6":0,"7":0,"8":0,"9":0,"10":0,"11":0,"12":0,"13":0,"14":0,"15":0,"16":0,"17":0,"18":0,"19":0,"20":0,"21":0,"22":0,"23":0,"24":0,"25":0,"26":0,"27":0,"28":0,"29":0,"30":0,"31":0,"32":0,"33":0,"34":0,"35":0,"36":0,"37":0,"38":0,"39":0,"40":0,"41":0,"42":0,"43":0,"44":0},"f":{"0":0,"1":0,"2":0,"3":0,"4":0,"5":0,"6":0,"7":0},"b":{"0":[0,0],"1":[0,0],"2":[0,0],"3":[0,0],"4":[0,0],"5":[0,0],"6":[0,0],"7":[0,0],"8":[0,0],"9":[0,0],"10":[0,0],"11":[0,0],"12":[0,0],"13":[0,0]},"inputSourceMap":null}
,"/home/jailuser/git/modules/cloudinary-manager.js": {"path":"/home/jailuser/git/modules/cloudinary-manager.js","statementMap":{"0":{"start":{"line":4,"column":17},"end":{"line":4,"column":55}},"1":{"start":{"line":6,"column":18},"end":{"line":6,"column":20}},"2":{"start":{"line":7,"column":20},"end":{"line":7,"column":24}},"3":{"start":{"line":12,"column":0},"end":{"line":12,"column":47}},"4":{"start":{"line":12,"column":29},"end":{"line":12,"column":46}},"5":{"start":{"line":13,"column":0},"end":{"line":13,"column":49}},"6":{"start":{"line":13,"column":31},"end":{"line":13,"column":48}},"7":{"start":{"line":14,"column":0},"end":{"line":14,"column":70}},"8":{"start":{"line":14,"column":38},"end":{"line":14,"column":69}},"9":{"start":{"line":15,"column":0},"end":{"line":15,"column":50}},"10":{"start":{"line":15,"column":32},"end":{"line":15,"column":49}},"11":{"start":{"line":16,"column":0},"end":{"line":16,"column":48}},"12":{"start":{"line":16,"column":27},"end":{"line":16,"column":47}},"13":{"start":{"line":17,"column":0},"end":{"line":19,"column":2}},"14":{"start":{"line":18,"column":4},"end":{"line":18,"column":73}},"15":{"start":{"line":18,"column":39},"end":{"line":18,"column":73}},"16":{"start":{"line":22,"column":4},"end":{"line":22,"column":19}},"17":{"start":{"line":24,"column":4},"end":{"line":122,"column":6}},"18":{"start":{"line":124,"column":4},"end":{"line":124,"column":17}},"19":{"start":{"line":125,"column":4},"end":{"line":125,"column":25}},"20":{"start":{"line":129,"column":4},"end":{"line":138,"column":60}},"21":{"start":{"line":130,"column":32},"end":{"line":133,"column":53}},"22":{"start":{"line":134,"column":8},"end":{"line":134,"column":31}},"23":{"start":{"line":134,"column":19},"end":{"line":134,"column":31}},"24":{"start":{"line":135,"column":8},"end":{"line":135,"column":33}},"25":{"start":{"line":136,"column":8},"end":{"line":136,"column":21}},"26":{"start":{"line":137,"column":8},"end":{"line":137,"column":22}},"27":{"start":{"line":138,"column":18},"end":{"line":138,"column":58}},"28":{"start":{"line":142,"column":22},"end":{"line":142,"column":71}},"29":{"start":{"line":143,"column":4},"end":{"line":143,"column":27}},"30":{"start":{"line":143,"column":20},"end":{"line":143,"column":27}},"31":{"start":{"line":144,"column":4},"end":{"line":147,"column":5}},"32":{"start":{"line":145,"column":8},"end":{"line":145,"column":133}},"33":{"start":{"line":146,"column":8},"end":{"line":146,"column":15}},"34":{"start":{"line":148,"column":4},"end":{"line":179,"column":16}},"35":{"start":{"line":149,"column":22},"end":{"line":149,"column":47}},"36":{"start":{"line":150,"column":22},"end":{"line":150,"column":46}},"37":{"start":{"line":151,"column":24},"end":{"line":151,"column":60}},"38":{"start":{"line":152,"column":8},"end":{"line":178,"column":10}},"39":{"start":{"line":183,"column":16},"end":{"line":183,"column":85}},"40":{"start":{"line":184,"column":21},"end":{"line":184,"column":34}},"41":{"start":{"line":185,"column":4},"end":{"line":185,"column":66}},"42":{"start":{"line":186,"column":4},"end":{"line":194,"column":41}},"43":{"start":{"line":187,"column":32},"end":{"line":189,"column":10}},"44":{"start":{"line":190,"column":8},"end":{"line":190,"column":31}},"45":{"start":{"line":190,"column":19},"end":{"line":190,"column":31}},"46":{"start":{"line":191,"column":8},"end":{"line":191,"column":73}},"47":{"start":{"line":192,"column":8},"end":{"line":192,"column":29}},"48":{"start":{"line":193,"column":18},"end":{"line":193,"column":52}},"49":{"start":{"line":194,"column":14},"end":{"line":194,"column":39}},"50":{"start":{"line":198,"column":16},"end":{"line":198,"column":61}},"51":{"start":{"line":198,"column":38},"end":{"line":198,"column":60}},"52":{"start":{"line":199,"column":19},"end":{"line":199,"column":58}},"53":{"start":{"line":200,"column":22},"end":{"line":200,"column":64}},"54":{"start":{"line":201,"column":23},"end":{"line":201,"column":66}},"55":{"start":{"line":203,"column":4},"end":{"line":203,"column":34}},"56":{"start":{"line":204,"column":4},"end":{"line":204,"column":38}},"57":{"start":{"line":205,"column":4},"end":{"line":205,"column":38}},"58":{"start":{"line":207,"column":4},"end":{"line":242,"column":5}},"59":{"start":{"line":208,"column":32},"end":{"line":214,"column":10}},"60":{"start":{"line":216,"column":8},"end":{"line":219,"column":9}},"61":{"start":{"line":217,"column":28},"end":{"line":217,"column":94}},"62":{"start":{"line":217,"column":68},"end":{"line":217,"column":92}},"63":{"start":{"line":218,"column":12},"end":{"line":218,"column":61}},"64":{"start":{"line":221,"column":19},"end":{"line":221,"column":33}},"65":{"start":{"line":222,"column":8},"end":{"line":222,"column":32}},"66":{"start":{"line":223,"column":8},"end":{"line":223,"column":43}},"67":{"start":{"line":224,"column":8},"end":{"line":224,"column":47}},"68":{"start":{"line":225,"column":8},"end":{"line":225,"column":47}},"69":{"start":{"line":226,"column":8},"end":{"line":226,"column":44}},"70":{"start":{"line":228,"column":25},"end":{"line":230,"column":10}},"71":{"start":{"line":231,"column":26},"end":{"line":231,"column":47}},"72":{"start":{"line":232,"column":8},"end":{"line":232,"column":70}},"73":{"start":{"line":232,"column":29},"end":{"line":232,"column":70}},"74":{"start":{"line":234,"column":8},"end":{"line":234,"column":43}},"75":{"start":{"line":235,"column":8},"end":{"line":235,"column":88}},"76":{"start":{"line":237,"column":8},"end":{"line":237,"column":43}},"77":{"start":{"line":238,"column":8},"end":{"line":238,"column":87}},"78":{"start":{"line":240,"column":8},"end":{"line":240,"column":41}},"79":{"start":{"line":241,"column":8},"end":{"line":241,"column":39}},"80":{"start":{"line":246,"column":4},"end":{"line":250,"column":6}},"81":{"start":{"line":247,"column":8},"end":{"line":247,"column":56}},"82":{"start":{"line":248,"column":8},"end":{"line":248,"column":53}},"83":{"start":{"line":249,"column":8},"end":{"line":249,"column":43}},"84":{"start":{"line":251,"column":4},"end":{"line":251,"column":66}},"85":{"start":{"line":252,"column":4},"end":{"line":252,"column":99}},"86":{"start":{"line":252,"column":63},"end":{"line":252,"column":98}},"87":{"start":{"line":253,"column":4},"end":{"line":253,"column":97}},"88":{"start":{"line":253,"column":64},"end":{"line":253,"column":96}},"89":{"start":{"line":255,"column":21},"end":{"line":255,"column":61}},"90":{"start":{"line":256,"column":4},"end":{"line":256,"column":94}},"91":{"start":{"line":256,"column":18},"end":{"line":256,"column":94}},"92":{"start":{"line":256,"column":43},"end":{"line":256,"column":93}},"93":{"start":{"line":260,"column":15},"end":{"line":260,"column":54}},"94":{"start":{"line":261,"column":20},"end":{"line":269,"column":5}},"95":{"start":{"line":270,"column":4},"end":{"line":270,"column":149}},"96":{"start":{"line":270,"column":27},"end":{"line":270,"column":149}},"97":{"start":{"line":271,"column":4},"end":{"line":272,"column":68}},"98":{"start":{"line":271,"column":12},"end":{"line":271,"column":84}},"99":{"start":{"line":272,"column":9},"end":{"line":272,"column":68}},"100":{"start":{"line":273,"column":4},"end":{"line":273,"column":40}},"101":{"start":{"line":274,"column":4},"end":{"line":274,"column":25}},"102":{"start":{"line":278,"column":4},"end":{"line":278,"column":127}},"103":{"start":{"line":278,"column":38},"end":{"line":278,"column":103}},"104":{"start":{"line":278,"column":104},"end":{"line":278,"column":125}},"105":{"start":{"line":282,"column":4},"end":{"line":282,"column":102}},"106":{"start":{"line":282,"column":16},"end":{"line":282,"column":102}},"107":{"start":{"line":283,"column":4},"end":{"line":283,"column":90}},"108":{"start":{"line":284,"column":4},"end":{"line":284,"column":25}},"109":{"start":{"line":288,"column":4},"end":{"line":288,"column":20}},"110":{"start":{"line":288,"column":13},"end":{"line":288,"column":20}},"111":{"start":{"line":289,"column":14},"end":{"line":289,"column":48}},"112":{"start":{"line":289,"column":36},"end":{"line":289,"column":47}},"113":{"start":{"line":290,"column":4},"end":{"line":290,"column":51}},"114":{"start":{"line":291,"column":4},"end":{"line":291,"column":63}},"115":{"start":{"line":292,"column":4},"end":{"line":292,"column":62}},"116":{"start":{"line":293,"column":4},"end":{"line":293,"column":57}},"117":{"start":{"line":294,"column":4},"end":{"line":294,"column":63}},"118":{"start":{"line":295,"column":4},"end":{"line":295,"column":72}},"119":{"start":{"line":296,"column":4},"end":{"line":296,"column":66}},"120":{"start":{"line":297,"column":4},"end":{"line":297,"column":64}},"121":{"start":{"line":298,"column":4},"end":{"line":298,"column":39}},"122":{"start":{"line":302,"column":4},"end":{"line":302,"column":23}},"123":{"start":{"line":303,"column":4},"end":{"line":303,"column":71}},"124":{"start":{"line":304,"column":4},"end":{"line":304,"column":36}},"125":{"start":{"line":308,"column":15},"end":{"line":308,"column":42}},"126":{"start":{"line":309,"column":4},"end":{"line":309,"column":54}},"127":{"start":{"line":309,"column":12},"end":{"line":309,"column":54}},"128":{"start":{"line":313,"column":4},"end":{"line":313,"column":73}},"129":{"start":{"line":314,"column":19},"end":{"line":314,"column":53}},"130":{"start":{"line":314,"column":41},"end":{"line":314,"column":52}},"131":{"start":{"line":315,"column":4},"end":{"line":315,"column":147}},"132":{"start":{"line":319,"column":4},"end":{"line":319,"column":53}},"133":{"start":{"line":319,"column":46},"end":{"line":319,"column":53}},"134":{"start":{"line":320,"column":14},"end":{"line":320,"column":45}},"135":{"start":{"line":321,"column":4},"end":{"line":321,"column":23}},"136":{"start":{"line":322,"column":4},"end":{"line":347,"column":6}},"137":{"start":{"line":348,"column":4},"end":{"line":348,"column":33}}},"fnMap":{"0":{"name":"(anonymous_0)","decl":{"start":{"line":12,"column":21},"end":{"line":12,"column":22}},"loc":{"start":{"line":12,"column":29},"end":{"line":12,"column":46}},"line":12},"1":{"name":"(anonymous_1)","decl":{"start":{"line":13,"column":23},"end":{"line":13,"column":24}},"loc":{"start":{"line":13,"column":31},"end":{"line":13,"column":48}},"line":13},"2":{"name":"(anonymous_2)","decl":{"start":{"line":14,"column":22},"end":{"line":14,"column":23}},"loc":{"start":{"line":14,"column":38},"end":{"line":14,"column":69}},"line":14},"3":{"name":"(anonymous_3)","decl":{"start":{"line":15,"column":24},"end":{"line":15,"column":25}},"loc":{"start":{"line":15,"column":32},"end":{"line":15,"column":49}},"line":15},"4":{"name":"(anonymous_4)","decl":{"start":{"line":16,"column":19},"end":{"line":16,"column":20}},"loc":{"start":{"line":16,"column":27},"end":{"line":16,"column":47}},"line":16},"5":{"name":"(anonymous_5)","decl":{"start":{"line":17,"column":24},"end":{"line":17,"column":25}},"loc":{"start":{"line":17,"column":35},"end":{"line":19,"column":1}},"line":17},"6":{"name":"init","decl":{"start":{"line":21,"column":22},"end":{"line":21,"column":26}},"loc":{"start":{"line":21,"column":35},"end":{"line":126,"column":1}},"line":21},"7":{"name":"loadAccounts","decl":{"start":{"line":128,"column":15},"end":{"line":128,"column":27}},"loc":{"start":{"line":128,"column":30},"end":{"line":139,"column":1}},"line":128},"8":{"name":"renderList","decl":{"start":{"line":141,"column":9},"end":{"line":141,"column":19}},"loc":{"start":{"line":141,"column":22},"end":{"line":180,"column":1}},"line":141},"9":{"name":"(anonymous_9)","decl":{"start":{"line":148,"column":42},"end":{"line":148,"column":43}},"loc":{"start":{"line":148,"column":49},"end":{"line":179,"column":5}},"line":148},"10":{"name":"processSyncQuota","decl":{"start":{"line":182,"column":15},"end":{"line":182,"column":31}},"loc":{"start":{"line":182,"column":36},"end":{"line":195,"column":1}},"line":182},"11":{"name":"performSecureTest","decl":{"start":{"line":197,"column":15},"end":{"line":197,"column":32}},"loc":{"start":{"line":197,"column":39},"end":{"line":243,"column":1}},"line":197},"12":{"name":"(anonymous_12)","decl":{"start":{"line":198,"column":33},"end":{"line":198,"column":34}},"loc":{"start":{"line":198,"column":38},"end":{"line":198,"column":60}},"line":198},"13":{"name":"(anonymous_13)","decl":{"start":{"line":217,"column":61},"end":{"line":217,"column":62}},"loc":{"start":{"line":217,"column":68},"end":{"line":217,"column":92}},"line":217},"14":{"name":"bindEvents","decl":{"start":{"line":245,"column":9},"end":{"line":245,"column":19}},"loc":{"start":{"line":245,"column":22},"end":{"line":257,"column":1}},"line":245},"15":{"name":"(anonymous_15)","decl":{"start":{"line":246,"column":57},"end":{"line":246,"column":58}},"loc":{"start":{"line":246,"column":63},"end":{"line":250,"column":5}},"line":246},"16":{"name":"(anonymous_16)","decl":{"start":{"line":252,"column":57},"end":{"line":252,"column":58}},"loc":{"start":{"line":252,"column":63},"end":{"line":252,"column":98}},"line":252},"17":{"name":"(anonymous_17)","decl":{"start":{"line":253,"column":58},"end":{"line":253,"column":59}},"loc":{"start":{"line":253,"column":64},"end":{"line":253,"column":96}},"line":253},"18":{"name":"(anonymous_18)","decl":{"start":{"line":256,"column":37},"end":{"line":256,"column":38}},"loc":{"start":{"line":256,"column":43},"end":{"line":256,"column":93}},"line":256},"19":{"name":"saveAccount","decl":{"start":{"line":259,"column":15},"end":{"line":259,"column":26}},"loc":{"start":{"line":259,"column":29},"end":{"line":275,"column":1}},"line":259},"20":{"name":"processDelete","decl":{"start":{"line":277,"column":15},"end":{"line":277,"column":28}},"loc":{"start":{"line":277,"column":33},"end":{"line":279,"column":1}},"line":277},"21":{"name":"processToggleActive","decl":{"start":{"line":281,"column":15},"end":{"line":281,"column":34}},"loc":{"start":{"line":281,"column":47},"end":{"line":285,"column":1}},"line":281},"22":{"name":"openEditModal","decl":{"start":{"line":287,"column":9},"end":{"line":287,"column":22}},"loc":{"start":{"line":287,"column":27},"end":{"line":299,"column":1}},"line":287},"23":{"name":"(anonymous_23)","decl":{"start":{"line":289,"column":31},"end":{"line":289,"column":32}},"loc":{"start":{"line":289,"column":36},"end":{"line":289,"column":47}},"line":289},"24":{"name":"openTestModal","decl":{"start":{"line":301,"column":9},"end":{"line":301,"column":22}},"loc":{"start":{"line":301,"column":27},"end":{"line":305,"column":1}},"line":301},"25":{"name":"toggleModal","decl":{"start":{"line":307,"column":9},"end":{"line":307,"column":20}},"loc":{"start":{"line":307,"column":31},"end":{"line":310,"column":1}},"line":307},"26":{"name":"updateStats","decl":{"start":{"line":312,"column":9},"end":{"line":312,"column":20}},"loc":{"start":{"line":312,"column":23},"end":{"line":316,"column":1}},"line":312},"27":{"name":"(anonymous_27)","decl":{"start":{"line":314,"column":36},"end":{"line":314,"column":37}},"loc":{"start":{"line":314,"column":41},"end":{"line":314,"column":52}},"line":314},"28":{"name":"injectStyles","decl":{"start":{"line":318,"column":9},"end":{"line":318,"column":21}},"loc":{"start":{"line":318,"column":24},"end":{"line":349,"column":1}},"line":318}},"branchMap":{"0":{"loc":{"start":{"line":18,"column":4},"end":{"line":18,"column":73}},"type":"if","locations":[{"start":{"line":18,"column":4},"end":{"line":18,"column":73}},{"start":{},"end":{}}],"line":18},"1":{"loc":{"start":{"line":18,"column":8},"end":{"line":18,"column":37}},"type":"binary-expr","locations":[{"start":{"line":18,"column":8},"end":{"line":18,"column":19}},{"start":{"line":18,"column":23},"end":{"line":18,"column":37}}],"line":18},"2":{"loc":{"start":{"line":134,"column":8},"end":{"line":134,"column":31}},"type":"if","locations":[{"start":{"line":134,"column":8},"end":{"line":134,"column":31}},{"start":{},"end":{}}],"line":134},"3":{"loc":{"start":{"line":135,"column":22},"end":{"line":135,"column":32}},"type":"binary-expr","locations":[{"start":{"line":135,"column":22},"end":{"line":135,"column":26}},{"start":{"line":135,"column":30},"end":{"line":135,"column":32}}],"line":135},"4":{"loc":{"start":{"line":143,"column":4},"end":{"line":143,"column":27}},"type":"if","locations":[{"start":{"line":143,"column":4},"end":{"line":143,"column":27}},{"start":{},"end":{}}],"line":143},"5":{"loc":{"start":{"line":144,"column":4},"end":{"line":147,"column":5}},"type":"if","locations":[{"start":{"line":144,"column":4},"end":{"line":147,"column":5}},{"start":{},"end":{}}],"line":144},"6":{"loc":{"start":{"line":149,"column":22},"end":{"line":149,"column":47}},"type":"binary-expr","locations":[{"start":{"line":149,"column":22},"end":{"line":149,"column":42}},{"start":{"line":149,"column":46},"end":{"line":149,"column":47}}],"line":149},"7":{"loc":{"start":{"line":150,"column":22},"end":{"line":150,"column":46}},"type":"binary-expr","locations":[{"start":{"line":150,"column":22},"end":{"line":150,"column":40}},{"start":{"line":150,"column":44},"end":{"line":150,"column":46}}],"line":150},"8":{"loc":{"start":{"line":153,"column":35},"end":{"line":153,"column":64}},"type":"cond-expr","locations":[{"start":{"line":153,"column":51},"end":{"line":153,"column":59}},{"start":{"line":153,"column":62},"end":{"line":153,"column":64}}],"line":153},"9":{"loc":{"start":{"line":190,"column":8},"end":{"line":190,"column":31}},"type":"if","locations":[{"start":{"line":190,"column":8},"end":{"line":190,"column":31}},{"start":{},"end":{}}],"line":190},"10":{"loc":{"start":{"line":216,"column":8},"end":{"line":219,"column":9}},"type":"if","locations":[{"start":{"line":216,"column":8},"end":{"line":219,"column":9}},{"start":{},"end":{}}],"line":216},"11":{"loc":{"start":{"line":218,"column":28},"end":{"line":218,"column":59}},"type":"binary-expr","locations":[{"start":{"line":218,"column":28},"end":{"line":218,"column":41}},{"start":{"line":218,"column":45},"end":{"line":218,"column":59}}],"line":218},"12":{"loc":{"start":{"line":232,"column":8},"end":{"line":232,"column":70}},"type":"if","locations":[{"start":{"line":232,"column":8},"end":{"line":232,"column":70}},{"start":{},"end":{}}],"line":232},"13":{"loc":{"start":{"line":256,"column":4},"end":{"line":256,"column":94}},"type":"if","locations":[{"start":{"line":256,"column":4},"end":{"line":256,"column":94}},{"start":{},"end":{}}],"line":256},"14":{"loc":{"start":{"line":270,"column":4},"end":{"line":270,"column":149}},"type":"if","locations":[{"start":{"line":270,"column":4},"end":{"line":270,"column":149}},{"start":{},"end":{}}],"line":270},"15":{"loc":{"start":{"line":271,"column":4},"end":{"line":272,"column":68}},"type":"if","locations":[{"start":{"line":271,"column":4},"end":{"line":272,"column":68}},{"start":{"line":272,"column":9},"end":{"line":272,"column":68}}],"line":271},"16":{"loc":{"start":{"line":278,"column":4},"end":{"line":278,"column":127}},"type":"if","locations":[{"start":{"line":278,"column":4},"end":{"line":278,"column":127}},{"start":{},"end":{}}],"line":278},"17":{"loc":{"start":{"line":282,"column":4},"e
[...]
column":65},"end":{"line":731,"column":86}}],"line":731},"19":{"loc":{"start":{"line":731,"column":65},"end":{"line":731,"column":86}},"type":"binary-expr","locations":[{"start":{"line":731,"column":65},"end":{"line":731,"column":79}},{"start":{"line":731,"column":83},"end":{"line":731,"column":86}}],"line":731},"20":{"loc":{"start":{"line":741,"column":4},"end":{"line":741,"column":65}},"type":"if","locations":[{"start":{"line":741,"column":4},"end":{"line":741,"column":65}},{"start":{},"end":{}}],"line":741},"21":{"loc":{"start":{"line":749,"column":35},"end":{"line":749,"column":84}},"type":"cond-expr","locations":[{"start":{"line":749,"column":56},"end":{"line":749,"column":70}},{"start":{"line":749,"column":73},"end":{"line":749,"column":84}}],"line":749},"22":{"loc":{"start":{"line":751,"column":4},"end":{"line":765,"column":5}},"type":"if","locations":[{"start":{"line":751,"column":4},"end":{"line":765,"column":5}},{"start":{"line":757,"column":11},"end":{"line":765,"column":5}}],"line":751},"23":{"loc":{"start":{"line":753,"column":25},"end":{"line":753,"column":103}},"type":"binary-expr","locations":[{"start":{"line":753,"column":25},"end":{"line":753,"column":50}},{"start":{"line":753,"column":54},"end":{"line":753,"column":85}},{"start":{"line":753,"column":89},"end":{"line":753,"column":103}}],"line":753},"24":{"loc":{"start":{"line":757,"column":11},"end":{"line":765,"column":5}},"type":"if","locations":[{"start":{"line":757,"column":11},"end":{"line":765,"column":5}},{"start":{},"end":{}}],"line":757},"25":{"loc":{"start":{"line":759,"column":25},"end":{"line":759,"column":85}},"type":"binary-expr","locations":[{"start":{"line":759,"column":25},"end":{"line":759,"column":50}},{"start":{"line":759,"column":54},"end":{"line":759,"column":85}}],"line":759},"26":{"loc":{"start":{"line":761,"column":21},"end":{"line":761,"column":99}},"type":"binary-expr","locations":[{"start":{"line":761,"column":21},"end":{"line":761,"column":46}},{"start":{"line":761,"column":50},"end":{"line":761,"column":81}},{"start":{"line":761,"column":85},"end":{"line":761,"column":99}}],"line":761},"27":{"loc":{"start":{"line":763,"column":15},"end":{"line":763,"column":215}},"type":"cond-expr","locations":[{"start":{"line":763,"column":26},"end":{"line":763,"column":143}},{"start":{"line":763,"column":146},"end":{"line":763,"column":215}}],"line":763},"28":{"loc":{"start":{"line":793,"column":8},"end":{"line":793,"column":85}},"type":"if","locations":[{"start":{"line":793,"column":8},"end":{"line":793,"column":85}},{"start":{},"end":{}}],"line":793},"29":{"loc":{"start":{"line":793,"column":12},"end":{"line":793,"column":70}},"type":"binary-expr","locations":[{"start":{"line":793,"column":12},"end":{"line":793,"column":42}},{"start":{"line":793,"column":46},"end":{"line":793,"column":70}}],"line":793},"30":{"loc":{"start":{"line":797,"column":16},"end":{"line":797,"column":96}},"type":"binary-expr","locations":[{"start":{"line":797,"column":16},"end":{"line":797,"column":54}},{"start":{"line":797,"column":58},"end":{"line":797,"column":96}}],"line":797},"31":{"loc":{"start":{"line":803,"column":4},"end":{"line":809,"column":5}},"type":"if","locations":[{"start":{"line":803,"column":4},"end":{"line":809,"column":5}},{"start":{},"end":{}}],"line":803},"32":{"loc":{"start":{"line":817,"column":8},"end":{"line":845,"column":9}},"type":"if","locations":[{"start":{"line":817,"column":8},"end":{"line":845,"column":9}},{"start":{"line":835,"column":15},"end":{"line":845,"column":9}}],"line":817},"33":{"loc":{"start":{"line":849,"column":24},"end":{"line":849,"column":49}},"type":"cond-expr","locations":[{"start":{"line":849,"column":38},"end":{"line":849,"column":41}},{"start":{"line":849,"column":44},"end":{"line":849,"column":49}}],"line":849},"34":{"loc":{"start":{"line":851,"column":22},"end":{"line":851,"column":62}},"type":"cond-expr","locations":[{"start":{"line":851,"column":36},"end":{"line":851,"column":38}},{"start":{"line":851,"column":41},"end":{"line":851,"column":62}}],"line":851},"35":{"loc":{"start":{"line":861,"column":67},"end":{"line":861,"column":80}},"type":"binary-expr","locations":[{"start":{"line":861,"column":67},"end":{"line":861,"column":73}},{"start":{"line":861,"column":77},"end":{"line":861,"column":80}}],"line":861},"36":{"loc":{"start":{"line":863,"column":22},"end":{"line":863,"column":140}},"type":"cond-expr","locations":[{"start":{"line":863,"column":37},"end":{"line":863,"column":135}},{"start":{"line":863,"column":138},"end":{"line":863,"column":140}}],"line":863},"37":{"loc":{"start":{"line":885,"column":44},"end":{"line":885,"column":84}},"type":"binary-expr","locations":[{"start":{"line":885,"column":44},"end":{"line":885,"column":60}},{"start":{"line":885,"column":64},"end":{"line":885,"column":84}}],"line":885},"38":{"loc":{"start":{"line":889,"column":4},"end":{"line":889,"column":172}},"type":"if","locations":[{"start":{"line":889,"column":4},"end":{"line":889,"column":172}},{"start":{},"end":{}}],"line":889},"39":{"loc":{"start":{"line":897,"column":43},"end":{"line":897,"column":56}},"type":"binary-expr","locations":[{"start":{"line":897,"column":43},"end":{"line":897,"column":49}},{"start":{"line":897,"column":53},"end":{"line":897,"column":56}}],"line":897},"40":{"loc":{"start":{"line":929,"column":4},"end":{"line":929,"column":165}},"type":"if","locations":[{"start":{"line":929,"column":4},"end":{"line":929,"column":165}},{"start":{},"end":{}}],"line":929},"41":{"loc":{"start":{"line":937,"column":43},"end":{"line":937,"column":56}},"type":"binary-expr","locations":[{"start":{"line":937,"column":43},"end":{"line":937,"column":49}},{"start":{"line":937,"column":53},"end":{"line":937,"column":56}}],"line":937},"42":{"loc":{"start":{"line":981,"column":4},"end":{"line":981,"column":109}},"type":"if","locations":[{"start":{"line":981,"column":4},"end":{"line":981,"column":109}},{"start":{},"end":{}}],"line":981},"43":{"loc":{"start":{"line":981,"column":8},"end":{"line":981,"column":45}},"type":"binary-expr","locations":[{"start":{"line":981,"column":8},"end":{"line":981,"column":14}},{"start":{"line":981,"column":19},"end":{"line":981,"column":22}},{"start":{"line":981,"column":26},"end":{"line":981,"column":35}},{"start":{"line":981,"column":40},"end":{"line":981,"column":45}}],"line":981},"44":{"loc":{"start":{"line":1003,"column":43},"end":{"line":1003,"column":67}},"type":"cond-expr","locations":[{"start":{"line":1003,"column":48},"end":{"line":1003,"column":56}},{"start":{"line":1003,"column":59},"end":{"line":1003,"column":67}}],"line":1003},"45":{"loc":{"start":{"line":1009,"column":8},"end":{"line":1023,"column":9}},"type":"if","locations":[{"start":{"line":1009,"column":8},"end":{"line":1023,"column":9}},{"start":{"line":1017,"column":15},"end":{"line":1023,"column":9}}],"line":1009},"46":{"loc":{"start":{"line":1043,"column":4},"end":{"line":1043,"column":67}},"type":"if","locations":[{"start":{"line":1043,"column":4},"end":{"line":1043,"column":67}},{"start":{},"end":{}}],"line":1043},"47":{"loc":{"start":{"line":1061,"column":8},"end":{"line":1063,"column":52}},"type":"if","locations":[{"start":{"line":1061,"column":8},"end":{"line":1063,"column":52}},{"start":{"line":1063,"column":13},"end":{"line":1063,"column":52}}],"line":1061},"48":{"loc":{"start":{"line":1075,"column":4},"end":{"line":1075,"column":24}},"type":"if","locations":[{"start":{"line":1075,"column":4},"end":{"line":1075,"column":24}},{"start":{},"end":{}}],"line":1075},"49":{"loc":{"start":{"line":1081,"column":4},"end":{"line":1111,"column":5}},"type":"if","locations":[{"start":{"line":1081,"column":4},"end":{"line":1111,"column":5}},{"start":{},"end":{}}],"line":1081},"50":{"loc":{"start":{"line":1085,"column":8},"end":{"line":1109,"column":9}},"type":"if","locations":[{"start":{"line":1085,"column":8},"end":{"line":1109,"column":9}},{"start":{},"end":{}}],"line":1085},"51":{"loc":{"start":{"line":1089,"column":56},"end":{"line":1089,"column":68}},"type":"binary-expr","locations":[{"start":{"line":1089,"column":56},"end":{"line":1089,"column":62}},{"start":{"line":1089,"column":66},"end":{"line":1089,"column":68}}],"line":1089},"52":{"loc":{"start":{"line":1113,"column":4},"end":{"line":1117,"column":5}},"type":"if","locations":[{"start":{"line":1113,"column":4},"end":{"line":1117,"column":5}},{"start":{},"end":{}}],"line":1113},"53":{"loc":{"start":{"line":1169,"column":4},"end":{"line":1173,"column":5}},"type":"if","locations":[{"start":{"line":1169,"column":4},"end":{"line":1173,"column":5}},{"start":{},"end":{}}],"line":1169},"54":{"loc":{"start":{"line":1169,"column":8},"end":{"line":1169,"column":60}},"type":"binary-expr","locations":[{"start":{"line":1169,"column":8},"end":{"line":1169,"column":14}},{"start":{"line":1169,"column":18},"end":{"line":1169,"column":60}}],"line":1169},"55":{"loc":{"start":{"line":1183,"column":4},"end":{"line":1183,"column":22}},"type":"if","locations":[{"start":{"line":1183,"column":4},"end":{"line":1183,"column":22}},{"start":{},"end":{}}],"line":1183},"56":{"loc":{"start":{"line":1187,"column":81},"end":{"line":1187,"column":104}},"type":"binary-expr","locations":[{"start":{"line":1187,"column":81},"end":{"line":1187,"column":90}},{"start":{"line":1187,"column":94},"end":{"line":1187,"column":104}}],"line":1187},"57":{"loc":{"start":{"line":1223,"column":72},"end":{"line":1223,"column":114}},"type":"cond-expr","locations":[{"start":{"line":1223,"column":98},"end":{"line":1223,"column":105}},{"start":{"line":1223,"column":108},"end":{"line":1223,"column":114}}],"line":1223},"58":{"loc":{"start":{"line":1265,"column":4},"end":{"line":1277,"column":5}},"type":"if","locations":[{"start":{"line":1265,"column":4},"end":{"line":1277,"column":5}},{"start":{"line":1271,"column":11},"end":{"line":1277,"column":5}}],"line":1265},"59":{"loc":{"start":{"line":1271,"column":11},"end":{"line":1277,"column":5}},"type":"if","locations":[{"start":{"line":1271,"column":11},"end":{"line":1277,"column":5}},{"start":{},"end":{}}],"line":1271},"60":{"loc":{"start":{"line":1291,"column":4},"end":{"line":1291,"column":47}},"type":"if","locations":[{"start":{"line":1291,"column":4},"end":{"line":1291,"column":47}},{"start":{},"end":{}}],"line":1291},"61":{"loc":{"start":{"line":1291,"column":8},"end":{"line":1291,"column":38}},"type":"binary-expr","locations":[{"start":{"line":1291,"column":8},"end":{"line":1291,"column":26}},{"start":{"line":1291,"column":30},"end":{"line":1291,"column":38}}],"line":1291},"62":{"loc":{"start":{"line":1297,"column":18},"end":{"line":1297,"column":66}},"type":"cond-expr","locations":[{"start":{"line":1297,"column":39},"end":{"line":1297,"column":48}},{"start":{"line":1297,"column":51},"end":{"line":1297,"column":66}}],"line":1297},"63":{"loc":{"start":{"line":1299,"column":19},"end":{"line":1299,"column":64}},"type":"cond-expr","locations":[{"start":{"line":1299,"column":40},"end":{"line":1299,"column":51}},{"start":{"line":1299,"column":54},"end":{"line":1299,"column":64}}],"line":1299},"64":{"loc":{"start":{"line":1325,"column":4},"end":{"line":1325,"column":79}},"type":"if","locations":[{"start":{"line":1325,"column":4},"end":{"line":1325,"column":79}},{"start":{},"end":{}}],"line":1325},"65":{"loc":{"start":{"line":1325,"column":8},"end":{"line":1325,"column":36}},"type":"binary-expr","locations":[{"start":{"line":1325,"column":8},"end":{"line":1325,"column":15}},{"start":{"line":1325,"column":19},"end":{"line":1325,"column":24}},{"start":{"line":1325,"column":28},"end":{"line":1325,"column":36}}],"line":1325},"66":{"loc":{"start":{"line":1327,"column":4},"end":{"line":1327,"column":90}},"type":"if","locations":[{"start":{"line":1327,"column":4},"end":{"line":1327,"column":90}},{"start":{},"end":{}}],"line":1327},"67":{"loc":{"start":{"line":1327,"column":8},"end":{"line":1327,"column":37}},"type":"binary-expr","locations":[{"start":{"line":1327,"column":8},"end":{"line":1327,"column":26}},{"start":{"line":1327,"column":30},"end":{"line":1327,"column":37}}],"line":1327},"68":{"loc":{"start":{"line":1339,"column":19},"end":{"line":1339,"column":54}},"type":"cond-expr","locations":[{"start":{"line":1339,"column":40},"end":{"line":1339,"column":47}},{"start":{"line":1339,"column":50},"end":{"line":1339,"column":54}}],"line":1339},"69":{"loc":{"start":{"line":1341,"column":18},"end":{"line":1341,"column":62}},"type":"cond-expr","locations":[{"start":{"line":1341,"column":40},"end":{"line":1341,"column":54}},{"start":{"line":1341,"column":58},"end":{"line":1341,"column":62}}],"line":1341},"70":{"loc":{"start":{"line":1341,"column":40},"end":{"line":1341,"column":54}},"type":"binary-expr","locations":[{"start":{"line":1341,"column":40},"end":{"line":1341,"column":46}},{"start":{"line":1341,"column":50},"end":{"line":1341,"column":54}}],"line":1341},"71":{"loc":{"start":{"line":1343,"column":18},"end":{"line":1343,"column":53}},"type":"cond-expr","locations":[{"start":{"line":1343,"column":39},"end":{"line":1343,"column":46}},{"start":{"line":1343,"column":49},"end":{"line":1343,"column":53}}],"line":1343},"72":{"loc":{"start":{"line":1345,"column":26},"end":{"line":1345,"column":70}},"type":"cond-expr","locations":[{"start":{"line":1345,"column":48},"end":{"line":1345,"column":62}},{"start":{"line":1345,"column":66},"end":{"line":1345,"column":70}}],"line":1345},"73":{"loc":{"start":{"line":1345,"column":48},"end":{"line":1345,"column":62}},"type":"binary-expr","locations":[{"start":{"line":1345,"column":48},"end":{"line":1345,"column":54}},{"start":{"line":1345,"column":58},"end":{"line":1345,"column":62}}],"line":1345},"74":{"loc":{"start":{"line":1353,"column":4},"end":{"line":1353,"column":134}},"type":"if","locations":[{"start":{"line":1353,"column":4},"end":{"line":1353,"column":134}},{"start":{"line":1353,"column":64},"end":{"line":1353,"column":134}}],"line":1353},"75":{"loc":{"start":{"line":1365,"column":4},"end":{"line":1369,"column":5}},"type":"if","locations":[{"start":{"line":1365,"column":4},"end":{"line":1369,"column":5}},{"start":{},"end":{}}],"line":1365},"76":{"loc":{"start":{"line":1365,"column":8},"end":{"line":1365,"column":60}},"type":"binary-expr","locations":[{"start":{"line":1365,"column":8},"end":{"line":1365,"column":14}},{"start":{"line":1365,"column":18},"end":{"line":1365,"column":60}}],"line":1365},"77":{"loc":{"start":{"line":1379,"column":4},"end":{"line":1379,"column":22}},"type":"if","locations":[{"start":{"line":1379,"column":4},"end":{"line":1379,"column":22}},{"start":{},"end":{}}],"line":1379},"78":{"loc":{"start":{"line":1383,"column":84},"end":{"line":1383,"column":107}},"type":"binary-expr","locations":[{"start":{"line":1383,"column":84},"end":{"line":1383,"column":93}},{"start":{"line":1383,"column":97},"end":{"line":1383,"column":107}}],"line":1383},"79":{"loc":{"start":{"line":1399,"column":48},"end":{"line":1399,"column":90}},"type":"cond-expr","locations":[{"start":{"line":1399,"column":75},"end":{"line":1399,"column":85}},{"start":{"line":1399,"column":88},"end":{"line":1399,"column":90}}],"line":1399},"80":{"loc":{"start":{"line":1431,"column":4},"end":{"line":1431,"column":73}},"type":"if","locations":[{"start":{"line":1431,"column":4},"end":{"line":1431,"column":73}},{"start":{},"end":{}}],"line":1431},"81":{"loc":{"start":{"line":1441,"column":4},"end":{"line":1443,"column":71}},"type":"if","locations":[{"start":{"line":1441,"column":4},"end":{"line":1443,"column":71}},{"start":{"line":1443,"column":9},"end":{"line":1443,"column":71}}],"line":1441},"82":{"loc":{"start":{"line":1449,"column":24},"end":{"line":1449,"column":39}},"type":"default-arg","locations":[{"start":{"line":1449,"column":34},"end":{"line":1449,"column":39}}],"line":1449},"83":{"loc":{"start":{"line":1453,"column":4},"end":{"line":1453,"column":19}},"type":"if","locations":[{"start":{"line":1453,"column":4},"end":{"line":1453,"column":19}},{"start":{},"end":{}}],"line":1453},"84":{"loc":{"start":{"line":1455,"column":40},"end":{"line":1455,"column":93}},"type":"cond-expr","locations":[{"start":{"line":1455,"column":50},"end":{"line":1455,"column":73}},{"start":{"line":1455,"column":76},"end":{"line":1455,"column":93}}],"line":1455},"85":{"loc":{"start":{"line":1457,"column":18},"end":{"line":1457,"column":51}},"type":"cond-expr","locations":[{"start":{"line":1457,"column":28},"end":{"line":1457,"column":41}},{"start":{"line":1457,"column":44},"end":{"line":1457,"column":51}}],"line":1457}},"s":{"0":52,"1":52,"2":52,"3":52,"4":52,"5":52,"6":53,"7":53,"8":53,"9":53,"10":53,"11":52,"12":1,"13":1,"14":1,"15":1,"16":53,"17":53,"18":53,"19":53,"20":53,"21":2,"22":2,"23":51,"24":42,"25":42,"26":42,"27":42,"28":42,"29":168,"30":42,"31":42,"32":51,"33":51,"34":51,"35":51,"36":51,"37":153,"38":153,"39":153,"40":7,"41":51,"42":51,"43":51,"44":51,"45":51,"46":51,"47":51,"48":7,"49":21,"50":7,"51":21,"52":7,"53":7,"54":1,"55":7,"56":4,"57":7,"58":2,"59":7,"60":7,"61":7,"62":7,"63":7,"64":7,"65":51,"66":51,"67":51,"68":57,"69":57,"70":0,"71":57,"72":0,"73":57,"74":57,"75":57,"76":9,"77":0,"78":0,"79":0,"80":0,"81":0,"82":0,"83":0,"84":0,"85":0,"86":0,"87":59,"88":59,"89":59,"90":0,"91":0,"92":0,"93":59,"94":59,"95":59,"96":0,"97":0,"98":0,"99":0,"100":0,"101":0,"102":0,"103":0,"104":57,"105":57,"106":0,"107":57,"108":57,"109":0,"110":0,"111":9,"112":9,"113":0,"114":9,"115":9,"116":0,"117":0,"118":9,"119":9,"120":9,"121":9,"122":9,"123":9,"124":2,"125":7,"126":7,"127":7,"128":7,"129":7,"130":7,"131":6,"132":5,"133":5,"134":5,"135":1,"136":1,"137":1,"138":7,"139":7,"140":2,"141":1,"142":1,"143":1,"144":1,"145":1,"146":1,"147":1,"148":0,"149":0,"150":3,"151":3,"152":0,"153":3,"154":3,"155":1,"156":0,"157":1,"158":0,"159":0,"160":0,"161":0,"162":0,"163":0,"164":0,"165":0,"166":3,"167":2,"168":6,"169":6,"170":6,"171":6,"172":6,"173":6,"174":6,"175":6,"176":1,"177":1,"178":1,"179":1,"180":1,"181":0,"182":1,"183":1,"184":0,"185":0,"186":0,"187":0,"188":0,"189":0,"190":0,"191":0,"192":0,"193":0,"194":0,"195":0,"196":0,"197":0,"198":0,"199":0,"200":0,"201":0,"202":0,"203":0,"204":0,"205":0,"206":0,"207":0,"208":0,"209":0,"210":0,"211":0,"212":0,"213":0,"214":0,"215":0,"216":0,"217":0,"218":0,"219":0,"220":0,"221":0,"222":0,"223":0,"224":0,"225":0,"226":0,"227":0,"228":0,"229":0,"230":0,"231":1,"232":1,"233":1,"234":1,"235":0,"236":1,"237":1,"238":0,"239":0,"240":0,"241":0,"242":0,"243":0,"244":0,"245":0,"246":0,"247":0,"248":0,"249":0,"250":0,"251":0,"252":0,"253":0,"254":0,"255":11,"256":11,"257":0,"258":11,"259":11,"260":11,"261":11,"262":0},"f":{"0":53,"1":53,"2":53,"3":51,"4":153,"5":7,"6":7,"7":21,"8":21,"9":51,"10":57,"11":0,"12":0,"13":0,"14":59,"15":0,"16":0,"17":57,"18":0,"19":0,"20":9,"21":0,"22":0,"23":9,"24":2,"25":3,"26":0,"27":6,"28":1,"29":1,"30":1,"31":0,"32":0,"33":0,"34":0,"35":0,"36":0,"37":0,"38":0,"39":0,"40":1,"41":1,"42":0,"43":0,"44":0,"45":0,"46":11,"47":0},"b":{"0":[52,1],"1":[53,0],"2":[53,0],"3":[2,51],"4":[53,44,43],"5":[42,9],"6":[42,0],"7":[42,126],"8":[153,0],"9":[1,6],"10":[4,3],"11":[2,5],"12":[7,0],"13":[7,0],"14":[51,0],"15":[0,57],"16":[0,0],"17":[0,0],"18":[0,0],"19":[0,0],"20":[9,48],"21":[0,0],"22":[0,0],"23":[0,0,0],"24":[0,0],"25":[0,0],"26":[0,0,0],"27":[0,0],"28":[0,0],"29":[0,0],"30":[0,0],"31":[59,0],"32":[0,0],"33":[0,0],"34":[0,0],"35":[0,0],"36":[0,0],"37":[0,0],"38":[57,0],"39":[0,0],"40":[9,0],"41":[0,0],"42":[2,7],"43":[9,8,7,7],"44":[1,6],"45":[5,1],"46":[1,1],"47":[1,0],"48":[0,3],"49":[1,2],"50":[0,1],"51":[0,0],"52":[2,1],"53":[1,0],"54":[1,1],"55":[1,0],"56":[0,0],"57":[0,0],"58":[0,0],"59":[0,0],"60":[0,0],"61":[0,0],"62":[0,0],"63":[0,0],"64":[0,0],"65":[0,0,0],"66":[0,0],"67":[0,0],"68":[0,0],"69":[0,0],"70":[0,0],"71":[0,0],"72":[0,0],"73":[0,0],"74":[0,0],"75":[1,0],"76":[1,1],"77":[1,0],"78":[0,0],"79":[0,0],"80":[0,0],"81":[0,0],"82":[7],"83":[0,11],"84":[4,7],"85":[4,7]},"inputSourceMap":null,"_coverageSchema":"1a1c01bbd47fc00a2c39e90264f33305004495a9","hash":"b30a9563a080d26c9dd7a7235fddfdc304ce2016"}
}