TN:
SF:modules/absensi-harian.js
FN:30,init
FN:171,injectStyles
FN:277,setupLogic
FN:304,setupEvents
FN:306,(anonymous_4)
FN:307,(anonymous_5)
FN:310,(anonymous_6)
FN:316,(anonymous_7)
FN:318,(anonymous_8)
FN:326,(anonymous_9)
FN:331,(anonymous_10)
FN:341,(anonymous_11)
FN:346,(anonymous_12)
FN:362,(anonymous_13)
FN:376,loadSesiPenuh
FN:404,initTable
FN:422,(anonymous_16)
FN:425,(anonymous_17)
FN:430,(anonymous_18)
FN:435,(anonymous_19)
FN:436,(anonymous_20)
FN:456,(anonymous_21)
FN:470,handleAbsensiSubmit
FN:482,(anonymous_23)
FN:527,getIcon
FN:528,(anonymous_25)
FN:532,showToast
FN:539,(anonymous_27)
FN:542,toggleFormPanel
FN:548,(anonymous_29)
FN:549,(anonymous_30)
FN:557,updateTotalHadir
FN:562,resetFormMateri
FN:573,renderHeader
FN:582,loadLevelOptions
FN:585,(anonymous_35)
FN:587,loadGuruDropdowns
FN:591,(anonymous_37)
FN:593,loadAchievementSuggestions
FN:595,(anonymous_39)
FN:595,(anonymous_40)
FN:597,loadPertemuanOptions
FN:600,(anonymous_42)
FN:602,tampilkanDaftarMateri
FN:607,(anonymous_44)
FN:614,(anonymous_45)
FN:620,loadMateriSuggestions
FN:625,(anonymous_47)
FN:629,handleMateriSubmit
FN:655,addTargetToUI
FN:659,renderTargetListUI
FN:660,(anonymous_51)
FN:664,(anonymous_52)
FN:668,saveTargetsToDB
FN:681,renderSubSelector
FN:681,(anonymous_55)
FNF:56
FNH:0
FNDA:0,init
FNDA:0,injectStyles
FNDA:0,setupLogic
FNDA:0,setupEvents
FNDA:0,(anonymous_4)
FNDA:0,(anonymous_5)
FNDA:0,(anonymous_6)
FNDA:0,(anonymous_7)
FNDA:0,(anonymous_8)
FNDA:0,(anonymous_9)
FNDA:0,(anonymous_10)
FNDA:0,(anonymous_11)
FNDA:0,(anonymous_12)
FNDA:0,(anonymous_13)
FNDA:0,loadSesiPenuh
FNDA:0,initTable
FNDA:0,(anonymous_16)
FNDA:0,(anonymous_17)
FNDA:0,(anonymous_18)
FNDA:0,(anonymous_19)
FNDA:0,(anonymous_20)
FNDA:0,(anonymous_21)
FNDA:0,handleAbsensiSubmit
FNDA:0,(anonymous_23)
FNDA:0,getIcon
FNDA:0,(anonymous_25)
FNDA:0,showToast
FNDA:0,(anonymous_27)
FNDA:0,toggleFormPanel
FNDA:0,(anonymous_29)
FNDA:0,(anonymous_30)
FNDA:0,updateTotalHadir
FNDA:0,resetFormMateri
FNDA:0,renderHeader
FNDA:0,loadLevelOptions
FNDA:0,(anonymous_35)
FNDA:0,loadGuruDropdowns
FNDA:0,(anonymous_37)
FNDA:0,loadAchievementSuggestions
FNDA:0,(anonymous_39)
FNDA:0,(anonymous_40)
FNDA:0,loadPertemuanOptions
FNDA:0,(anonymous_42)
FNDA:0,tampilkanDaftarMateri
FNDA:0,(anonymous_44)
FNDA:0,(anonymous_45)
FNDA:0,loadMateriSuggestions
FNDA:0,(anonymous_47)
FNDA:0,handleMateriSubmit
FNDA:0,addTargetToUI
FNDA:0,renderTargetListUI
FNDA:0,(anonymous_51)
FNDA:0,(anonymous_52)
FNDA:0,saveTargetsToDB
FNDA:0,renderSubSelector
FNDA:0,(anonymous_55)
DA:10,0
DA:13,0
DA:14,0
DA:15,0
DA:16,0
DA:19,0
DA:31,0
DA:32,0
DA:33,0
DA:34,0
DA:35,0
DA:38,0
DA:40,0
DA:165,0
DA:172,0
DA:173,0
DA:174,0
DA:175,0
DA:270,0
DA:278,0
DA:279,0
DA:280,0
DA:281,0
DA:284,0
DA:287,0
DA:294,0
DA:296,0
DA:299,0
DA:300,0
DA:306,0
DA:307,0
DA:310,0
DA:311,0
DA:312,0
DA:316,0
DA:317,0
DA:318,0
DA:319,0
DA:324,0
DA:325,0
DA:326,0
DA:327,0
DA:328,0
DA:329,0
DA:330,0
DA:331,0
DA:332,0
DA:337,0
DA:338,0
DA:341,0
DA:342,0
DA:346,0
DA:347,0
DA:348,0
DA:350,0
DA:351,0
DA:352,0
DA:353,0
DA:354,0
DA:357,0
DA:358,0
DA:359,0
DA:362,0
DA:363,0
DA:364,0
DA:367,0
DA:368,0
DA:371,0
DA:377,0
DA:378,0
DA:381,0
DA:382,0
DA:385,0
DA:386,0
DA:387,0
DA:388,0
DA:389,0
DA:390,0
DA:391,0
DA:395,0
DA:396,0
DA:397,0
DA:400,0
DA:405,0
DA:408,0
DA:415,0
DA:416,0
DA:417,0
DA:418,0
DA:421,0
DA:422,0
DA:425,0
DA:426,0
DA:429,0
DA:430,0
DA:431,0
DA:434,0
DA:435,0
DA:436,0
DA:438,0
DA:456,0
DA:457,0
DA:458,0
DA:463,0
DA:466,0
DA:471,0
DA:473,0
DA:474,0
DA:475,0
DA:477,0
DA:478,0
DA:479,0
DA:480,0
DA:482,0
DA:483,0
DA:486,0
DA:494,0
DA:495,0
DA:496,0
DA:497,0
DA:498,0
DA:506,0
DA:508,0
DA:509,0
DA:512,0
DA:513,0
DA:514,0
DA:517,0
DA:518,0
DA:520,0
DA:522,0
DA:528,0
DA:529,0
DA:533,0
DA:534,0
DA:535,0
DA:536,0
DA:537,0
DA:538,0
DA:539,0
DA:543,0
DA:544,0
DA:545,0
DA:548,0
DA:549,0
DA:551,0
DA:552,0
DA:553,0
DA:558,0
DA:559,0
DA:563,0
DA:564,0
DA:565,0
DA:566,0
DA:567,0
DA:569,0
DA:574,0
DA:575,0
DA:576,0
DA:577,0
DA:578,0
DA:579,0
DA:583,0
DA:584,0
DA:585,0
DA:588,0
DA:589,0
DA:590,0
DA:591,0
DA:594,0
DA:595,0
DA:598,0
DA:599,0
DA:600,0
DA:603,0
DA:604,0
DA:605,0
DA:607,0
DA:614,0
DA:615,0
DA:616,0
DA:621,0
DA:622,0
DA:623,0
DA:624,0
DA:625,0
DA:626,0
DA:627,0
DA:630,0
DA:631,0
DA:633,0
DA:634,0
DA:635,0
DA:636,0
DA:637,0
DA:639,0
DA:645,0
DA:646,0
DA:648,0
DA:649,0
DA:650,0
DA:651,0
DA:652,0
DA:653,0
DA:656,0
DA:657,0
DA:660,0
DA:661,0
DA:664,0
DA:665,0
DA:666,0
DA:669,0
DA:670,0
DA:671,0
DA:673,0
DA:674,0
DA:675,0
DA:677,0
DA:678,0
DA:679,0
DA:681,0
LF:221
LH:0
BRDA:32,0,0,0
BRDA:32,0,1,0
BRDA:34,1,0,0
BRDA:34,1,1,0
BRDA:172,2,0,0
BRDA:172,2,1,0
BRDA:294,3,0,0
BRDA:294,3,1,0
BRDA:328,4,0,0
BRDA:328,4,1,0
BRDA:330,5,0,0
BRDA:330,5,1,0
BRDA:330,6,0,0
BRDA:330,6,1,0
BRDA:342,7,0,0
BRDA:342,7,1,0
BRDA:348,8,0,0
BRDA:348,8,1,0
BRDA:357,9,0,0
BRDA:357,9,1,0
BRDA:358,10,0,0
BRDA:358,10,1,0
BRDA:371,11,0,0
BRDA:371,11,1,0
BRDA:386,12,0,0
BRDA:386,12,1,0
BRDA:388,13,0,0
BRDA:388,13,1,0
BRDA:389,14,0,0
BRDA:389,14,1,0
BRDA:391,15,0,0
BRDA:391,15,1,0
BRDA:415,16,0,0
BRDA:415,16,1,0
BRDA:416,17,0,0
BRDA:416,17,1,0
BRDA:417,18,0,0
BRDA:417,18,1,0
BRDA:418,19,0,0
BRDA:418,19,1,0
BRDA:425,20,0,0
BRDA:425,20,1,0
BRDA:436,21,0,0
BRDA:436,21,1,0
BRDA:457,22,0,0
BRDA:457,22,1,0
BRDA:471,23,0,0
BRDA:471,23,1,0
BRDA:497,24,0,0
BRDA:497,24,1,0
BRDA:509,25,0,0
BRDA:509,25,1,0
BRDA:512,26,0,0
BRDA:512,26,1,0
BRDA:514,27,0,0
BRDA:514,27,1,0
BRDA:529,28,0,0
BRDA:529,28,1,0
BRDA:532,29,0,0
BRDA:536,30,0,0
BRDA:536,30,1,0
BRDA:545,31,0,0
BRDA:545,31,1,0
BRDA:551,32,0,0
BRDA:551,32,1,0
BRDA:576,33,0,0
BRDA:576,33,1,0
BRDA:579,34,0,0
BRDA:579,34,1,0
BRDA:585,35,0,0
BRDA:585,35,1,0
BRDA:591,36,0,0
BRDA:591,36,1,0
BRDA:595,37,0,0
BRDA:595,37,1,0
BRDA:600,38,0,0
BRDA:600,38,1,0
BRDA:605,39,0,0
BRDA:605,39,1,0
BRDA:610,40,0,0
BRDA:610,40,1,0
BRDA:622,41,0,0
BRDA:622,41,1,0
BRDA:622,42,0,0
BRDA:622,42,1,0
BRDA:624,43,0,0
BRDA:624,43,1,0
BRDA:637,44,0,0
BRDA:637,44,1,0
BRDA:642,45,0,0
BRDA:642,45,1,0
BRDA:645,46,0,0
BRDA:645,46,1,0
BRDA:645,47,0,0
BRDA:645,47,1,0
BRDA:657,48,0,0
BRDA:657,48,1,0
BRDA:657,49,0,0
BRDA:657,49,1,0
BRDA:665,50,0,0
BRDA:665,50,1,0
BRDA:669,51,0,0
BRDA:669,51,1,0
BRDA:671,52,0,0
BRDA:671,52,1,0
BRDA:674,53,0,0
BRDA:674,53,1,0
BRF:107
BRH:0
end_of_record
TN:
SF:modules/absensi-private.js
FN:16,init
FN:45,(anonymous_1)
FN:53,injectStyles
FN:120,loadPrivateClasses
FN:156,renderCards
FN:162,(anonymous_5)
FN:182,(anonymous_6)
FNF:7
FNH:0
FNDA:0,init
FNDA:0,(anonymous_1)
FNDA:0,injectStyles
FNDA:0,loadPrivateClasses
FNDA:0,renderCards
FNDA:0,(anonymous_5)
FNDA:0,(anonymous_6)
DA:10,0
DA:18,0
DA:21,0
DA:42,0
DA:45,0
DA:46,0
DA:54,0
DA:55,0
DA:57,0
DA:58,0
DA:59,0
DA:113,0
DA:121,0
DA:123,0
DA:125,0
DA:135,0
DA:137,0
DA:138,0
DA:145,0
DA:148,0
DA:151,0
DA:152,0
DA:158,0
DA:160,0
DA:162,0
DA:164,0
DA:165,0
DA:166,0
DA:168,0
DA:182,0
DA:184,0
DA:185,0
DA:186,0
DA:187,0
DA:190,0
DA:191,0
DA:192,0
DA:193,0
DA:197,0
DA:198,0
DA:200,0
LF:41
LH:0
BRDA:46,0,0,0
BRDA:46,0,1,0
BRDA:55,1,0,0
BRDA:55,1,1,0
BRDA:135,2,0,0
BRDA:135,2,1,0
BRDA:137,3,0,0
BRDA:137,3,1,0
BRDA:137,4,0,0
BRDA:137,4,1,0
BRDA:166,5,0,0
BRDA:166,5,1,0
BRDA:197,6,0,0
BRDA:197,6,1,0
BRF:14
BRH:0
end_of_record
TN:
SF:modules/absensi-sekolah.js
FN:15,(anonymous_0)
FN:23,init
FN:62,(anonymous_2)
FN:63,(anonymous_3)
FN:68,injectStyles
FN:152,loadClasses
FN:172,renderCards
FN:186,(anonymous_7)
FNF:8
FNH:0
FNDA:0,(anonymous_0)
FNDA:0,init
FNDA:0,(anonymous_2)
FNDA:0,(anonymous_3)
FNDA:0,injectStyles
FNDA:0,loadClasses
FNDA:0,renderCards
FNDA:0,(anonymous_7)
DA:9,0
DA:15,0
DA:16,0
DA:17,0
DA:18,0
DA:19,0
DA:24,0
DA:25,0
DA:27,0
DA:29,0
DA:60,0
DA:62,0
DA:63,0
DA:64,0
DA:69,0
DA:70,0
DA:72,0
DA:73,0
DA:74,0
DA:149,0
DA:153,0
DA:154,0
DA:155,0
DA:156,0
DA:157,0
DA:158,0
DA:159,0
DA:161,0
DA:164,0
DA:165,0
DA:166,0
DA:168,0
DA:173,0
DA:174,0
DA:181,0
DA:182,0
DA:183,0
DA:186,0
DA:187,0
DA:188,0
DA:189,0
LF:41
LH:0
BRDA:18,0,0,0
BRDA:18,0,1,0
BRDA:24,1,0,0
BRDA:24,1,1,0
BRDA:25,2,0,0
BRDA:25,2,1,0
BRDA:64,3,0,0
BRDA:64,3,1,0
BRDA:70,4,0,0
BRDA:70,4,1,0
BRDA:156,5,0,0
BRDA:156,5,1,0
BRDA:159,6,0,0
BRDA:159,6,1,0
BRDA:159,7,0,0
BRDA:159,7,1,0
BRDA:165,8,0,0
BRDA:165,8,1,0
BRDA:166,9,0,0
BRDA:166,9,1,0
BRDA:181,10,0,0
BRDA:181,10,1,0
BRDA:195,11,0,0
BRDA:195,11,1,0
BRDA:198,12,0,0
BRDA:198,12,1,0
BRDA:199,13,0,0
BRDA:199,13,1,0
BRF:28
BRH:0
end_of_record
TN:
SF:modules/cloudinary-manager.js
FN:12,(anonymous_0)
FN:13,(anonymous_1)
FN:14,(anonymous_2)
FN:15,(anonymous_3)
FN:16,(anonymous_4)
FN:17,(anonymous_5)
FN:21,init
FN:128,loadAccounts
FN:141,renderList
FN:148,(anonymous_9)
FN:182,processSyncQuota
FN:197,performSecureTest
FN:198,(anonymous_12)
FN:217,(anonymous_13)
FN:245,bindEvents
FN:246,(anonymous_15)
FN:252,(anonymous_16)
FN:253,(anonymous_17)
FN:256,(anonymous_18)
FN:259,saveAccount
FN:277,processDelete
FN:281,processToggleActive
FN:287,openEditModal
FN:289,(anonymous_23)
FN:301,openTestModal
FN:307,toggleModal
FN:312,updateStats
FN:314,(anonymous_27)
FN:318,injectStyles
FNF:29
FNH:0
FNDA:0,(anonymous_0)
FNDA:0,(anonymous_1)
FNDA:0,(anonymous_2)
FNDA:0,(anonymous_3)
FNDA:0,(anonymous_4)
FNDA:0,(anonymous_5)
FNDA:0,init
FNDA:0,loadAccounts
FNDA:0,renderList
FNDA:0,(anonymous_9)
FNDA:0,processSyncQuota
FNDA:0,performSecureTest
FNDA:0,(anonymous_12)
FNDA:0,(anonymous_13)
FNDA:0,bindEvents
FNDA:0,(anonymous_15)
FNDA:0,(anonymous_16)
FNDA:0,(anonymous_17)
FNDA:0,(anonymous_18)
FNDA:0,saveAccount
FNDA:0,processDelete
FNDA:0,processToggleActive
FNDA:0,openEditModal
FNDA:0,(anonymous_23)
FNDA:0,openTestModal
FNDA:0,toggleModal
FNDA:0,updateStats
FNDA:0,(anonymous_27)
FNDA:0,injectStyles
DA:4,0
DA:6,0
DA:7,0
DA:12,0
DA:13,0
DA:14,0
DA:15,0
DA:16,0
DA:17,0
DA:18,0
DA:22,0
DA:24,0
DA:124,0
DA:125,0
DA:129,0
DA:130,0
DA:134,0
DA:135,0
DA:136,0
DA:137,0
DA:138,0
DA:142,0
DA:143,0
DA:144,0
DA:145,0
DA:146,0
DA:148,0
DA:149,0
DA:150,0
DA:151,0
DA:152,0
DA:183,0
DA:184,0
DA:185,0
DA:186,0
DA:187,0
DA:190,0
DA:191,0
DA:192,0
DA:193,0
DA:194,0
DA:198,0
DA:199,0
DA:200,0
DA:201,0
DA:203,0
DA:204,0
DA:205,0
DA:207,0
DA:208,0
DA:216,0
DA:217,0
DA:218,0
DA:221,0
DA:222,0
DA:223,0
DA:224,0
DA:225,0
DA:226,0
DA:228,0
DA:231,0
DA:232,0
DA:234,0
DA:235,0
DA:237,0
DA:238,0
DA:240,0
DA:241,0
DA:246,0
DA:247,0
DA:248,0
DA:249,0
DA:251,0
DA:252,0
DA:253,0
DA:255,0
DA:256,0
DA:260,0
DA:261,0
DA:270,0
DA:271,0
DA:272,0
DA:273,0
DA:274,0
DA:278,0
DA:282,0
DA:283,0
DA:284,0
DA:288,0
DA:289,0
DA:290,0
DA:291,0
DA:292,0
DA:293,0
DA:294,0
DA:295,0
DA:296,0
DA:297,0
DA:298,0
DA:302,0
DA:303,0
DA:304,0
DA:308,0
DA:309,0
DA:313,0
DA:314,0
DA:315,0
DA:319,0
DA:320,0
DA:321,0
DA:322,0
DA:348,0
LF:112
LH:0
BRDA:18,0,0,0
BRDA:18,0,1,0
BRDA:18,1,0,0
BRDA:18,1,1,0
BRDA:134,2,0,0
BRDA:134,2,1,0
BRDA:135,3,0,0
BRDA:135,3,1,0
BRDA:143,4,0,0
BRDA:143,4,1,0
BRDA:144,5,0,0
BRDA:144,5,1,0
BRDA:149,6,0,0
BRDA:149,6,1,0
BRDA:150,7,0,0
BRDA:150,7,1,0
BRDA:153,8,0,0
BRDA:153,8,1,0
BRDA:190,9,0,0
BRDA:190,9,1,0
BRDA:216,10,0,0
BRDA:216,10,1,0
BRDA:218,11,0,0
BRDA:218,11,1,0
BRDA:232,12,0,0
BRDA:232,12,1,0
BRDA:256,13,0,0
BRDA:256,13,1,0
BRDA:270,14,0,0
BRDA:270,14,1,0
BRDA:271,15,0,0
BRDA:271,15,1,0
BRDA:278,16,0,0
BRDA:278,16,1,0
BRDA:282,17,0,0
BRDA:282,17,1,0
BRDA:288,18,0,0
BRDA:288,18,1,0
BRDA:295,19,0,0
BRDA:295,19,1,0
BRDA:309,20,0,0
BRDA:309,20,1,0
BRDA:309,21,0,0
BRDA:309,21,1,0
BRDA:315,22,0,0
BRDA:315,22,1,0
BRDA:319,23,0,0
BRDA:319,23,1,0
BRF:48
BRH:0
end_of_record
TN:
SF:modules/galeri-group.js
FN:26,init
FN:137,checkUserRole
FN:145,loadSessions
FN:160,(anonymous_3)
FN:167,(anonymous_4)
FN:182,loadPhotos
FN:200,(anonymous_6)
FN:206,renderGrid
FN:207,(anonymous_8)
FN:251,(anonymous_9)
FN:266,(anonymous_10)
FN:269,(anonymous_11)
FN:272,(anonymous_12)
FN:279,(anonymous_13)
FN:363,compressImage
FN:364,(anonymous_15)
FN:368,(anonymous_16)
FN:371,(anonymous_17)
FN:384,(anonymous_18)
FN:389,(anonymous_19)
FN:393,(anonymous_20)
FN:402,(anonymous_21)
FN:407,(anonymous_22)
FN:418,(anonymous_23)
FN:419,(anonymous_24)
FN:425,(anonymous_25)
FN:434,getYtId
FN:435,sanitize
FN:437,injectStyles
FNF:29
FNH:0
FNDA:0,init
FNDA:0,checkUserRole
FNDA:0,loadSessions
FNDA:0,(anonymous_3)
FNDA:0,(anonymous_4)
FNDA:0,loadPhotos
FNDA:0,(anonymous_6)
FNDA:0,renderGrid
FNDA:0,(anonymous_8)
FNDA:0,(anonymous_9)
FNDA:0,(anonymous_10)
FNDA:0,(anonymous_11)
FNDA:0,(anonymous_12)
FNDA:0,(anonymous_13)
FNDA:0,compressImage
FNDA:0,(anonymous_15)
FNDA:0,(anonymous_16)
FNDA:0,(anonymous_17)
FNDA:0,(anonymous_18)
FNDA:0,(anonymous_19)
FNDA:0,(anonymous_20)
FNDA:0,(anonymous_21)
FNDA:0,(anonymous_22)
FNDA:0,(anonymous_23)
FNDA:0,(anonymous_24)
FNDA:0,(anonymous_25)
FNDA:0,getYtId
FNDA:0,sanitize
FNDA:0,injectStyles
DA:9,0
DA:12,0
DA:13,0
DA:14,0
DA:15,0
DA:16,0
DA:17,0
DA:20,0
DA:21,0
DA:27,0
DA:28,0
DA:30,0
DA:31,0
DA:32,0
DA:35,0
DA:36,0
DA:39,0
DA:130,0
DA:138,0
DA:139,0
DA:140,0
DA:141,0
DA:146,0
DA:148,0
DA:154,0
DA:155,0
DA:156,0
DA:159,0
DA:161,0
DA:162,0
DA:163,0
DA:167,0
DA:168,0
DA:171,0
DA:172,0
DA:173,0
DA:175,0
DA:176,0
DA:177,0
DA:179,0
DA:183,0
DA:184,0
DA:186,0
DA:191,0
DA:192,0
DA:195,0
DA:197,0
DA:198,0
DA:200,0
DA:201,0
DA:203,0
DA:207,0
DA:208,0
DA:209,0
DA:210,0
DA:211,0
DA:213,0
DA:214,0
DA:215,0
DA:216,0
DA:217,0
DA:218,0
DA:219,0
DA:221,0
DA:224,0
DA:225,0
DA:227,0
DA:251,0
DA:252,0
DA:253,0
DA:254,0
DA:255,0
DA:256,0
DA:257,0
DA:258,0
DA:260,0
DA:261,0
DA:262,0
DA:263,0
DA:266,0
DA:267,0
DA:268,0
DA:269,0
DA:272,0
DA:273,0
DA:274,0
DA:275,0
DA:276,0
DA:279,0
DA:280,0
DA:281,0
DA:282,0
DA:283,0
DA:285,0
DA:286,0
DA:287,0
DA:289,0
DA:290,0
DA:291,0
DA:292,0
DA:293,0
DA:295,0
DA:305,0
DA:308,0
DA:309,0
DA:311,0
DA:313,0
DA:314,0
DA:317,0
DA:318,0
DA:319,0
DA:324,0
DA:327,0
DA:328,0
DA:329,0
DA:330,0
DA:331,0
DA:332,0
DA:334,0
DA:335,0
DA:338,0
DA:348,0
DA:349,0
DA:351,0
DA:353,0
DA:354,0
DA:355,0
DA:364,0
DA:365,0
DA:366,0
DA:367,0
DA:368,0
DA:369,0
DA:370,0
DA:371,0
DA:372,0
DA:373,0
DA:374,0
DA:376,0
DA:377,0
DA:378,0
DA:380,0
DA:381,0
DA:382,0
DA:383,0
DA:384,0
DA:385,0
DA:389,0
DA:393,0
DA:394,0
DA:395,0
DA:396,0
DA:398,0
DA:399,0
DA:402,0
DA:403,0
DA:404,0
DA:407,0
DA:408,0
DA:409,0
DA:411,0
DA:413,0
DA:415,0
DA:418,0
DA:419,0
DA:420,0
DA:421,0
DA:422,0
DA:425,0
DA:426,0
DA:427,0
DA:428,0
DA:429,0
DA:430,0
DA:431,0
DA:434,0
DA:435,0
DA:438,0
DA:439,0
DA:440,0
DA:441,0
DA:500,0
LF:182
LH:0
BRDA:30,0,0,0
BRDA:30,0,1,0
BRDA:139,1,0,0
BRDA:139,1,1,0
BRDA:141,2,0,0
BRDA:141,2,1,0
BRDA:154,3,0,0
BRDA:154,3,1,0
BRDA:154,4,0,0
BRDA:154,4,1,0
BRDA:161,5,0,0
BRDA:161,5,1,0
BRDA:163,6,0,0
BRDA:163,6,1,0
BRDA:191,7,0,0
BRDA:191,7,1,0
BRDA:197,8,0,0
BRDA:197,8,1,0
BRDA:198,9,0,0
BRDA:198,9,1,0
BRDA:213,10,0,0
BRDA:213,10,1,0
BRDA:217,11,0,0
BRDA:217,11,1,0
BRDA:224,12,0,0
BRDA:224,12,1,0
BRDA:225,13,0,0
BRDA:225,13,1,0
BRDA:228,14,0,0
BRDA:228,14,1,0
BRDA:232,15,0,0
BRDA:232,15,1,0
BRDA:261,16,0,0
BRDA:261,16,1,0
BRDA:262,17,0,0
BRDA:262,17,1,0
BRDA:263,18,0,0
BRDA:263,18,1,0
BRDA:275,19,0,0
BRDA:275,19,1,0
BRDA:287,20,0,0
BRDA:287,20,1,0
BRDA:289,21,0,0
BRDA:289,21,1,0
BRDA:293,22,0,0
BRDA:293,22,1,0
BRDA:293,23,0,0
BRDA:293,23,1,0
BRDA:305,24,0,0
BRDA:305,24,1,0
BRDA:365,25,0,0
BRDA:365,25,1,0
BRDA:376,26,0,0
BRDA:376,26,1,0
BRDA:394,27,0,0
BRDA:394,27,1,0
BRDA:394,28,0,0
BRDA:394,28,1,0
BRDA:408,29,0,0
BRDA:408,29,1,0
BRDA:409,30,0,0
BRDA:409,30,1,0
BRDA:420,31,0,0
BRDA:420,31,1,0
BRDA:420,32,0,0
BRDA:420,32,1,0
BRDA:430,33,0,0
BRDA:430,33,1,0
BRDA:431,34,0,0
BRDA:431,34,1,0
BRDA:434,35,0,0
BRDA:434,35,1,0
BRDA:434,36,0,0
BRDA:434,36,1,0
BRDA:438,37,0,0
BRDA:438,37,1,0
BRF:76
BRH:0
end_of_record
TN:
SF:modules/galeri-harian.js
FN:31,init
FN:72,loadSessions
FN:96,(anonymous_2)
FN:108,(anonymous_3)
FN:110,(anonymous_4)
FN:122,loadPhotos
FN:139,(anonymous_6)
FN:145,renderGrid
FN:146,(anonymous_8)
FN:184,(anonymous_9)
FN:189,(anonymous_10)
FN:198,(anonymous_11)
FN:208,(anonymous_12)
FN:212,(anonymous_13)
FN:228,(anonymous_14)
FN:234,(anonymous_15)
FN:311,renderMainLayout
FN:403,compressImage
FN:404,(anonymous_18)
FN:408,(anonymous_19)
FN:411,(anonymous_20)
FN:418,(anonymous_21)
FN:424,(anonymous_22)
FN:436,(anonymous_23)
FN:444,(anonymous_24)
FN:449,getYoutubeId
FN:450,sanitize
FN:452,injectStyles
FNF:28
FNH:0
FNDA:0,init
FNDA:0,loadSessions
FNDA:0,(anonymous_2)
FNDA:0,(anonymous_3)
FNDA:0,(anonymous_4)
FNDA:0,loadPhotos
FNDA:0,(anonymous_6)
FNDA:0,renderGrid
FNDA:0,(anonymous_8)
FNDA:0,(anonymous_9)
FNDA:0,(anonymous_10)
FNDA:0,(anonymous_11)
FNDA:0,(anonymous_12)
FNDA:0,(anonymous_13)
FNDA:0,(anonymous_14)
FNDA:0,(anonymous_15)
FNDA:0,renderMainLayout
FNDA:0,compressImage
FNDA:0,(anonymous_18)
FNDA:0,(anonymous_19)
FNDA:0,(anonymous_20)
FNDA:0,(anonymous_21)
FNDA:0,(anonymous_22)
FNDA:0,(anonymous_23)
FNDA:0,(anonymous_24)
FNDA:0,getYoutubeId
FNDA:0,sanitize
FNDA:0,injectStyles
DA:11,0
DA:14,0
DA:21,0
DA:22,0
DA:25,0
DA:26,0
DA:32,0
DA:35,0
DA:36,0
DA:38,0
DA:39,0
DA:40,0
DA:41,0
DA:42,0
DA:43,0
DA:45,0
DA:46,0
DA:50,0
DA:51,0
DA:52,0
DA:55,0
DA:56,0
DA:57,0
DA:58,0
DA:60,0
DA:61,0
DA:64,0
DA:65,0
DA:73,0
DA:74,0
DA:77,0
DA:78,0
DA:80,0
DA:84,0
DA:85,0
DA:86,0
DA:89,0
DA:91,0
DA:92,0
DA:93,0
DA:96,0
DA:97,0
DA:98,0
DA:99,0
DA:108,0
DA:109,0
DA:110,0
DA:111,0
DA:114,0
DA:115,0
DA:116,0
DA:117,0
DA:119,0
DA:123,0
DA:124,0
DA:126,0
DA:132,0
DA:133,0
DA:134,0
DA:135,0
DA:139,0
DA:140,0
DA:142,0
DA:146,0
DA:147,0
DA:148,0
DA:149,0
DA:152,0
DA:153,0
DA:154,0
DA:156,0
DA:157,0
DA:160,0
DA:184,0
DA:185,0
DA:186,0
DA:189,0
DA:190,0
DA:191,0
DA:192,0
DA:194,0
DA:195,0
DA:198,0
DA:199,0
DA:200,0
DA:203,0
DA:204,0
DA:205,0
DA:208,0
DA:209,0
DA:212,0
DA:213,0
DA:215,0
DA:217,0
DA:219,0
DA:221,0
DA:228,0
DA:229,0
DA:230,0
DA:231,0
DA:234,0
DA:235,0
DA:236,0
DA:237,0
DA:238,0
DA:240,0
DA:242,0
DA:243,0
DA:245,0
DA:247,0
DA:248,0
DA:249,0
DA:250,0
DA:251,0
DA:253,0
DA:259,0
DA:260,0
DA:261,0
DA:263,0
DA:264,0
DA:266,0
DA:267,0
DA:268,0
DA:270,0
DA:271,0
DA:276,0
DA:278,0
DA:279,0
DA:280,0
DA:281,0
DA:282,0
DA:283,0
DA:285,0
DA:286,0
DA:288,0
DA:296,0
DA:297,0
DA:299,0
DA:301,0
DA:302,0
DA:303,0
DA:312,0
DA:404,0
DA:405,0
DA:406,0
DA:407,0
DA:408,0
DA:409,0
DA:410,0
DA:411,0
DA:412,0
DA:413,0
DA:414,0
DA:415,0
DA:416,0
DA:417,0
DA:418,0
DA:424,0
DA:425,0
DA:426,0
DA:427,0
DA:428,0
DA:430,0
DA:431,0
DA:432,0
DA:433,0
DA:434,0
DA:435,0
DA:436,0
DA:438,0
DA:439,0
DA:440,0
DA:444,0
DA:445,0
DA:446,0
DA:449,0
DA:450,0
DA:453,0
DA:454,0
DA:455,0
DA:456,0
DA:523,0
LF:182
LH:0
BRDA:38,0,0,0
BRDA:38,0,1,0
BRDA:41,1,0,0
BRDA:41,1,1,0
BRDA:55,2,0,0
BRDA:55,2,1,0
BRDA:57,3,0,0
BRDA:57,3,1,0
BRDA:58,4,0,0
BRDA:58,4,1,0
BRDA:61,5,0,0
BRDA:61,5,1,0
BRDA:77,6,0,0
BRDA:77,6,1,0
BRDA:84,7,0,0
BRDA:84,7,1,0
BRDA:84,8,0,0
BRDA:84,8,1,0
BRDA:85,9,0,0
BRDA:85,9,1,0
BRDA:91,10,0,0
BRDA:91,10,1,0
BRDA:91,11,0,0
BRDA:91,11,1,0
BRDA:97,12,0,0
BRDA:97,12,1,0
BRDA:97,13,0,0
BRDA:97,13,1,0
BRDA:97,14,0,0
BRDA:97,14,1,0
BRDA:132,15,0,0
BRDA:132,15,1,0
BRDA:152,16,0,0
BRDA:152,16,1,0
BRDA:156,17,0,0
BRDA:156,17,1,0
BRDA:161,18,0,0
BRDA:161,18,1,0
BRDA:162,19,0,0
BRDA:162,19,1,0
BRDA:163,20,0,0
BRDA:163,20,1,0
BRDA:163,21,0,0
BRDA:163,21,1,0
BRDA:165,22,0,0
BRDA:165,22,1,0
BRDA:169,23,0,0
BRDA:169,23,1,0
BRDA:190,24,0,0
BRDA:190,24,1,0
BRDA:190,25,0,0
BRDA:190,25,1,0
BRDA:204,26,0,0
BRDA:204,26,1,0
BRDA:213,27,0,0
BRDA:213,27,1,0
BRDA:215,28,0,0
BRDA:215,28,1,0
BRDA:230,29,0,0
BRDA:230,29,1,0
BRDA:231,30,0,0
BRDA:231,30,1,0
BRDA:243,31,0,0
BRDA:243,31,1,0
BRDA:247,32,0,0
BRDA:247,32,1,0
BRDA:251,33,0,0
BRDA:251,33,1,0
BRDA:261,34,0,0
BRDA:261,34,1,0
BRDA:319,35,0,0
BRDA:319,35,1,0
BRDA:405,36,0,0
BRDA:405,36,1,0
BRDA:414,37,0,0
BRDA:414,37,1,0
BRDA:431,38,0,0
BRDA:431,38,1,0
BRDA:432,39,0,0
BRDA:432,39,1,0
BRDA:440,40,0,0
BRDA:440,40,1,0
BRDA:446,41,0,0
BRDA:446,41,1,0
BRDA:449,42,0,0
BRDA:449,42,1,0
BRDA:449,43,0,0
BRDA:449,43,1,0
BRDA:450,44,0,0
BRDA:450,44,1,0
BRDA:453,45,0,0
BRDA:453,45,1,0
BRF:92
BRH:0
end_of_record
TN:
SF:modules/galeri-master.js
FN:33,init
FN:71,(anonymous_1)
FN:86,loadSessions
FN:110,(anonymous_3)
FN:130,(anonymous_4)
FN:135,(anonymous_5)
FN:147,loadPhotos
FN:182,updatePublishButtonState
FN:187,(anonymous_8)
FN:191,(anonymous_9)
FN:195,(anonymous_10)
FN:200,renderGrid
FN:201,(anonymous_12)
FN:246,(anonymous_13)
FN:249,(anonymous_14)
FN:256,(anonymous_15)
FN:270,(anonymous_16)
FN:359,(anonymous_17)
FN:361,(anonymous_18)
FN:368,(anonymous_19)
FN:373,(anonymous_20)
FN:381,renderMainLayout
FN:445,injectStyles
FN:518,compressImage
FN:519,(anonymous_24)
FN:522,(anonymous_25)
FN:524,(anonymous_26)
FN:530,(anonymous_27)
FN:535,(anonymous_28)
FN:535,(anonymous_29)
FN:536,getYoutubeId
FN:537,sanitize
FNF:32
FNH:0
FNDA:0,init
FNDA:0,(anonymous_1)
FNDA:0,loadSessions
FNDA:0,(anonymous_3)
FNDA:0,(anonymous_4)
FNDA:0,(anonymous_5)
FNDA:0,loadPhotos
FNDA:0,updatePublishButtonState
FNDA:0,(anonymous_8)
FNDA:0,(anonymous_9)
FNDA:0,(anonymous_10)
FNDA:0,renderGrid
FNDA:0,(anonymous_12)
FNDA:0,(anonymous_13)
FNDA:0,(anonymous_14)
FNDA:0,(anonymous_15)
FNDA:0,(anonymous_16)
FNDA:0,(anonymous_17)
FNDA:0,(anonymous_18)
FNDA:0,(anonymous_19)
FNDA:0,(anonymous_20)
FNDA:0,renderMainLayout
FNDA:0,injectStyles
FNDA:0,compressImage
FNDA:0,(anonymous_24)
FNDA:0,(anonymous_25)
FNDA:0,(anonymous_26)
FNDA:0,(anonymous_27)
FNDA:0,(anonymous_28)
FNDA:0,(anonymous_29)
FNDA:0,getYoutubeId
FNDA:0,sanitize
DA:10,0
DA:13,0
DA:21,0
DA:22,0
DA:23,0
DA:24,0
DA:27,0
DA:28,0
DA:34,0
DA:37,0
DA:39,0
DA:40,0
DA:41,0
DA:42,0
DA:43,0
DA:44,0
DA:45,0
DA:46,0
DA:48,0
DA:49,0
DA:52,0
DA:53,0
DA:54,0
DA:58,0
DA:59,0
DA:60,0
DA:61,0
DA:64,0
DA:65,0
DA:71,0
DA:72,0
DA:73,0
DA:75,0
DA:76,0
DA:78,0
DA:87,0
DA:88,0
DA:91,0
DA:92,0
DA:94,0
DA:98,0
DA:99,0
DA:100,0
DA:103,0
DA:105,0
DA:106,0
DA:107,0
DA:110,0
DA:111,0
DA:112,0
DA:114,0
DA:116,0
DA:125,0
DA:126,0
DA:130,0
DA:131,0
DA:132,0
DA:133,0
DA:135,0
DA:136,0
DA:138,0
DA:140,0
DA:141,0
DA:142,0
DA:144,0
DA:148,0
DA:149,0
DA:152,0
DA:154,0
DA:159,0
DA:160,0
DA:163,0
DA:164,0
DA:167,0
DA:169,0
DA:170,0
DA:177,0
DA:179,0
DA:183,0
DA:184,0
DA:187,0
DA:189,0
DA:190,0
DA:191,0
DA:192,0
DA:194,0
DA:195,0
DA:196,0
DA:201,0
DA:202,0
DA:203,0
DA:204,0
DA:205,0
DA:207,0
DA:208,0
DA:209,0
DA:210,0
DA:211,0
DA:212,0
DA:213,0
DA:216,0
DA:217,0
DA:218,0
DA:220,0
DA:246,0
DA:247,0
DA:248,0
DA:249,0
DA:250,0
DA:251,0
DA:252,0
DA:256,0
DA:257,0
DA:259,0
DA:262,0
DA:266,0
DA:267,0
DA:270,0
DA:271,0
DA:272,0
DA:273,0
DA:275,0
DA:276,0
DA:277,0
DA:279,0
DA:282,0
DA:283,0
DA:284,0
DA:285,0
DA:287,0
DA:288,0
DA:291,0
DA:292,0
DA:293,0
DA:294,0
DA:296,0
DA:301,0
DA:302,0
DA:304,0
DA:305,0
DA:308,0
DA:310,0
DA:311,0
DA:314,0
DA:315,0
DA:316,0
DA:318,0
DA:320,0
DA:321,0
DA:327,0
DA:328,0
DA:330,0
DA:331,0
DA:332,0
DA:333,0
DA:334,0
DA:335,0
DA:337,0
DA:338,0
DA:339,0
DA:341,0
DA:352,0
DA:353,0
DA:354,0
DA:355,0
DA:356,0
DA:359,0
DA:361,0
DA:362,0
DA:363,0
DA:364,0
DA:365,0
DA:368,0
DA:369,0
DA:370,0
DA:371,0
DA:372,0
DA:373,0
DA:374,0
DA:375,0
DA:382,0
DA:446,0
DA:447,0
DA:448,0
DA:449,0
DA:512,0
DA:519,0
DA:520,0
DA:521,0
DA:522,0
DA:523,0
DA:524,0
DA:525,0
DA:526,0
DA:527,0
DA:528,0
DA:529,0
DA:530,0
DA:535,0
DA:536,0
DA:537,0
LF:201
LH:0
BRDA:39,0,0,0
BRDA:39,0,1,0
BRDA:42,1,0,0
BRDA:42,1,1,0
BRDA:43,2,0,0
BRDA:43,2,1,0
BRDA:46,3,0,0
BRDA:46,3,1,0
BRDA:52,4,0,0
BRDA:52,4,1,0
BRDA:59,5,0,0
BRDA:59,5,1,0
BRDA:72,6,0,0
BRDA:72,6,1,0
BRDA:73,7,0,0
BRDA:73,7,1,0
BRDA:75,8,0,0
BRDA:75,8,1,0
BRDA:91,9,0,0
BRDA:91,9,1,0
BRDA:98,10,0,0
BRDA:98,10,1,0
BRDA:98,11,0,0
BRDA:98,11,1,0
BRDA:99,12,0,0
BRDA:99,12,1,0
BRDA:105,13,0,0
BRDA:105,13,1,0
BRDA:105,14,0,0
BRDA:105,14,1,0
BRDA:111,15,0,0
BRDA:111,15,1,0
BRDA:111,16,0,0
BRDA:111,16,1,0
BRDA:111,17,0,0
BRDA:111,17,1,0
BRDA:125,18,0,0
BRDA:125,18,1,0
BRDA:152,19,0,0
BRDA:152,19,1,0
BRDA:159,20,0,0
BRDA:159,20,1,0
BRDA:159,21,0,0
BRDA:159,21,1,0
BRDA:164,22,0,0
BRDA:164,22,1,0
BRDA:169,23,0,0
BRDA:169,23,1,0
BRDA:184,24,0,0
BRDA:184,24,1,0
BRDA:189,25,0,0
BRDA:189,25,1,0
BRDA:205,26,0,0
BRDA:205,26,1,0
BRDA:207,27,0,0
BRDA:207,27,1,0
BRDA:210,28,0,0
BRDA:210,28,1,0
BRDA:210,29,0,0
BRDA:210,29,1,0
BRDA:212,30,0,0
BRDA:212,30,1,0
BRDA:212,31,0,0
BRDA:212,31,1,0
BRDA:217,32,0,0
BRDA:217,32,1,0
BRDA:218,33,0,0
BRDA:218,33,1,0
BRDA:222,34,0,0
BRDA:222,34,1,0
BRDA:223,35,0,0
BRDA:223,35,1,0
BRDA:224,36,0,0
BRDA:224,36,1,0
BRDA:226,37,0,0
BRDA:226,37,1,0
BRDA:227,38,0,0
BRDA:227,38,1,0
BRDA:228,39,0,0
BRDA:228,39,1,0
BRDA:231,40,0,0
BRDA:231,40,1,0
BRDA:232,41,0,0
BRDA:232,41,1,0
BRDA:250,42,0,0
BRDA:250,42,1,0
BRDA:251,43,0,0
BRDA:251,43,1,0
BRDA:257,44,0,0
BRDA:257,44,1,0
BRDA:257,45,0,0
BRDA:257,45,1,0
BRDA:259,46,0,0
BRDA:259,46,1,0
BRDA:266,47,0,0
BRDA:266,47,1,0
BRDA:277,48,0,0
BRDA:277,48,1,0
BRDA:283,49,0,0
BRDA:283,49,1,0
BRDA:291,50,0,0
BRDA:291,50,1,0
BRDA:293,51,0,0
BRDA:293,51,1,0
BRDA:294,52,0,0
BRDA:294,52,1,0
BRDA:302,53,0,0
BRDA:302,53,1,0
BRDA:304,54,0,0
BRDA:304,54,1,0
BRDA:327,55,0,0
BRDA:327,55,1,0
BRDA:338,56,0,0
BRDA:338,56,1,0
BRDA:362,57,0,0
BRDA:362,57,1,0
BRDA:362,58,0,0
BRDA:362,58,1,0
BRDA:363,59,0,0
BRDA:363,59,1,0
BRDA:372,60,0,0
BRDA:372,60,1,0
BRDA:390,61,0,0
BRDA:390,61,1,0
BRDA:446,62,0,0
BRDA:446,62,1,0
BRDA:520,63,0,0
BRDA:520,63,1,0
BRDA:527,64,0,0
BRDA:527,64,1,0
BRDA:535,65,0,0
BRDA:535,65,1,0
BRDA:536,66,0,0
BRDA:536,66,1,0
BRDA:536,67,0,0
BRDA:536,67,1,0
BRDA:537,68,0,0
BRDA:537,68,1,0
BRF:138
BRH:0
end_of_record
TN:
SF:modules/galeri-private.js
FN:18,init
FN:53,(anonymous_1)
FN:70,loadUserProfile
FN:82,loadPrivateClasses
FN:120,renderCards
FN:128,(anonymous_5)
FN:161,injectStyles
FNF:7
FNH:0
FNDA:0,init
FNDA:0,(anonymous_1)
FNDA:0,loadUserProfile
FNDA:0,loadPrivateClasses
FNDA:0,renderCards
FNDA:0,(anonymous_5)
FNDA:0,injectStyles
DA:10,0
DA:13,0
DA:21,0
DA:24,0
DA:25,0
DA:27,0
DA:29,0
DA:46,0
DA:47,0
DA:53,0
DA:55,0
DA:56,0
DA:59,0
DA:60,0
DA:62,0
DA:71,0
DA:72,0
DA:74,0
DA:79,0
DA:83,0
DA:85,0
DA:86,0
DA:96,0
DA:97,0
DA:99,0
DA:101,0
DA:103,0
DA:107,0
DA:109,0
DA:110,0
DA:113,0
DA:121,0
DA:122,0
DA:123,0
DA:126,0
DA:128,0
DA:129,0
DA:130,0
DA:132,0
DA:133,0
DA:134,0
DA:135,0
DA:137,0
DA:162,0
DA:163,0
DA:164,0
DA:165,0
DA:258,0
LF:48
LH:0
BRDA:59,0,0,0
BRDA:59,0,1,0
BRDA:72,1,0,0
BRDA:72,1,1,0
BRDA:96,2,0,0
BRDA:96,2,1,0
BRDA:96,3,0,0
BRDA:96,3,1,0
BRDA:97,4,0,0
BRDA:97,4,1,0
BRDA:101,5,0,0
BRDA:101,5,1,0
BRDA:109,6,0,0
BRDA:109,6,1,0
BRDA:110,7,0,0
BRDA:110,7,1,0
BRDA:121,8,0,0
BRDA:121,8,1,0
BRDA:130,9,0,0
BRDA:130,9,1,0
BRDA:133,10,0,0
BRDA:133,10,1,0
BRDA:134,11,0,0
BRDA:134,11,1,0
BRDA:135,12,0,0
BRDA:135,12,1,0
BRDA:144,13,0,0
BRDA:144,13,1,0
BRDA:162,14,0,0
BRDA:162,14,1,0
BRF:30
BRH:0
end_of_record
TN:
SF:modules/galeri-sekolah.js
FN:18,init
FN:61,(anonymous_1)
FN:78,loadUserProfile
FN:90,getTeacherLevelCode
FN:96,loadClasses
FN:140,renderCards
FN:148,(anonymous_6)
FN:180,injectStyles
FNF:8
FNH:0
FNDA:0,init
FNDA:0,(anonymous_1)
FNDA:0,loadUserProfile
FNDA:0,getTeacherLevelCode
FNDA:0,loadClasses
FNDA:0,renderCards
FNDA:0,(anonymous_6)
FNDA:0,injectStyles
DA:10,0
DA:13,0
DA:21,0
DA:24,0
DA:25,0
DA:27,0
DA:30,0
DA:31,0
DA:33,0
DA:54,0
DA:55,0
DA:61,0
DA:63,0
DA:64,0
DA:67,0
DA:68,0
DA:70,0
DA:79,0
DA:80,0
DA:82,0
DA:87,0
DA:91,0
DA:92,0
DA:93,0
DA:97,0
DA:98,0
DA:99,0
DA:101,0
DA:102,0
DA:114,0
DA:115,0
DA:118,0
DA:119,0
DA:121,0
DA:122,0
DA:126,0
DA:128,0
DA:129,0
DA:132,0
DA:133,0
DA:141,0
DA:142,0
DA:143,0
DA:146,0
DA:148,0
DA:149,0
DA:151,0
DA:152,0
DA:153,0
DA:155,0
DA:181,0
DA:182,0
DA:183,0
DA:184,0
DA:262,0
LF:55
LH:0
BRDA:30,0,0,0
BRDA:30,0,1,0
BRDA:31,1,0,0
BRDA:31,1,1,0
BRDA:67,2,0,0
BRDA:67,2,1,0
BRDA:80,3,0,0
BRDA:80,3,1,0
BRDA:91,4,0,0
BRDA:91,4,1,0
BRDA:114,5,0,0
BRDA:114,5,1,0
BRDA:115,6,0,0
BRDA:115,6,1,0
BRDA:118,7,0,0
BRDA:118,7,1,0
BRDA:118,8,0,0
BRDA:118,8,1,0
BRDA:118,8,2,0
BRDA:121,9,0,0
BRDA:121,9,1,0
BRDA:128,10,0,0
BRDA:128,10,1,0
BRDA:129,11,0,0
BRDA:129,11,1,0
BRDA:141,12,0,0
BRDA:141,12,1,0
BRDA:152,13,0,0
BRDA:152,13,1,0
BRDA:153,14,0,0
BRDA:153,14,1,0
BRDA:162,15,0,0
BRDA:162,15,1,0
BRDA:163,16,0,0
BRDA:163,16,1,0
BRDA:181,17,0,0
BRDA:181,17,1,0
BRF:37
BRH:0
end_of_record
TN:
SF:modules/guru-materi.js
FN:20,init
FN:91,injectStyles
FN:132,loadData
FN:146,(anonymous_3)
FN:148,(anonymous_4)
FN:157,(anonymous_5)
FN:159,(anonymous_6)
FN:160,(anonymous_7)
FN:166,(anonymous_8)
FN:180,injectFormFields
FN:206,(anonymous_10)
FN:208,(anonymous_11)
FN:208,(anonymous_12)
FN:224,(anonymous_13)
FN:225,(anonymous_14)
FN:227,(anonymous_15)
FN:231,addSubRow
FN:236,(anonymous_17)
FN:244,loadCloudinaryScript
FN:245,(anonymous_19)
FN:254,openUploadWidget
FN:267,(anonymous_21)
FN:278,setupEventListeners
FN:279,(anonymous_23)
FN:280,(anonymous_24)
FN:282,(anonymous_25)
FN:287,(anonymous_26)
FN:290,(anonymous_27)
FN:298,switchTab
FN:307,handleFormSubmit
FN:311,(anonymous_30)
FN:315,(anonymous_31)
FN:315,(anonymous_32)
FN:326,openEdit
FN:332,deleteData
FNF:35
FNH:0
FNDA:0,init
FNDA:0,injectStyles
FNDA:0,loadData
FNDA:0,(anonymous_3)
FNDA:0,(anonymous_4)
FNDA:0,(anonymous_5)
FNDA:0,(anonymous_6)
FNDA:0,(anonymous_7)
FNDA:0,(anonymous_8)
FNDA:0,injectFormFields
FNDA:0,(anonymous_10)
FNDA:0,(anonymous_11)
FNDA:0,(anonymous_12)
FNDA:0,(anonymous_13)
FNDA:0,(anonymous_14)
FNDA:0,(anonymous_15)
FNDA:0,addSubRow
FNDA:0,(anonymous_17)
FNDA:0,loadCloudinaryScript
FNDA:0,(anonymous_19)
FNDA:0,openUploadWidget
FNDA:0,(anonymous_21)
FNDA:0,setupEventListeners
FNDA:0,(anonymous_23)
FNDA:0,(anonymous_24)
FNDA:0,(anonymous_25)
FNDA:0,(anonymous_26)
FNDA:0,(anonymous_27)
FNDA:0,switchTab
FNDA:0,handleFormSubmit
FNDA:0,(anonymous_30)
FNDA:0,(anonymous_31)
FNDA:0,(anonymous_32)
FNDA:0,openEdit
FNDA:0,deleteData
DA:10,0
DA:13,0
DA:14,0
DA:22,0
DA:25,0
DA:28,0
DA:84,0
DA:85,0
DA:92,0
DA:93,0
DA:95,0
DA:96,0
DA:97,0
DA:125,0
DA:133,0
DA:134,0
DA:135,0
DA:136,0
DA:138,0
DA:139,0
DA:140,0
DA:142,0
DA:143,0
DA:144,0
DA:145,0
DA:146,0
DA:148,0
DA:155,0
DA:156,0
DA:157,0
DA:159,0
DA:160,0
DA:161,0
DA:166,0
DA:173,0
DA:181,0
DA:182,0
DA:184,0
DA:185,0
DA:186,0
DA:206,0
DA:207,0
DA:208,0
DA:209,0
DA:210,0
DA:215,0
DA:224,0
DA:225,0
DA:226,0
DA:227,0
DA:232,0
DA:233,0
DA:234,0
DA:235,0
DA:236,0
DA:237,0
DA:245,0
DA:246,0
DA:247,0
DA:248,0
DA:249,0
DA:250,0
DA:255,0
DA:258,0
DA:268,0
DA:269,0
DA:279,0
DA:280,0
DA:281,0
DA:282,0
DA:283,0
DA:284,0
DA:285,0
DA:287,0
DA:288,0
DA:290,0
DA:291,0
DA:292,0
DA:293,0
DA:294,0
DA:299,0
DA:300,0
DA:301,0
DA:302,0
DA:303,0
DA:304,0
DA:308,0
DA:309,0
DA:310,0
DA:311,0
DA:313,0
DA:314,0
DA:315,0
DA:318,0
DA:319,0
DA:320,0
DA:321,0
DA:322,0
DA:323,0
DA:327,0
DA:328,0
DA:329,0
DA:333,0
DA:334,0
DA:335,0
LF:105
LH:0
BRDA:93,0,0,0
BRDA:93,0,1,0
BRDA:143,1,0,0
BRDA:143,1,1,0
BRDA:146,2,0,0
BRDA:146,2,1,0
BRDA:148,3,0,0
BRDA:148,3,1,0
BRDA:157,4,0,0
BRDA:157,4,1,0
BRDA:159,5,0,0
BRDA:159,5,1,0
BRDA:160,6,0,0
BRDA:160,6,1,0
BRDA:166,7,0,0
BRDA:166,7,1,0
BRDA:180,8,0,0
BRDA:180,9,0,0
BRDA:182,10,0,0
BRDA:182,10,1,0
BRDA:184,11,0,0
BRDA:184,11,1,0
BRDA:185,12,0,0
BRDA:185,12,1,0
BRDA:188,13,0,0
BRDA:188,13,1,0
BRDA:195,14,0,0
BRDA:195,14,1,0
BRDA:201,15,0,0
BRDA:201,15,1,0
BRDA:202,16,0,0
BRDA:202,16,1,0
BRDA:208,17,0,0
BRDA:208,17,1,0
BRDA:216,18,0,0
BRDA:216,18,1,0
BRDA:224,19,0,0
BRDA:224,19,1,0
BRDA:225,20,0,0
BRDA:225,20,1,0
BRDA:231,21,0,0
BRDA:246,22,0,0
BRDA:246,22,1,0
BRDA:255,23,0,0
BRDA:255,23,1,0
BRDA:268,24,0,0
BRDA:268,24,1,0
BRDA:268,25,0,0
BRDA:268,25,1,0
BRDA:268,25,2,0
BRDA:292,26,0,0
BRDA:292,26,1,0
BRDA:294,27,0,0
BRDA:294,27,1,0
BRDA:300,28,0,0
BRDA:300,28,1,0
BRDA:301,29,0,0
BRDA:301,29,1,0
BRDA:302,30,0,0
BRDA:302,30,1,0
BRDA:303,31,0,0
BRDA:303,31,1,0
BRDA:311,32,0,0
BRDA:311,32,1,0
BRDA:313,33,0,0
BRDA:313,33,1,0
BRDA:319,34,0,0
BRDA:319,34,1,0
BRDA:320,35,0,0
BRDA:320,35,1,0
BRDA:327,36,0,0
BRDA:327,36,1,0
BRDA:329,37,0,0
BRDA:329,37,1,0
BRDA:333,38,0,0
BRDA:333,38,1,0
BRDA:335,39,0,0
BRDA:335,39,1,0
BRF:78
BRH:0
end_of_record
TN:
SF:modules/materi-private.js
FN:19,init
FN:94,injectStyles
FN:175,loadData
FN:187,(anonymous_3)
FN:191,(anonymous_4)
FN:216,(anonymous_5)
FN:221,(anonymous_6)
FN:228,(anonymous_7)
FN:234,(anonymous_8)
FN:235,(anonymous_9)
FN:241,(anonymous_10)
FN:256,(anonymous_11)
FN:258,(anonymous_12)
FN:275,(anonymous_13)
FN:277,(anonymous_14)
FN:302,injectFormFields
FN:316,(anonymous_16)
FN:338,(anonymous_17)
FN:340,(anonymous_18)
FN:340,(anonymous_19)
FN:362,(anonymous_20)
FN:363,(anonymous_21)
FN:364,(anonymous_22)
FN:366,(anonymous_23)
FN:382,addSubRow
FN:397,loadCloudinaryScript
FN:398,(anonymous_26)
FN:407,openUploadWidget
FN:420,(anonymous_28)
FN:432,setupEventListeners
FN:435,(anonymous_30)
FN:436,(anonymous_31)
FN:437,(anonymous_32)
FN:448,(anonymous_33)
FN:455,(anonymous_34)
FN:463,(anonymous_35)
FN:480,handleFormSubmit
FN:486,(anonymous_37)
FN:493,(anonymous_38)
FN:493,(anonymous_39)
FN:509,openEdit
FN:525,deleteData
FNF:42
FNH:0
FNDA:0,init
FNDA:0,injectStyles
FNDA:0,loadData
FNDA:0,(anonymous_3)
FNDA:0,(anonymous_4)
FNDA:0,(anonymous_5)
FNDA:0,(anonymous_6)
FNDA:0,(anonymous_7)
FNDA:0,(anonymous_8)
FNDA:0,(anonymous_9)
FNDA:0,(anonymous_10)
FNDA:0,(anonymous_11)
FNDA:0,(anonymous_12)
FNDA:0,(anonymous_13)
FNDA:0,(anonymous_14)
FNDA:0,injectFormFields
FNDA:0,(anonymous_16)
FNDA:0,(anonymous_17)
FNDA:0,(anonymous_18)
FNDA:0,(anonymous_19)
FNDA:0,(anonymous_20)
FNDA:0,(anonymous_21)
FNDA:0,(anonymous_22)
FNDA:0,(anonymous_23)
FNDA:0,addSubRow
FNDA:0,loadCloudinaryScript
FNDA:0,(anonymous_26)
FNDA:0,openUploadWidget
FNDA:0,(anonymous_28)
FNDA:0,setupEventListeners
FNDA:0,(anonymous_30)
FNDA:0,(anonymous_31)
FNDA:0,(anonymous_32)
FNDA:0,(anonymous_33)
FNDA:0,(anonymous_34)
FNDA:0,(anonymous_35)
FNDA:0,handleFormSubmit
FNDA:0,(anonymous_37)
FNDA:0,(anonymous_38)
FNDA:0,(anonymous_39)
FNDA:0,openEdit
FNDA:0,deleteData
DA:9,0
DA:12,0
DA:13,0
DA:21,0
DA:24,0
DA:27,0
DA:87,0
DA:88,0
DA:95,0
DA:96,0
DA:98,0
DA:99,0
DA:100,0
DA:168,0
DA:176,0
DA:177,0
DA:178,0
DA:180,0
DA:181,0
DA:183,0
DA:184,0
DA:185,0
DA:186,0
DA:187,0
DA:189,0
DA:191,0
DA:193,0
DA:194,0
DA:196,0
DA:213,0
DA:214,0
DA:215,0
DA:216,0
DA:218,0
DA:221,0
DA:222,0
DA:223,0
DA:224,0
DA:225,0
DA:228,0
DA:235,0
DA:236,0
DA:241,0
DA:253,0
DA:254,0
DA:255,0
DA:256,0
DA:258,0
DA:272,0
DA:273,0
DA:274,0
DA:275,0
DA:277,0
DA:293,0
DA:294,0
DA:303,0
DA:304,0
DA:306,0
DA:307,0
DA:314,0
DA:315,0
DA:316,0
DA:318,0
DA:319,0
DA:320,0
DA:338,0
DA:339,0
DA:340,0
DA:341,0
DA:342,0
DA:348,0
DA:362,0
DA:363,0
DA:364,0
DA:365,0
DA:366,0
DA:370,0
DA:371,0
DA:383,0
DA:384,0
DA:385,0
DA:386,0
DA:390,0
DA:398,0
DA:399,0
DA:400,0
DA:401,0
DA:402,0
DA:403,0
DA:408,0
DA:409,0
DA:411,0
DA:421,0
DA:422,0
DA:423,0
DA:434,0
DA:435,0
DA:436,0
DA:437,0
DA:438,0
DA:439,0
DA:440,0
DA:445,0
DA:448,0
DA:449,0
DA:450,0
DA:451,0
DA:455,0
DA:456,0
DA:460,0
DA:463,0
DA:465,0
DA:466,0
DA:467,0
DA:468,0
DA:469,0
DA:473,0
DA:474,0
DA:475,0
DA:481,0
DA:482,0
DA:483,0
DA:486,0
DA:487,0
DA:491,0
DA:492,0
DA:493,0
DA:496,0
DA:497,0
DA:501,0
DA:502,0
DA:503,0
DA:505,0
DA:510,0
DA:513,0
DA:515,0
DA:517,0
DA:518,0
DA:519,0
DA:520,0
DA:521,0
DA:526,0
DA:527,0
DA:528,0
DA:529,0
LF:145
LH:0
BRDA:96,0,0,0
BRDA:96,0,1,0
BRDA:184,1,0,0
BRDA:184,1,1,0
BRDA:187,2,0,0
BRDA:187,2,1,0
BRDA:189,3,0,0
BRDA:189,3,1,0
BRDA:194,4,0,0
BRDA:194,4,1,0
BRDA:204,5,0,0
BRDA:204,5,1,0
BRDA:213,6,0,0
BRDA:213,6,1,0
BRDA:216,7,0,0
BRDA:216,7,1,0
BRDA:218,8,0,0
BRDA:218,8,1,0
BRDA:222,9,0,0
BRDA:222,9,1,0
BRDA:223,10,0,0
BRDA:223,10,1,0
BRDA:235,11,0,0
BRDA:235,11,1,0
BRDA:241,12,0,0
BRDA:241,12,1,0
BRDA:253,13,0,0
BRDA:253,13,1,0
BRDA:256,14,0,0
BRDA:256,14,1,0
BRDA:264,15,0,0
BRDA:264,15,1,0
BRDA:272,16,0,0
BRDA:272,16,1,0
BRDA:275,17,0,0
BRDA:275,17,1,0
BRDA:302,18,0,0
BRDA:302,19,0,0
BRDA:304,20,0,0
BRDA:304,20,1,0
BRDA:306,21,0,0
BRDA:306,21,1,0
BRDA:309,22,0,0
BRDA:309,22,1,0
BRDA:311,23,0,0
BRDA:311,23,1,0
BRDA:314,24,0,0
BRDA:314,24,1,0
BRDA:314,25,0,0
BRDA:314,25,1,0
BRDA:316,26,0,0
BRDA:316,26,1,0
BRDA:318,27,0,0
BRDA:318,27,1,0
BRDA:319,28,0,0
BRDA:319,28,1,0
BRDA:322,29,0,0
BRDA:322,29,1,0
BRDA:329,30,0,0
BRDA:329,30,1,0
BRDA:334,31,0,0
BRDA:334,31,1,0
BRDA:340,32,0,0
BRDA:340,32,1,0
BRDA:351,33,0,0
BRDA:351,33,1,0
BRDA:363,34,0,0
BRDA:363,34,1,0
BRDA:364,35,0,0
BRDA:364,35,1,0
BRDA:370,36,0,0
BRDA:370,36,1,0
BRDA:372,37,0,0
BRDA:372,37,1,0
BRDA:375,38,0,0
BRDA:375,38,1,0
BRDA:376,39,0,0
BRDA:376,39,1,0
BRDA:382,40,0,0
BRDA:399,41,0,0
BRDA:399,41,1,0
BRDA:408,42,0,0
BRDA:408,42,1,0
BRDA:409,43,0,0
BRDA:409,43,1,0
BRDA:409,44,0,0
BRDA:409,44,1,0
BRDA:421,45,0,0
BRDA:421,45,1,0
BRDA:421,46,0,0
BRDA:421,46,1,0
BRDA:421,46,2,0
BRDA:466,47,0,0
BRDA:466,47,1,0
BRDA:474,48,0,0
BRDA:474,48,1,0
BRDA:487,49,0,0
BRDA:487,49,1,0
BRDA:491,50,0,0
BRDA:491,50,1,0
BRDA:497,51,0,0
BRDA:497,51,1,0
BRDA:501,52,0,0
BRDA:501,52,1,0
BRDA:515,53,0,0
BRDA:515,53,1,0
BRDA:515,54,0,0
BRDA:515,54,1,0
BRDA:518,55,0,0
BRDA:518,55,1,0
BRDA:526,56,0,0
BRDA:526,56,1,0
BRDA:528,57,0,0
BRDA:528,57,1,0
BRF:114
BRH:0
end_of_record
TN:
SF:modules/menu-manager.js
FN:28,init
FN:163,loadInitialData
FN:181,renderQuickJump
FN:183,(anonymous_3)
FN:189,renderMainUI
FN:193,(anonymous_5)
FN:194,(anonymous_6)
FN:207,(anonymous_7)
FN:214,renderMenuCard
FN:216,(anonymous_9)
FN:219,(anonymous_10)
FN:220,(anonymous_11)
FN:245,(anonymous_12)
FN:246,(anonymous_13)
FN:256,(anonymous_14)
FN:264,(anonymous_15)
FN:284,saveMenu
FN:286,(anonymous_17)
FN:287,(anonymous_18)
FN:310,injectStyles
FN:392,bindEvents
FN:393,(anonymous_21)
FN:395,(anonymous_22)
FN:396,(anonymous_23)
FN:399,(anonymous_24)
FN:401,(anonymous_25)
FN:408,populateCategorySelect
FN:411,(anonymous_27)
FN:414,renderIconGrid
FN:416,(anonymous_29)
FN:419,(anonymous_30)
FN:425,renderCatList
FN:427,(anonymous_32)
FNF:33
FNH:0
FNDA:0,init
FNDA:0,loadInitialData
FNDA:0,renderQuickJump
FNDA:0,(anonymous_3)
FNDA:0,renderMainUI
FNDA:0,(anonymous_5)
FNDA:0,(anonymous_6)
FNDA:0,(anonymous_7)
FNDA:0,renderMenuCard
FNDA:0,(anonymous_9)
FNDA:0,(anonymous_10)
FNDA:0,(anonymous_11)
FNDA:0,(anonymous_12)
FNDA:0,(anonymous_13)
FNDA:0,(anonymous_14)
FNDA:0,(anonymous_15)
FNDA:0,saveMenu
FNDA:0,(anonymous_17)
FNDA:0,(anonymous_18)
FNDA:0,injectStyles
FNDA:0,bindEvents
FNDA:0,(anonymous_21)
FNDA:0,(anonymous_22)
FNDA:0,(anonymous_23)
FNDA:0,(anonymous_24)
FNDA:0,(anonymous_25)
FNDA:0,populateCategorySelect
FNDA:0,(anonymous_27)
FNDA:0,renderIconGrid
FNDA:0,(anonymous_29)
FNDA:0,(anonymous_30)
FNDA:0,renderCatList
FNDA:0,(anonymous_32)
DA:11,0
DA:14,0
DA:15,0
DA:16,0
DA:18,0
DA:29,0
DA:31,0
DA:156,0
DA:157,0
DA:164,0
DA:165,0
DA:171,0
DA:172,0
DA:173,0
DA:175,0
DA:176,0
DA:177,0
DA:178,0
DA:182,0
DA:183,0
DA:190,0
DA:191,0
DA:193,0
DA:194,0
DA:196,0
DA:197,0
DA:198,0
DA:201,0
DA:207,0
DA:210,0
DA:216,0
DA:219,0
DA:220,0
DA:221,0
DA:224,0
DA:245,0
DA:246,0
DA:247,0
DA:248,0
DA:249,0
DA:251,0
DA:252,0
DA:255,0
DA:256,0
DA:264,0
DA:271,0
DA:272,0
DA:273,0
DA:274,0
DA:275,0
DA:276,0
DA:277,0
DA:278,0
DA:281,0
DA:285,0
DA:286,0
DA:287,0
DA:289,0
DA:300,0
DA:301,0
DA:303,0
DA:304,0
DA:311,0
DA:312,0
DA:313,0
DA:314,0
DA:386,0
DA:393,0
DA:394,0
DA:395,0
DA:396,0
DA:399,0
DA:401,0
DA:402,0
DA:403,0
DA:404,0
DA:409,0
DA:410,0
DA:411,0
DA:415,0
DA:416,0
DA:419,0
DA:420,0
DA:421,0
DA:422,0
DA:426,0
DA:427,0
LF:87
LH:0
BRDA:171,0,0,0
BRDA:171,0,1,0
BRDA:172,1,0,0
BRDA:172,1,1,0
BRDA:173,2,0,0
BRDA:173,2,1,0
BRDA:207,3,0,0
BRDA:207,3,1,0
BRDA:216,4,0,0
BRDA:216,4,1,0
BRDA:219,5,0,0
BRDA:219,5,1,0
BRDA:221,6,0,0
BRDA:221,6,1,0
BRDA:225,7,0,0
BRDA:225,7,1,0
BRDA:252,8,0,0
BRDA:252,8,1,0
BRDA:258,9,0,0
BRDA:258,9,1,0
BRDA:266,10,0,0
BRDA:266,10,1,0
BRDA:271,11,0,0
BRDA:271,11,1,0
BRDA:293,12,0,0
BRDA:293,12,1,0
BRDA:300,13,0,0
BRDA:300,13,1,0
BRDA:311,14,0,0
BRDA:311,14,1,0
BRDA:402,15,0,0
BRDA:402,15,1,0
BRDA:414,16,0,0
BRF:33
BRH:0
end_of_record
TN:
SF:modules/monitoring-private.js
FN:28,init
FN:159,injectStyles
FN:247,setupLogic
FN:257,setupEventListeners
FN:259,(anonymous_4)
FN:265,(anonymous_5)
FN:266,(anonymous_6)
FN:276,(anonymous_7)
FN:290,fetchTeachers
FN:294,(anonymous_9)
FN:297,fetchStudents
FN:302,loadLastSession
FN:313,loadHistory
FN:325,(anonymous_13)
FN:341,savePertemuan
FN:403,saveTargetAch
FN:460,(anonymous_16)
FN:464,(anonymous_17)
FN:509,(anonymous_18)
FN:521,renderStudentCards
FN:526,(anonymous_20)
FN:535,(anonymous_21)
FN:603,(anonymous_22)
FN:622,(anonymous_23)
FN:634,(anonymous_24)
FN:660,(anonymous_25)
FN:666,(anonymous_26)
FN:669,(anonymous_27)
FN:684,resetToNewMode
FN:704,setupMainAchSearch
FN:708,(anonymous_30)
FN:720,(anonymous_31)
FN:725,(anonymous_32)
FN:735,(anonymous_33)
FN:743,(anonymous_34)
FN:751,(anonymous_35)
FN:758,toggleManualSub
FN:764,addAchievementToTarget
FN:784,renderTargetListUI
FN:788,(anonymous_39)
FN:796,(anonymous_40)
FN:803,toggleAccordion
FN:812,updateSessionStatus
FNF:43
FNH:0
FNDA:0,init
FNDA:0,injectStyles
FNDA:0,setupLogic
FNDA:0,setupEventListeners
FNDA:0,(anonymous_4)
FNDA:0,(anonymous_5)
FNDA:0,(anonymous_6)
FNDA:0,(anonymous_7)
FNDA:0,fetchTeachers
FNDA:0,(anonymous_9)
FNDA:0,fetchStudents
FNDA:0,loadLastSession
FNDA:0,loadHistory
FNDA:0,(anonymous_13)
FNDA:0,savePertemuan
FNDA:0,saveTargetAch
FNDA:0,(anonymous_16)
FNDA:0,(anonymous_17)
FNDA:0,(anonymous_18)
FNDA:0,renderStudentCards
FNDA:0,(anonymous_20)
FNDA:0,(anonymous_21)
FNDA:0,(anonymous_22)
FNDA:0,(anonymous_23)
FNDA:0,(anonymous_24)
FNDA:0,(anonymous_25)
FNDA:0,(anonymous_26)
FNDA:0,(anonymous_27)
FNDA:0,resetToNewMode
FNDA:0,setupMainAchSearch
FNDA:0,(anonymous_30)
FNDA:0,(anonymous_31)
FNDA:0,(anonymous_32)
FNDA:0,(anonymous_33)
FNDA:0,(anonymous_34)
FNDA:0,(anonymous_35)
FNDA:0,toggleManualSub
FNDA:0,addAchievementToTarget
FNDA:0,renderTargetListUI
FNDA:0,(anonymous_39)
FNDA:0,(anonymous_40)
FNDA:0,toggleAccordion
FNDA:0,updateSessionStatus
DA:10,0
DA:13,0
DA:14,0
DA:15,0
DA:16,0
DA:17,0
DA:18,0
DA:19,0
DA:22,0
DA:29,0
DA:30,0
DA:31,0
DA:32,0
DA:34,0
DA:35,0
DA:36,0
DA:37,0
DA:40,0
DA:42,0
DA:153,0
DA:160,0
DA:161,0
DA:162,0
DA:163,0
DA:240,0
DA:248,0
DA:250,0
DA:251,0
DA:252,0
DA:254,0
DA:259,0
DA:260,0
DA:261,0
DA:265,0
DA:266,0
DA:268,0
DA:269,0
DA:272,0
DA:273,0
DA:274,0
DA:276,0
DA:277,0
DA:278,0
DA:279,0
DA:280,0
DA:283,0
DA:291,0
DA:292,0
DA:293,0
DA:294,0
DA:298,0
DA:299,0
DA:303,0
DA:314,0
DA:315,0
DA:320,0
DA:321,0
DA:322,0
DA:325,0
DA:342,0
DA:343,0
DA:344,0
DA:346,0
DA:348,0
DA:349,0
DA:350,0
DA:352,0
DA:353,0
DA:355,0
DA:361,0
DA:362,0
DA:364,0
DA:366,0
DA:369,0
DA:376,0
DA:377,0
DA:379,0
DA:380,0
DA:383,0
DA:384,0
DA:387,0
DA:388,0
DA:390,0
DA:391,0
DA:393,0
DA:395,0
DA:397,0
DA:398,0
DA:404,0
DA:405,0
DA:407,0
DA:408,0
DA:409,0
DA:411,0
DA:412,0
DA:413,0
DA:414,0
DA:416,0
DA:418,0
DA:421,0
DA:422,0
DA:424,0
DA:426,0
DA:430,0
DA:433,0
DA:434,0
DA:436,0
DA:440,0
DA:441,0
DA:444,0
DA:445,0
DA:446,0
DA:448,0
DA:449,0
DA:450,0
DA:452,0
DA:454,0
DA:455,0
DA:460,0
DA:461,0
DA:464,0
DA:465,0
DA:467,0
DA:468,0
DA:469,0
DA:471,0
DA:472,0
DA:473,0
DA:474,0
DA:477,0
DA:480,0
DA:482,0
DA:483,0
DA:486,0
DA:487,0
DA:489,0
DA:490,0
DA:491,0
DA:492,0
DA:494,0
DA:496,0
DA:498,0
DA:501,0
DA:502,0
DA:507,0
DA:508,0
DA:509,0
DA:512,0
DA:513,0
DA:522,0
DA:523,0
DA:524,0
DA:526,0
DA:527,0
DA:528,0
DA:529,0
DA:530,0
DA:533,0
DA:537,0
DA:538,0
DA:540,0
DA:541,0
DA:542,0
DA:543,0
DA:545,0
DA:546,0
DA:547,0
DA:548,0
DA:550,0
DA:560,0
DA:603,0
DA:604,0
DA:605,0
DA:606,0
DA:607,0
DA:610,0
DA:611,0
DA:612,0
DA:613,0
DA:614,0
DA:615,0
DA:616,0
DA:619,0
DA:622,0
DA:623,0
DA:624,0
DA:625,0
DA:626,0
DA:634,0
DA:635,0
DA:637,0
DA:638,0
DA:639,0
DA:640,0
DA:642,0
DA:643,0
DA:644,0
DA:645,0
DA:646,0
DA:647,0
DA:648,0
DA:649,0
DA:652,0
DA:653,0
DA:654,0
DA:655,0
DA:658,0
DA:659,0
DA:660,0
DA:665,0
DA:666,0
DA:668,0
DA:669,0
DA:671,0
DA:672,0
DA:673,0
DA:675,0
DA:676,0
DA:677,0
DA:679,0
DA:681,0
DA:685,0
DA:686,0
DA:687,0
DA:688,0
DA:690,0
DA:691,0
DA:692,0
DA:694,0
DA:695,0
DA:697,0
DA:698,0
DA:699,0
DA:701,0
DA:705,0
DA:706,0
DA:708,0
DA:709,0
DA:710,0
DA:712,0
DA:716,0
DA:717,0
DA:719,0
DA:720,0
DA:721,0
DA:722,0
DA:725,0
DA:731,0
DA:735,0
DA:736,0
DA:737,0
DA:739,0
DA:740,0
DA:742,0
DA:743,0
DA:744,0
DA:745,0
DA:747,0
DA:751,0
DA:752,0
DA:753,0
DA:754,0
DA:755,0
DA:759,0
DA:760,0
DA:761,0
DA:765,0
DA:766,0
DA:767,0
DA:768,0
DA:771,0
DA:773,0
DA:774,0
DA:775,0
DA:777,0
DA:778,0
DA:779,0
DA:780,0
DA:781,0
DA:785,0
DA:786,0
DA:788,0
DA:796,0
DA:797,0
DA:798,0
DA:799,0
DA:804,0
DA:805,0
DA:806,0
DA:807,0
DA:808,0
DA:809,0
DA:813,0
DA:814,0
DA:815,0
DA:816,0
LF:296
LH:0
BRDA:31,0,0,0
BRDA:31,0,1,0
BRDA:32,1,0,0
BRDA:32,1,1,0
BRDA:34,2,0,0
BRDA:34,2,1,0
BRDA:36,3,0,0
BRDA:36,3,1,0
BRDA:160,4,0,0
BRDA:160,4,1,0
BRDA:260,5,0,0
BRDA:260,5,1,0
BRDA:294,6,0,0
BRDA:294,6,1,0
BRDA:299,7,0,0
BRDA:299,7,1,0
BRDA:320,8,0,0
BRDA:320,8,1,0
BRDA:320,9,0,0
BRDA:320,9,1,0
BRDA:331,10,0,0
BRDA:331,10,1,0
BRDA:346,11,0,0
BRDA:346,11,1,0
BRDA:346,12,0,0
BRDA:346,12,1,0
BRDA:361,13,0,0
BRDA:361,13,1,0
BRDA:372,14,0,0
BRDA:372,14,1,0
BRDA:376,15,0,0
BRDA:376,15,1,0
BRDA:388,16,0,0
BRDA:388,16,1,0
BRDA:391,17,0,0
BRDA:391,17,1,0
BRDA:404,18,0,0
BRDA:404,18,1,0
BRDA:405,19,0,0
BRDA:405,19,1,0
BRDA:414,20,0,0
BRDA:414,20,1,0
BRDA:421,21,0,0
BRDA:421,21,1,0
BRDA:433,22,0,0
BRDA:433,22,1,0
BRDA:440,23,0,0
BRDA:440,23,1,0
BRDA:461,24,0,0
BRDA:461,24,1,0
BRDA:465,25,0,0
BRDA:465,25,1,0
BRDA:482,26,0,0
BRDA:482,26,1,0
BRDA:491,27,0,0
BRDA:491,27,1,0
BRDA:494,28,0,0
BRDA:494,28,1,0
BRDA:494,29,0,0
BRDA:494,29,1,0
BRDA:501,30,0,0
BRDA:501,30,1,0
BRDA:524,31,0,0
BRDA:524,31,1,0
BRDA:527,32,0,0
BRDA:527,32,1,0
BRDA:528,33,0,0
BRDA:528,33,1,0
BRDA:529,34,0,0
BRDA:529,34,1,0
BRDA:533,35,0,0
BRDA:533,35,1,0
BRDA:538,36,0,0
BRDA:538,36,1,0
BRDA:541,37,0,0
BRDA:541,37,1,0
BRDA:542,38,0,0
BRDA:542,38,1,0
BRDA:543,39,0,0
BRDA:543,39,1,0
BRDA:546,40,0,0
BRDA:546,40,1,0
BRDA:547,41,0,0
BRDA:547,41,1,0
BRDA:548,42,0,0
BRDA:548,42,1,0
BRDA:551,43,0,0
BRDA:551,43,1,0
BRDA:572,44,0,0
BRDA:572,44,1,0
BRDA:573,45,0,0
BRDA:573,45,1,0
BRDA:574,46,0,0
BRDA:574,46,1,0
BRDA:575,47,0,0
BRDA:575,47,1,0
BRDA:576,48,0,0
BRDA:576,48,1,0
BRDA:582,49,0,0
BRDA:582,49,1,0
BRDA:583,50,0,0
BRDA:583,50,1,0
BRDA:584,51,0,0
BRDA:584,51,1,0
BRDA:591,52,0,0
BRDA:591,52,1,0
BRDA:605,53,0,0
BRDA:605,53,1,0
BRDA:613,54,0,0
BRDA:613,54,1,0
BRDA:614,55,0,0
BRDA:614,55,1,0
BRDA:615,56,0,0
BRDA:615,56,1,0
BRDA:616,57,0,0
BRDA:616,57,1,0
BRDA:624,58,0,0
BRDA:624,58,1,0
BRDA:635,59,0,0
BRDA:635,59,1,0
BRDA:635,60,0,0
BRDA:635,60,1,0
BRDA:644,61,0,0
BRDA:644,61,1,0
BRDA:646,62,0,0
BRDA:646,62,1,0
BRDA:647,63,0,0
BRDA:647,63,1,0
BRDA:659,64,0,0
BRDA:659,64,1,0
BRDA:666,65,0,0
BRDA:666,65,1,0
BRDA:669,66,0,0
BRDA:669,66,1,0
BRDA:710,67,0,0
BRDA:710,67,1,0
BRDA:716,68,0,0
BRDA:716,68,1,0
BRDA:716,69,0,0
BRDA:716,69,1,0
BRDA:721,70,0,0
BRDA:721,70,1,0
BRDA:722,71,0,0
BRDA:722,71,1,0
BRDA:742,72,0,0
BRDA:742,72,1,0
BRDA:767,73,0,0
BRDA:767,73,1,0
BRDA:771,74,0,0
BRDA:771,74,1,0
BRDA:771,75,0,0
BRDA:771,75,1,0
BRDA:786,76,0,0
BRDA:786,76,1,0
BRDA:797,77,0,0
BRDA:797,77,1,0
BRDA:807,78,0,0
BRDA:807,78,1,0
BRDA:808,79,0,0
BRDA:808,79,1,0
BRDA:815,80,0,0
BRDA:815,80,1,0
BRDA:816,81,0,0
BRDA:816,81,1,0
BRF:164
BRH:0
end_of_record
TN:
SF:modules/overview.js
FN:12,init
FN:73,calculateSemester
FN:97,loadDashboardData
FN:139,renderGridMenu
FN:148,(anonymous_4)
FN:150,(anonymous_5)
FN:153,(anonymous_6)
FN:208,(anonymous_7)
FN:236,(anonymous_8)
FN:242,(anonymous_9)
FNF:10
FNH:0
FNDA:0,init
FNDA:0,calculateSemester
FNDA:0,loadDashboardData
FNDA:0,renderGridMenu
FNDA:0,(anonymous_4)
FNDA:0,(anonymous_5)
FNDA:0,(anonymous_6)
FNDA:0,(anonymous_7)
FNDA:0,(anonymous_8)
FNDA:0,(anonymous_9)
DA:10,0
DA:14,0
DA:68,0
DA:69,0
DA:74,0
DA:75,0
DA:76,0
DA:79,0
DA:80,0
DA:81,0
DA:83,0
DA:84,0
DA:88,0
DA:89,0
DA:92,0
DA:93,0
DA:98,0
DA:100,0
DA:101,0
DA:104,0
DA:110,0
DA:111,0
DA:114,0
DA:125,0
DA:126,0
DA:127,0
DA:130,0
DA:133,0
DA:134,0
DA:140,0
DA:141,0
DA:143,0
DA:144,0
DA:145,0
DA:148,0
DA:150,0
DA:153,0
DA:155,0
DA:156,0
DA:157,0
DA:160,0
DA:162,0
DA:164,0
DA:168,0
DA:169,0
DA:170,0
DA:171,0
DA:174,0
DA:177,0
DA:178,0
DA:182,0
DA:186,0
DA:190,0
DA:191,0
DA:193,0
DA:194,0
DA:195,0
DA:196,0
DA:197,0
DA:198,0
DA:202,0
DA:208,0
DA:227,0
DA:228,0
DA:232,0
DA:236,0
DA:237,0
DA:238,0
DA:241,0
DA:242,0
DA:243,0
DA:244,0
DA:246,0
LF:73
LH:0
BRDA:79,0,0,0
BRDA:79,0,1,0
BRDA:79,1,0,0
BRDA:79,1,1,0
BRDA:89,2,0,0
BRDA:89,2,1,0
BRDA:101,3,0,0
BRDA:101,3,1,0
BRDA:110,4,0,0
BRDA:110,4,1,0
BRDA:111,5,0,0
BRDA:111,5,1,0
BRDA:125,6,0,0
BRDA:125,6,1,0
BRDA:125,7,0,0
BRDA:125,7,1,0
BRDA:126,8,0,0
BRDA:126,8,1,0
BRDA:126,9,0,0
BRDA:126,9,1,0
BRDA:127,10,0,0
BRDA:127,10,1,0
BRDA:127,11,0,0
BRDA:127,11,1,0
BRDA:130,12,0,0
BRDA:130,12,1,0
BRDA:130,13,0,0
BRDA:130,13,1,0
BRDA:143,14,0,0
BRDA:143,14,1,0
BRDA:157,15,0,0
BRDA:157,15,1,0
BRDA:162,16,0,0
BRDA:162,16,1,0
BRDA:162,17,0,0
BRDA:162,17,1,0
BRDA:164,18,0,0
BRDA:164,18,1,0
BRDA:168,19,0,0
BRDA:168,19,1,0
BRDA:171,20,0,0
BRDA:171,20,1,0
BRDA:177,21,0,0
BRDA:177,21,1,0
BRDA:177,22,0,0
BRDA:177,22,1,0
BRDA:178,23,0,0
BRDA:178,23,1,0
BRDA:186,24,0,0
BRDA:186,24,1,0
BRDA:193,25,0,0
BRDA:193,25,1,0
BRDA:195,26,0,0
BRDA:195,26,1,0
BRDA:197,27,0,0
BRDA:197,27,1,0
BRDA:216,28,0,0
BRDA:216,28,1,0
BRDA:237,29,0,0
BRDA:237,29,1,0
BRDA:244,30,0,0
BRDA:244,30,1,0
BRF:62
BRH:0
end_of_record
TN:
SF:modules/registrasi-private.js
FN:20,init
FN:155,injectStyles
FN:217,setupLogic
FN:226,(anonymous_3)
FN:227,(anonymous_4)
FN:244,switchTab
FN:245,(anonymous_6)
FN:246,(anonymous_7)
FN:252,setupTableActions
FN:254,(anonymous_9)
FN:255,(anonymous_10)
FN:272,loadGroups
FN:280,(anonymous_12)
FN:296,(anonymous_13)
FN:299,handleSaveGroup
FN:318,editGroup
FN:331,deleteGroup
FN:337,resetGroupForm
FN:348,loadLevelsDropdown
FN:351,(anonymous_19)
FN:354,loadClasses
FN:363,(anonymous_21)
FN:379,(anonymous_22)
FN:382,handleSaveClass
FN:401,editClass
FN:415,deleteClass
FN:421,resetClassForm
FN:432,loadStudents
FN:441,(anonymous_28)
FN:454,handleSaveStudent
FN:472,editStudent
FN:485,deleteStudent
FN:491,resetStudentForm
FNF:33
FNH:0
FNDA:0,init
FNDA:0,injectStyles
FNDA:0,setupLogic
FNDA:0,(anonymous_3)
FNDA:0,(anonymous_4)
FNDA:0,switchTab
FNDA:0,(anonymous_6)
FNDA:0,(anonymous_7)
FNDA:0,setupTableActions
FNDA:0,(anonymous_9)
FNDA:0,(anonymous_10)
FNDA:0,loadGroups
FNDA:0,(anonymous_12)
FNDA:0,(anonymous_13)
FNDA:0,handleSaveGroup
FNDA:0,editGroup
FNDA:0,deleteGroup
FNDA:0,resetGroupForm
FNDA:0,loadLevelsDropdown
FNDA:0,(anonymous_19)
FNDA:0,loadClasses
FNDA:0,(anonymous_21)
FNDA:0,(anonymous_22)
FNDA:0,handleSaveClass
FNDA:0,editClass
FNDA:0,deleteClass
FNDA:0,resetClassForm
FNDA:0,loadStudents
FNDA:0,(anonymous_28)
FNDA:0,handleSaveStudent
FNDA:0,editStudent
FNDA:0,deleteStudent
FNDA:0,resetStudentForm
DA:9,0
DA:12,0
DA:13,0
DA:14,0
DA:22,0
DA:25,0
DA:149,0
DA:156,0
DA:157,0
DA:159,0
DA:160,0
DA:161,0
DA:210,0
DA:219,0
DA:220,0
DA:221,0
DA:222,0
DA:225,0
DA:226,0
DA:227,0
DA:231,0
DA:232,0
DA:233,0
DA:236,0
DA:237,0
DA:238,0
DA:241,0
DA:245,0
DA:246,0
DA:248,0
DA:249,0
DA:254,0
DA:255,0
DA:256,0
DA:257,0
DA:258,0
DA:259,0
DA:263,0
DA:264,0
DA:265,0
DA:273,0
DA:276,0
DA:277,0
DA:278,0
DA:280,0
DA:294,0
DA:295,0
DA:296,0
DA:300,0
DA:301,0
DA:307,0
DA:311,0
DA:312,0
DA:313,0
DA:314,0
DA:315,0
DA:319,0
DA:320,0
DA:321,0
DA:322,0
DA:323,0
DA:324,0
DA:325,0
DA:326,0
DA:327,0
DA:332,0
DA:333,0
DA:334,0
DA:338,0
DA:339,0
DA:340,0
DA:341,0
DA:349,0
DA:350,0
DA:351,0
DA:355,0
DA:359,0
DA:360,0
DA:361,0
DA:363,0
DA:377,0
DA:378,0
DA:379,0
DA:383,0
DA:384,0
DA:390,0
DA:394,0
DA:395,0
DA:396,0
DA:397,0
DA:398,0
DA:402,0
DA:403,0
DA:404,0
DA:405,0
DA:406,0
DA:407,0
DA:408,0
DA:409,0
DA:410,0
DA:411,0
DA:416,0
DA:417,0
DA:418,0
DA:422,0
DA:423,0
DA:424,0
DA:425,0
DA:433,0
DA:437,0
DA:438,0
DA:439,0
DA:441,0
DA:455,0
DA:456,0
DA:461,0
DA:465,0
DA:466,0
DA:467,0
DA:468,0
DA:469,0
DA:473,0
DA:474,0
DA:475,0
DA:476,0
DA:477,0
DA:478,0
DA:479,0
DA:480,0
DA:481,0
DA:486,0
DA:487,0
DA:488,0
DA:492,0
DA:493,0
DA:494,0
DA:495,0
LF:137
LH:0
BRDA:157,0,0,0
BRDA:157,0,1,0
BRDA:258,1,0,0
BRDA:258,1,1,0
BRDA:259,2,0,0
BRDA:259,2,1,0
BRDA:277,3,0,0
BRDA:277,3,1,0
BRDA:277,4,0,0
BRDA:277,4,1,0
BRDA:284,5,0,0
BRDA:284,5,1,0
BRDA:307,6,0,0
BRDA:307,6,1,0
BRDA:311,7,0,0
BRDA:311,7,1,0
BRDA:320,8,0,0
BRDA:320,8,1,0
BRDA:323,9,0,0
BRDA:323,9,1,0
BRDA:332,10,0,0
BRDA:332,10,1,0
BRDA:334,11,0,0
BRDA:334,11,1,0
BRDA:360,12,0,0
BRDA:360,12,1,0
BRDA:360,13,0,0
BRDA:360,13,1,0
BRDA:366,14,0,0
BRDA:366,14,1,0
BRDA:367,15,0,0
BRDA:367,15,1,0
BRDA:379,16,0,0
BRDA:379,16,1,0
BRDA:390,17,0,0
BRDA:390,17,1,0
BRDA:394,18,0,0
BRDA:394,18,1,0
BRDA:403,19,0,0
BRDA:403,19,1,0
BRDA:416,20,0,0
BRDA:416,20,1,0
BRDA:418,21,0,0
BRDA:418,21,1,0
BRDA:438,22,0,0
BRDA:438,22,1,0
BRDA:438,23,0,0
BRDA:438,23,1,0
BRDA:444,24,0,0
BRDA:444,24,1,0
BRDA:461,25,0,0
BRDA:461,25,1,0
BRDA:465,26,0,0
BRDA:465,26,1,0
BRDA:474,27,0,0
BRDA:474,27,1,0
BRDA:486,28,0,0
BRDA:486,28,1,0
BRDA:488,29,0,0
BRDA:488,29,1,0
BRF:60
BRH:0
end_of_record
TN:
SF:modules/registrasi-sekolah.js
FN:20,init
FN:107,setupEvents
FN:109,(anonymous_2)
FN:110,(anonymous_3)
FN:111,(anonymous_4)
FN:117,(anonymous_5)
FN:118,(anonymous_6)
FN:121,(anonymous_7)
FN:138,switchTab
FN:139,(anonymous_9)
FN:145,loadSchools
FN:148,(anonymous_11)
FN:151,loadClasses
FN:158,(anonymous_13)
FN:161,loadStudentsList
FN:180,(anonymous_15)
FN:206,handleSaveStudents
FN:215,(anonymous_17)
FN:245,(anonymous_18)
FN:253,(anonymous_19)
FN:262,resetStudentForm
FN:279,(anonymous_21)
FN:285,confirmDelete
FN:297,injectStyles
FNF:24
FNH:0
FNDA:0,init
FNDA:0,setupEvents
FNDA:0,(anonymous_2)
FNDA:0,(anonymous_3)
FNDA:0,(anonymous_4)
FNDA:0,(anonymous_5)
FNDA:0,(anonymous_6)
FNDA:0,(anonymous_7)
FNDA:0,switchTab
FNDA:0,(anonymous_9)
FNDA:0,loadSchools
FNDA:0,(anonymous_11)
FNDA:0,loadClasses
FNDA:0,(anonymous_13)
FNDA:0,loadStudentsList
FNDA:0,(anonymous_15)
FNDA:0,handleSaveStudents
FNDA:0,(anonymous_17)
FNDA:0,(anonymous_18)
FNDA:0,(anonymous_19)
FNDA:0,resetStudentForm
FNDA:0,(anonymous_21)
FNDA:0,confirmDelete
FNDA:0,injectStyles
DA:9,0
DA:12,0
DA:13,0
DA:14,0
DA:21,0
DA:23,0
DA:99,0
DA:100,0
DA:109,0
DA:110,0
DA:111,0
DA:114,0
DA:115,0
DA:117,0
DA:118,0
DA:121,0
DA:122,0
DA:123,0
DA:124,0
DA:129,0
DA:133,0
DA:134,0
DA:139,0
DA:140,0
DA:141,0
DA:146,0
DA:147,0
DA:148,0
DA:152,0
DA:153,0
DA:154,0
DA:155,0
DA:157,0
DA:158,0
DA:162,0
DA:163,0
DA:165,0
DA:167,0
DA:173,0
DA:175,0
DA:180,0
DA:207,0
DA:208,0
DA:210,0
DA:212,0
DA:213,0
DA:215,0
DA:216,0
DA:217,0
DA:218,0
DA:221,0
DA:223,0
DA:224,0
DA:225,0
DA:227,0
DA:228,0
DA:229,0
DA:231,0
DA:233,0
DA:234,0
DA:235,0
DA:237,0
DA:239,0
DA:240,0
DA:245,0
DA:246,0
DA:247,0
DA:248,0
DA:249,0
DA:253,0
DA:254,0
DA:255,0
DA:256,0
DA:257,0
DA:258,0
DA:259,0
DA:263,0
DA:264,0
DA:265,0
DA:266,0
DA:279,0
DA:280,0
DA:281,0
DA:282,0
DA:286,0
DA:287,0
DA:288,0
DA:289,0
DA:298,0
DA:299,0
DA:301,0
DA:302,0
DA:303,0
DA:356,0
LF:94
LH:0
BRDA:148,0,0,0
BRDA:148,0,1,0
BRDA:155,1,0,0
BRDA:155,1,1,0
BRDA:158,2,0,0
BRDA:158,2,1,0
BRDA:163,3,0,0
BRDA:163,3,1,0
BRDA:173,4,0,0
BRDA:173,4,1,0
BRDA:183,5,0,0
BRDA:183,5,1,0
BRDA:186,6,0,0
BRDA:186,6,1,0
BRDA:210,7,0,0
BRDA:210,7,1,0
BRDA:210,8,0,0
BRDA:210,8,1,0
BRDA:218,9,0,0
BRDA:218,9,1,0
BRDA:221,10,0,0
BRDA:221,10,1,0
BRDA:228,11,0,0
BRDA:228,11,1,0
BRDA:247,12,0,0
BRDA:247,12,1,0
BRDA:287,13,0,0
BRDA:287,13,1,0
BRDA:299,14,0,0
BRDA:299,14,1,0
BRF:30
BRH:0
end_of_record
TN:
SF:modules/rekap-absensi.js
FN:15,init
FN:99,injectStyles
FN:142,getActiveSemesterLabel
FN:159,isiDropdownTahunAjaran
FN:167,(anonymous_4)
FN:175,isiDropdownSemester
FN:183,(anonymous_6)
FN:193,isiDropdownKelas
FN:202,(anonymous_8)
FN:210,handleLoadRekap
FN:233,isiDropdownPertemuan
FN:241,(anonymous_11)
FN:252,formatTanggal
FN:257,ikonAbsensi
FN:262,ikonSikap
FN:267,loadRekapAbsensi
FN:278,(anonymous_16)
FN:279,(anonymous_17)
FN:286,(anonymous_18)
FN:290,(anonymous_19)
FN:298,(anonymous_20)
FN:301,(anonymous_21)
FN:303,(anonymous_22)
FN:311,loadRekapPembelajaran
FN:321,(anonymous_24)
FN:322,(anonymous_25)
FN:326,(anonymous_26)
FN:329,(anonymous_27)
FN:336,(anonymous_28)
FN:339,(anonymous_29)
FN:341,(anonymous_30)
FN:353,showSection
FN:354,(anonymous_32)
FN:360,updateActiveBtn
FN:361,(anonymous_34)
FN:365,setupEvents
FN:373,(anonymous_36)
FN:377,(anonymous_37)
FN:379,(anonymous_38)
FNF:39
FNH:0
FNDA:0,init
FNDA:0,injectStyles
FNDA:0,getActiveSemesterLabel
FNDA:0,isiDropdownTahunAjaran
FNDA:0,(anonymous_4)
FNDA:0,isiDropdownSemester
FNDA:0,(anonymous_6)
FNDA:0,isiDropdownKelas
FNDA:0,(anonymous_8)
FNDA:0,handleLoadRekap
FNDA:0,isiDropdownPertemuan
FNDA:0,(anonymous_11)
FNDA:0,formatTanggal
FNDA:0,ikonAbsensi
FNDA:0,ikonSikap
FNDA:0,loadRekapAbsensi
FNDA:0,(anonymous_16)
FNDA:0,(anonymous_17)
FNDA:0,(anonymous_18)
FNDA:0,(anonymous_19)
FNDA:0,(anonymous_20)
FNDA:0,(anonymous_21)
FNDA:0,(anonymous_22)
FNDA:0,loadRekapPembelajaran
FNDA:0,(anonymous_24)
FNDA:0,(anonymous_25)
FNDA:0,(anonymous_26)
FNDA:0,(anonymous_27)
FNDA:0,(anonymous_28)
FNDA:0,(anonymous_29)
FNDA:0,(anonymous_30)
FNDA:0,showSection
FNDA:0,(anonymous_32)
FNDA:0,updateActiveBtn
FNDA:0,(anonymous_34)
FNDA:0,setupEvents
FNDA:0,(anonymous_36)
FNDA:0,(anonymous_37)
FNDA:0,(anonymous_38)
DA:9,0
DA:17,0
DA:20,0
DA:92,0
DA:93,0
DA:100,0
DA:101,0
DA:103,0
DA:104,0
DA:105,0
DA:135,0
DA:143,0
DA:144,0
DA:145,0
DA:148,0
DA:149,0
DA:150,0
DA:152,0
DA:153,0
DA:155,0
DA:160,0
DA:161,0
DA:163,0
DA:165,0
DA:166,0
DA:167,0
DA:168,0
DA:169,0
DA:170,0
DA:172,0
DA:176,0
DA:177,0
DA:179,0
DA:181,0
DA:182,0
DA:183,0
DA:185,0
DA:186,0
DA:187,0
DA:188,0
DA:190,0
DA:194,0
DA:195,0
DA:196,0
DA:198,0
DA:200,0
DA:201,0
DA:202,0
DA:203,0
DA:204,0
DA:211,0
DA:212,0
DA:215,0
DA:217,0
DA:218,0
DA:219,0
DA:220,0
DA:221,0
DA:222,0
DA:224,0
DA:225,0
DA:226,0
DA:229,0
DA:230,0
DA:234,0
DA:236,0
DA:237,0
DA:238,0
DA:240,0
DA:241,0
DA:242,0
DA:243,0
DA:244,0
DA:246,0
DA:247,0
DA:253,0
DA:254,0
DA:258,0
DA:259,0
DA:263,0
DA:264,0
DA:268,0
DA:269,0
DA:271,0
DA:272,0
DA:273,0
DA:274,0
DA:277,0
DA:278,0
DA:279,0
DA:280,0
DA:283,0
DA:286,0
DA:289,0
DA:290,0
DA:291,0
DA:292,0
DA:296,0
DA:297,0
DA:298,0
DA:299,0
DA:301,0
DA:302,0
DA:303,0
DA:304,0
DA:306,0
DA:308,0
DA:312,0
DA:313,0
DA:316,0
DA:317,0
DA:318,0
DA:320,0
DA:321,0
DA:322,0
DA:323,0
DA:325,0
DA:326,0
DA:328,0
DA:329,0
DA:330,0
DA:331,0
DA:334,0
DA:335,0
DA:336,0
DA:337,0
DA:339,0
DA:340,0
DA:341,0
DA:342,0
DA:344,0
DA:345,0
DA:347,0
DA:349,0
DA:354,0
DA:355,0
DA:356,0
DA:361,0
DA:362,0
DA:366,0
DA:367,0
DA:368,0
DA:370,0
DA:371,0
DA:373,0
DA:374,0
DA:377,0
DA:379,0
DA:380,0
DA:381,0
DA:383,0
DA:385,0
DA:386,0
DA:387,0
DA:388,0
LF:155
LH:0
BRDA:101,0,0,0
BRDA:101,0,1,0
BRDA:148,1,0,0
BRDA:148,1,1,0
BRDA:148,2,0,0
BRDA:148,2,1,0
BRDA:163,3,0,0
BRDA:163,3,1,0
BRDA:169,4,0,0
BRDA:169,4,1,0
BRDA:187,5,0,0
BRDA:187,5,1,0
BRDA:201,6,0,0
BRDA:201,6,1,0
BRDA:203,7,0,0
BRDA:203,7,1,0
BRDA:212,8,0,0
BRDA:212,8,1,0
BRDA:217,9,0,0
BRDA:217,9,1,0
BRDA:218,10,0,0
BRDA:218,10,1,0
BRDA:222,11,0,0
BRDA:222,11,1,0
BRDA:240,12,0,0
BRDA:240,12,1,0
BRDA:240,13,0,0
BRDA:240,13,1,0
BRDA:259,14,0,0
BRDA:259,14,1,0
BRDA:264,15,0,0
BRDA:264,15,1,0
BRDA:274,16,0,0
BRDA:274,16,1,0
BRDA:274,17,0,0
BRDA:274,17,1,0
BRDA:291,18,0,0
BRDA:291,18,1,0
BRDA:302,19,0,0
BRDA:302,19,1,0
BRDA:330,20,0,0
BRDA:330,20,1,0
BRDA:344,21,0,0
BRDA:344,21,1,0
BRDA:356,22,0,0
BRDA:356,22,1,0
BRDA:356,23,0,0
BRDA:356,23,1,0
BRDA:374,24,0,0
BRDA:374,24,1,0
BRDA:381,25,0,0
BRDA:381,25,1,0
BRDA:383,26,0,0
BRDA:383,26,1,0
BRF:54
BRH:0
end_of_record
TN:
SF:modules/user-management.js
FN:47,init
FN:323,injectStyles
FN:521,setupLogic
FN:607,setupEvents
FN:613,(anonymous_4)
FN:617,(anonymous_5)
FN:651,switchTab
FN:653,(anonymous_7)
FN:655,(anonymous_8)
FN:691,fetchLevels
FN:701,fetchUsers
FN:721,(anonymous_11)
FN:747,formatScopeText
FN:749,(anonymous_13)
FN:781,renderRegTable
FN:789,(anonymous_15)
FN:813,(anonymous_16)
FN:881,renderScopeTable
FN:885,(anonymous_18)
FN:893,(anonymous_19)
FN:921,renderTeacherTable
FN:925,(anonymous_21)
FN:933,(anonymous_22)
FN:967,saveUser
FN:1041,deleteUser
FN:1071,handleUserTableClick
FN:1083,(anonymous_26)
FN:1123,resetForm
FN:1155,closeModal
FN:1165,handleScopeTableClick
FN:1179,openScopeModal
FN:1181,(anonymous_31)
FN:1249,(anonymous_32)
FN:1251,(anonymous_33)
FN:1259,handleScopeTypeChange
FN:1269,(anonymous_35)
FN:1275,(anonymous_36)
FN:1283,handleScopeIndukChange
FN:1305,(anonymous_38)
FN:1311,saveScope
FN:1361,handleTeacherTableClick
FN:1375,openLevelModal
FN:1377,(anonymous_42)
FN:1397,(anonymous_43)
FN:1421,(anonymous_44)
FN:1427,saveLevel
FN:1449,showToast
FN:1461,(anonymous_47)
FNF:48
FNH:24
FNDA:53,init
FNDA:53,injectStyles
FNDA:53,setupLogic
FNDA:51,setupEvents
FNDA:153,(anonymous_4)
FNDA:7,(anonymous_5)
FNDA:7,switchTab
FNDA:21,(anonymous_7)
FNDA:21,(anonymous_8)
FNDA:51,fetchLevels
FNDA:57,fetchUsers
FNDA:0,(anonymous_11)
FNDA:0,formatScopeText
FNDA:0,(anonymous_13)
FNDA:59,renderRegTable
FNDA:0,(anonymous_15)
FNDA:0,(anonymous_16)
FNDA:57,renderScopeTable
FNDA:0,(anonymous_18)
FNDA:0,(anonymous_19)
FNDA:9,renderTeacherTable
FNDA:0,(anonymous_21)
FNDA:0,(anonymous_22)
FNDA:9,saveUser
FNDA:2,deleteUser
FNDA:3,handleUserTableClick
FNDA:0,(anonymous_26)
FNDA:6,resetForm
FNDA:1,closeModal
FNDA:1,handleScopeTableClick
FNDA:1,openScopeModal
FNDA:0,(anonymous_31)
FNDA:0,(anonymous_32)
FNDA:0,(anonymous_33)
FNDA:0,handleScopeTypeChange
FNDA:0,(anonymous_35)
FNDA:0,(anonymous_36)
FNDA:0,handleScopeIndukChange
FNDA:0,(anonymous_38)
FNDA:0,saveScope
FNDA:1,handleTeacherTableClick
FNDA:1,openLevelModal
FNDA:0,(anonymous_42)
FNDA:0,(anonymous_43)
FNDA:0,(anonymous_44)
FNDA:0,saveLevel
FNDA:11,showToast
FNDA:0,(anonymous_47)
DA:17,52
DA:23,52
DA:29,52
DA:31,52
DA:33,52
DA:35,52
DA:51,53
DA:57,53
DA:311,53
DA:325,53
DA:327,53
DA:331,1
DA:333,1
DA:335,1
DA:507,1
DA:525,53
DA:527,53
DA:533,53
DA:535,53
DA:541,53
DA:543,2
DA:555,2
DA:563,51
DA:565,42
DA:567,42
DA:569,42
DA:573,42
DA:575,168
DA:577,42
DA:579,42
DA:593,51
DA:595,51
DA:601,51
DA:611,51
DA:613,51
DA:615,153
DA:617,153
DA:625,51
DA:627,51
DA:629,51
DA:635,51
DA:637,51
DA:639,51
DA:645,51
DA:653,21
DA:655,21
DA:659,7
DA:661,7
DA:663,7
DA:665,7
DA:669,7
DA:671,7
DA:675,7
DA:677,7
DA:693,51
DA:695,51
DA:703,57
DA:717,57
DA:721,57
DA:737,57
DA:739,57
DA:741,57
DA:749,0
DA:751,0
DA:753,0
DA:755,0
DA:757,0
DA:759,0
DA:761,0
DA:763,0
DA:767,0
DA:783,59
DA:785,59
DA:789,59
DA:793,0
DA:797,0
DA:803,59
DA:805,59
DA:807,59
DA:813,0
DA:815,0
DA:817,0
DA:819,0
DA:839,0
DA:849,0
DA:851,0
DA:855,0
DA:883,57
DA:885,57
DA:889,57
DA:893,0
DA:923,9
DA:925,9
DA:929,9
DA:933,0
DA:969,9
DA:971,9
DA:973,9
DA:975,9
DA:977,9
DA:981,9
DA:985,7
DA:987,7
DA:989,7
DA:991,7
DA:995,7
DA:997,7
DA:1009,6
DA:1011,5
DA:1013,5
DA:1015,5
DA:1019,1
DA:1021,1
DA:1027,1
DA:1031,7
DA:1033,7
DA:1043,2
DA:1047,1
DA:1049,1
DA:1051,1
DA:1061,1
DA:1063,0
DA:1065,0
DA:1073,3
DA:1075,3
DA:1077,3
DA:1081,3
DA:1083,1
DA:1085,1
DA:1087,0
DA:1089,0
DA:1091,0
DA:1093,0
DA:1095,0
DA:1099,0
DA:1101,0
DA:1107,0
DA:1113,3
DA:1115,2
DA:1125,6
DA:1127,6
DA:1129,6
DA:1131,6
DA:1133,6
DA:1135,6
DA:1139,6
DA:1141,6
DA:1157,1
DA:1167,1
DA:1169,1
DA:1171,1
DA:1181,1
DA:1183,1
DA:1187,0
DA:1193,0
DA:1235,0
DA:1243,0
DA:1249,0
DA:1251,0
DA:1253,0
DA:1261,0
DA:1263,0
DA:1265,0
DA:1267,0
DA:1269,0
DA:1271,0
DA:1273,0
DA:1275,0
DA:1285,0
DA:1287,0
DA:1289,0
DA:1291,0
DA:1295,0
DA:1297,0
DA:1299,0
DA:1303,0
DA:1305,0
DA:1313,0
DA:1315,0
DA:1317,0
DA:1319,0
DA:1321,0
DA:1325,0
DA:1327,0
DA:1331,0
DA:1333,0
DA:1351,0
DA:1353,0
DA:1363,1
DA:1365,1
DA:1367,1
DA:1377,1
DA:1379,1
DA:1383,0
DA:1387,0
DA:1397,0
DA:1411,0
DA:1419,0
DA:1421,0
DA:1429,0
DA:1431,0
DA:1435,0
DA:1437,0
DA:1441,0
DA:1443,0
DA:1451,11
DA:1453,11
DA:1455,11
DA:1457,11
DA:1459,11
DA:1461,11
LF:211
LH:133
BRDA:327,0,0,52
BRDA:327,0,1,1
BRDA:527,1,0,53
BRDA:527,1,1,0
BRDA:535,2,0,53
BRDA:535,2,1,0
BRDA:541,3,0,2
BRDA:541,3,1,51
BRDA:541,4,0,53
BRDA:541,4,1,44
BRDA:541,4,2,43
BRDA:563,5,0,42
BRDA:563,5,1,9
BRDA:569,6,0,42
BRDA:569,6,1,0
BRDA:575,7,0,42
BRDA:575,7,1,126
BRDA:617,8,0,153
BRDA:617,8,1,0
BRDA:661,9,0,1
BRDA:661,9,1,6
BRDA:663,10,0,4
BRDA:663,10,1,3
BRDA:665,11,0,2
BRDA:665,11,1,5
BRDA:671,12,0,7
BRDA:671,12,1,0
BRDA:677,13,0,7
BRDA:677,13,1,0
BRDA:695,14,0,51
BRDA:695,14,1,0
BRDA:717,15,0,0
BRDA:717,15,1,57
BRDA:725,16,0,0
BRDA:725,16,1,0
BRDA:727,17,0,0
BRDA:727,17,1,0
BRDA:731,18,0,0
BRDA:731,18,1,0
BRDA:731,19,0,0
BRDA:731,19,1,0
BRDA:741,20,0,9
BRDA:741,20,1,48
BRDA:749,21,0,0
BRDA:749,21,1,0
BRDA:751,22,0,0
BRDA:751,22,1,0
BRDA:753,23,0,0
BRDA:753,23,1,0
BRDA:753,23,2,0
BRDA:757,24,0,0
BRDA:757,24,1,0
BRDA:759,25,0,0
BRDA:759,25,1,0
BRDA:761,26,0,0
BRDA:761,26,1,0
BRDA:761,26,2,0
BRDA:763,27,0,0
BRDA:763,27,1,0
BRDA:793,28,0,0
BRDA:793,28,1,0
BRDA:793,29,0,0
BRDA:793,29,1,0
BRDA:797,30,0,0
BRDA:797,30,1,0
BRDA:803,31,0,59
BRDA:803,31,1,0
BRDA:817,32,0,0
BRDA:817,32,1,0
BRDA:849,33,0,0
BRDA:849,33,1,0
BRDA:851,34,0,0
BRDA:851,34,1,0
BRDA:861,35,0,0
BRDA:861,35,1,0
BRDA:863,36,0,0
BRDA:863,36,1,0
BRDA:885,37,0,0
BRDA:885,37,1,0
BRDA:889,38,0,57
BRDA:889,38,1,0
BRDA:897,39,0,0
BRDA:897,39,1,0
BRDA:929,40,0,9
BRDA:929,40,1,0
BRDA:937,41,0,0
BRDA:937,41,1,0
BRDA:981,42,0,2
BRDA:981,42,1,7
BRDA:981,43,0,9
BRDA:981,43,1,8
BRDA:981,43,2,7
BRDA:981,43,3,7
BRDA:1003,44,0,1
BRDA:1003,44,1,6
BRDA:1009,45,0,5
BRDA:1009,45,1,1
BRDA:1043,46,0,1
BRDA:1043,46,1,1
BRDA:1061,47,0,1
BRDA:1061,47,1,0
BRDA:1075,48,0,0
BRDA:1075,48,1,3
BRDA:1081,49,0,1
BRDA:1081,49,1,2
BRDA:1085,50,0,0
BRDA:1085,50,1,1
BRDA:1089,51,0,0
BRDA:1089,51,1,0
BRDA:1113,52,0,2
BRDA:1113,52,1,1
BRDA:1169,53,0,1
BRDA:1169,53,1,0
BRDA:1169,54,0,1
BRDA:1169,54,1,1
BRDA:1183,55,0,1
BRDA:1183,55,1,0
BRDA:1187,56,0,0
BRDA:1187,56,1,0
BRDA:1223,57,0,0
BRDA:1223,57,1,0
BRDA:1265,58,0,0
BRDA:1265,58,1,0
BRDA:1271,59,0,0
BRDA:1271,59,1,0
BRDA:1291,60,0,0
BRDA:1291,60,1,0
BRDA:1291,61,0,0
BRDA:1291,61,1,0
BRDA:1297,62,0,0
BRDA:1297,62,1,0
BRDA:1299,63,0,0
BRDA:1299,63,1,0
BRDA:1325,64,0,0
BRDA:1325,64,1,0
BRDA:1325,65,0,0
BRDA:1325,65,1,0
BRDA:1325,65,2,0
BRDA:1327,66,0,0
BRDA:1327,66,1,0
BRDA:1327,67,0,0
BRDA:1327,67,1,0
BRDA:1339,68,0,0
BRDA:1339,68,1,0
BRDA:1341,69,0,0
BRDA:1341,69,1,0
BRDA:1341,70,0,0
BRDA:1341,70,1,0
BRDA:1343,71,0,0
BRDA:1343,71,1,0
BRDA:1345,72,0,0
BRDA:1345,72,1,0
BRDA:1345,73,0,0
BRDA:1345,73,1,0
BRDA:1353,74,0,0
BRDA:1353,74,1,0
BRDA:1365,75,0,1
BRDA:1365,75,1,0
BRDA:1365,76,0,1
BRDA:1365,76,1,1
BRDA:1379,77,0,1
BRDA:1379,77,1,0
BRDA:1383,78,0,0
BRDA:1383,78,1,0
BRDA:1399,79,0,0
BRDA:1399,79,1,0
BRDA:1431,80,0,0
BRDA:1431,80,1,0
BRDA:1441,81,0,0
BRDA:1441,81,1,0
BRDA:1449,82,0,7
BRDA:1453,83,0,0
BRDA:1453,83,1,11
BRDA:1455,84,0,4
BRDA:1455,84,1,7
BRDA:1457,85,0,4
BRDA:1457,85,1,7
BRF:177
BRH:63
end_of_record